TRACE::2021-05-08.15:46:18::SCWPlatform::Trying to open the hw design at C:/Users/pedra/Documents/CR/labs/vitis_workspace/mb_basePlatform/hw/mb_basePlatform.xsa
TRACE::2021-05-08.15:46:18::SCWPlatform::DSA given C:/Users/pedra/Documents/CR/labs/vitis_workspace/mb_basePlatform/hw/mb_basePlatform.xsa
TRACE::2021-05-08.15:46:18::SCWPlatform::DSA absoulate path C:/Users/pedra/Documents/CR/labs/vitis_workspace/mb_basePlatform/hw/mb_basePlatform.xsa
TRACE::2021-05-08.15:46:21::SCWPlatform::DSA directory C:/Users/pedra/Documents/CR/labs/vitis_workspace/mb_basePlatform/hw
TRACE::2021-05-08.15:46:21::SCWPlatform:: Platform Path C:/Users/pedra/Documents/CR/labs/vitis_workspace/mb_basePlatform/hw/mb_basePlatform.xsa
TRACE::2021-05-08.15:46:21::SCWPlatform:: Unique name xilinx:nexys4::0.0
TRACE::2021-05-08.15:46:21::SCWPlatform::Do not have an existing db opened. 
TRACE::2021-05-08.15:46:21::SCWPlatform::Opened new HwDB with name mb_design_wrapper_0
TRACE::2021-05-08.15:46:21::SCWWriter::formatted JSON is {
	"platformName":	"mb_basePlatform",
	"sprVersion":	"2.0",
	"mode":	"gui",
	"dsaType":	"Fixed",
	"platformDesc":	"mb_basePlatform",
	"platHandOff":	"C:/Users/pedra/Documents/CR/labs/aula5/mcicroblaza/mb_basePlatform.xsa",
	"platIntHandOff":	"<platformDir>/hw/mb_basePlatform.xsa",
	"deviceType":	"FPGA",
	"platIsPrebuiltAutogen":	"false",
	"platIsNoBootBsp":	"false",
	"hasFsblMakeHasChanges":	"false",
	"hasPmufwMakeHasChanges":	"false",
	"platPreBuiltFlag":	false,
	"platformSamplesDir":	""
}
TRACE::2021-05-08.15:46:21::SCWWriter::formatted JSON is {
	"platformName":	"mb_basePlatform",
	"sprVersion":	"2.0",
	"mode":	"gui",
	"dsaType":	"Fixed",
	"platformDesc":	"mb_basePlatform",
	"platHandOff":	"C:/Users/pedra/Documents/CR/labs/aula5/mcicroblaza/mb_basePlatform.xsa",
	"platIntHandOff":	"<platformDir>/hw/mb_basePlatform.xsa",
	"deviceType":	"FPGA",
	"platIsPrebuiltAutogen":	"false",
	"platIsNoBootBsp":	"false",
	"hasFsblMakeHasChanges":	"false",
	"hasPmufwMakeHasChanges":	"false",
	"platPreBuiltFlag":	false,
	"platformSamplesDir":	"",
	"platActiveSys":	"mb_basePlatform",
	"systems":	[{
			"systemName":	"mb_basePlatform",
			"systemDesc":	"mb_basePlatform",
			"sysIsBootAutoGen":	"true",
			"systemDispName":	"mb_basePlatform"
		}]
}
TRACE::2021-05-08.15:46:21::SCWPlatform::Boot application domains not present, creating them
TRACE::2021-05-08.15:46:21::SCWPlatform::Pure FPGA device, no boot application will be created.
TRACE::2021-05-08.15:46:21::SCWWriter::formatted JSON is {
	"platformName":	"mb_basePlatform",
	"sprVersion":	"2.0",
	"mode":	"gui",
	"dsaType":	"Fixed",
	"platformDesc":	"mb_basePlatform",
	"platHandOff":	"C:/Users/pedra/Documents/CR/labs/aula5/mcicroblaza/mb_basePlatform.xsa",
	"platIntHandOff":	"<platformDir>/hw/mb_basePlatform.xsa",
	"deviceType":	"FPGA",
	"platIsPrebuiltAutogen":	"false",
	"platIsNoBootBsp":	"false",
	"hasFsblMakeHasChanges":	"false",
	"hasPmufwMakeHasChanges":	"false",
	"platPreBuiltFlag":	false,
	"platformSamplesDir":	"",
	"platActiveSys":	"mb_basePlatform",
	"systems":	[{
			"systemName":	"mb_basePlatform",
			"systemDesc":	"mb_basePlatform",
			"sysIsBootAutoGen":	"true",
			"systemDispName":	"mb_basePlatform"
		}]
}
TRACE::2021-05-08.15:46:21::SCWWriter::formatted JSON is {
	"platformName":	"mb_basePlatform",
	"sprVersion":	"2.0",
	"mode":	"gui",
	"dsaType":	"Fixed",
	"platformDesc":	"mb_basePlatform",
	"platHandOff":	"C:/Users/pedra/Documents/CR/labs/aula5/mcicroblaza/mb_basePlatform.xsa",
	"platIntHandOff":	"<platformDir>/hw/mb_basePlatform.xsa",
	"deviceType":	"FPGA",
	"platIsPrebuiltAutogen":	"false",
	"platIsNoBootBsp":	"false",
	"hasFsblMakeHasChanges":	"false",
	"hasPmufwMakeHasChanges":	"false",
	"platPreBuiltFlag":	false,
	"platformSamplesDir":	"",
	"platActiveSys":	"mb_basePlatform",
	"systems":	[{
			"systemName":	"mb_basePlatform",
			"systemDesc":	"mb_basePlatform",
			"sysIsBootAutoGen":	"true",
			"systemDispName":	"mb_basePlatform"
		}]
}
TRACE::2021-05-08.15:46:21::SCWPlatform::Trying to open the hw design at C:/Users/pedra/Documents/CR/labs/vitis_workspace/mb_basePlatform/hw/mb_basePlatform.xsa
TRACE::2021-05-08.15:46:21::SCWPlatform::DSA given C:/Users/pedra/Documents/CR/labs/vitis_workspace/mb_basePlatform/hw/mb_basePlatform.xsa
TRACE::2021-05-08.15:46:21::SCWPlatform::DSA absoulate path C:/Users/pedra/Documents/CR/labs/vitis_workspace/mb_basePlatform/hw/mb_basePlatform.xsa
TRACE::2021-05-08.15:46:21::SCWPlatform::DSA directory C:/Users/pedra/Documents/CR/labs/vitis_workspace/mb_basePlatform/hw
TRACE::2021-05-08.15:46:21::SCWPlatform:: Platform Path C:/Users/pedra/Documents/CR/labs/vitis_workspace/mb_basePlatform/hw/mb_basePlatform.xsa
TRACE::2021-05-08.15:46:21::SCWPlatform:: Unique name xilinx:nexys4::0.0
TRACE::2021-05-08.15:46:21::SCWPlatform::Trying to set the existing hwdb with name mb_design_wrapper_0
TRACE::2021-05-08.15:46:21::SCWPlatform::Opened existing hwdb mb_design_wrapper_0
TRACE::2021-05-08.15:46:21::SCWPlatform::Found the Hw Db part of the input DSA
TRACE::2021-05-08.15:46:21::SCWDomain::checking for install qemu data   : 
TRACE::2021-05-08.15:46:21::SCWPlatform::Trying to open the hw design at C:/Users/pedra/Documents/CR/labs/vitis_workspace/mb_basePlatform/hw/mb_basePlatform.xsa
TRACE::2021-05-08.15:46:21::SCWPlatform::DSA given C:/Users/pedra/Documents/CR/labs/vitis_workspace/mb_basePlatform/hw/mb_basePlatform.xsa
TRACE::2021-05-08.15:46:21::SCWPlatform::DSA absoulate path C:/Users/pedra/Documents/CR/labs/vitis_workspace/mb_basePlatform/hw/mb_basePlatform.xsa
TRACE::2021-05-08.15:46:21::SCWPlatform::DSA directory C:/Users/pedra/Documents/CR/labs/vitis_workspace/mb_basePlatform/hw
TRACE::2021-05-08.15:46:21::SCWPlatform:: Platform Path C:/Users/pedra/Documents/CR/labs/vitis_workspace/mb_basePlatform/hw/mb_basePlatform.xsa
TRACE::2021-05-08.15:46:21::SCWPlatform:: Unique name xilinx:nexys4::0.0
TRACE::2021-05-08.15:46:21::SCWPlatform::Trying to set the existing hwdb with name mb_design_wrapper_0
TRACE::2021-05-08.15:46:21::SCWPlatform::Opened existing hwdb mb_design_wrapper_0
TRACE::2021-05-08.15:46:21::SCWPlatform::Found the Hw Db part of the input DSA
TRACE::2021-05-08.15:46:21::SCWPlatform::Trying to open the hw design at C:/Users/pedra/Documents/CR/labs/vitis_workspace/mb_basePlatform/hw/mb_basePlatform.xsa
TRACE::2021-05-08.15:46:21::SCWPlatform::DSA given C:/Users/pedra/Documents/CR/labs/vitis_workspace/mb_basePlatform/hw/mb_basePlatform.xsa
TRACE::2021-05-08.15:46:21::SCWPlatform::DSA absoulate path C:/Users/pedra/Documents/CR/labs/vitis_workspace/mb_basePlatform/hw/mb_basePlatform.xsa
TRACE::2021-05-08.15:46:21::SCWPlatform::DSA directory C:/Users/pedra/Documents/CR/labs/vitis_workspace/mb_basePlatform/hw
TRACE::2021-05-08.15:46:21::SCWPlatform:: Platform Path C:/Users/pedra/Documents/CR/labs/vitis_workspace/mb_basePlatform/hw/mb_basePlatform.xsa
TRACE::2021-05-08.15:46:21::SCWPlatform:: Unique name xilinx:nexys4::0.0
TRACE::2021-05-08.15:46:21::SCWPlatform::Trying to set the existing hwdb with name mb_design_wrapper_0
TRACE::2021-05-08.15:46:21::SCWPlatform::Opened existing hwdb mb_design_wrapper_0
TRACE::2021-05-08.15:46:21::SCWPlatform::Found the Hw Db part of the input DSA
TRACE::2021-05-08.15:46:21::SCWPlatform::Trying to open the hw design at C:/Users/pedra/Documents/CR/labs/vitis_workspace/mb_basePlatform/hw/mb_basePlatform.xsa
TRACE::2021-05-08.15:46:21::SCWPlatform::DSA given C:/Users/pedra/Documents/CR/labs/vitis_workspace/mb_basePlatform/hw/mb_basePlatform.xsa
TRACE::2021-05-08.15:46:21::SCWPlatform::DSA absoulate path C:/Users/pedra/Documents/CR/labs/vitis_workspace/mb_basePlatform/hw/mb_basePlatform.xsa
TRACE::2021-05-08.15:46:21::SCWPlatform::DSA directory C:/Users/pedra/Documents/CR/labs/vitis_workspace/mb_basePlatform/hw
TRACE::2021-05-08.15:46:21::SCWPlatform:: Platform Path C:/Users/pedra/Documents/CR/labs/vitis_workspace/mb_basePlatform/hw/mb_basePlatform.xsa
TRACE::2021-05-08.15:46:21::SCWPlatform:: Unique name xilinx:nexys4::0.0
TRACE::2021-05-08.15:46:21::SCWPlatform::Trying to set the existing hwdb with name mb_design_wrapper_0
TRACE::2021-05-08.15:46:21::SCWPlatform::Opened existing hwdb mb_design_wrapper_0
TRACE::2021-05-08.15:46:21::SCWPlatform::Found the Hw Db part of the input DSA
TRACE::2021-05-08.15:46:21::SCWMssOS::Checking the sw design at  C:/Users/pedra/Documents/CR/labs/vitis_workspace/mb_basePlatform/microblaze_0/standalone_microblaze_0/bsp/system.mss
TRACE::2021-05-08.15:46:21::SCWMssOS::DEBUG:  swdes dump  
TRACE::2021-05-08.15:46:21::SCWMssOS::No sw design opened at  C:/Users/pedra/Documents/CR/labs/vitis_workspace/mb_basePlatform/microblaze_0/standalone_microblaze_0/bsp/system.mss
TRACE::2021-05-08.15:46:21::SCWMssOS::mss does not exists at C:/Users/pedra/Documents/CR/labs/vitis_workspace/mb_basePlatform/microblaze_0/standalone_microblaze_0/bsp/system.mss
TRACE::2021-05-08.15:46:21::SCWMssOS::Creating sw design at  C:/Users/pedra/Documents/CR/labs/vitis_workspace/mb_basePlatform/microblaze_0/standalone_microblaze_0/bsp/system.mss
TRACE::2021-05-08.15:46:21::SCWMssOS::Adding the swdes entry, created swdb C:/Users/pedra/Documents/CR/labs/vitis_workspace/mb_basePlatform/microblaze_0/standalone_microblaze_0/bsp/system.mss with des name C:/Users/pedra/Documents/CR/labs/vitis_workspace/mb_basePlatform/microblaze_0/standalone_microblaze_0/bsp/system.mss
TRACE::2021-05-08.15:46:21::SCWMssOS::updating the scw layer changes to swdes at   C:/Users/pedra/Documents/CR/labs/vitis_workspace/mb_basePlatform/microblaze_0/standalone_microblaze_0/bsp/system.mss
TRACE::2021-05-08.15:46:21::SCWMssOS::Writing mss at C:/Users/pedra/Documents/CR/labs/vitis_workspace/mb_basePlatform/microblaze_0/standalone_microblaze_0/bsp/system.mss
TRACE::2021-05-08.15:46:21::SCWMssOS::Completed writing the mss file at C:/Users/pedra/Documents/CR/labs/vitis_workspace/mb_basePlatform/microblaze_0/standalone_microblaze_0/bsp
TRACE::2021-05-08.15:46:21::SCWMssOS::Picking up changes from newly written mss file into SCW Layer. 
TRACE::2021-05-08.15:46:21::SCWMssOS::Updated the changes from newly written mss file into SCW Layer. 
TRACE::2021-05-08.15:46:21::SCWMssOS::Completed writing the mss file at C:/Users/pedra/Documents/CR/labs/vitis_workspace/mb_basePlatform/microblaze_0/standalone_microblaze_0/bsp
TRACE::2021-05-08.15:46:21::SCWMssOS::Forcing BSP Sources regeneration.
TRACE::2021-05-08.15:46:23::SCWMssOS::Saving the mss changes C:/Users/pedra/Documents/CR/labs/vitis_workspace/mb_basePlatform/microblaze_0/standalone_microblaze_0/bsp/system.mss
TRACE::2021-05-08.15:46:23::SCWMssOS::Found a swdesign opened with the mssfile.
TRACE::2021-05-08.15:46:23::SCWMssOS::Running validate of swdbs.
KEYINFO::2021-05-08.15:46:23::SCWMssOS::Could not open the swdb for C:/Users/pedra/Documents/CR/labs/vitis_workspace/mb_basePlatform/microblaze_0/standalone_microblaze_0/bsp/system.mss
KEYINFO::2021-05-08.15:46:23::SCWMssOS::Could not open the sw design at  C:/Users/pedra/Documents/CR/labs/vitis_workspace/mb_basePlatform/microblaze_0/standalone_microblaze_0/bsp/system.mss
ERROR: [Hsi 55-1558] Software Design C:/Users/pedra/Documents/CR/labs/vitis_workspace/mb_basePlatform/microblaze_0/standalone_microblaze_0/bsp/system.mss is not found

TRACE::2021-05-08.15:46:23::SCWMssOS::Cleared the swdb table entry
TRACE::2021-05-08.15:46:23::SCWMssOS::Adding the swdes entry, mss present, able to open swdb C:/Users/pedra/Documents/CR/labs/vitis_workspace/mb_basePlatform/microblaze_0/standalone_microblaze_0/bsp/system.mss with des name system
TRACE::2021-05-08.15:46:23::SCWMssOS::Writing the mss file completed C:/Users/pedra/Documents/CR/labs/vitis_workspace/mb_basePlatform/microblaze_0/standalone_microblaze_0/bsp/system.mss
TRACE::2021-05-08.15:46:23::SCWMssOS::Commit changes completed.
TRACE::2021-05-08.15:46:23::SCWPlatform::Trying to open the hw design at C:/Users/pedra/Documents/CR/labs/vitis_workspace/mb_basePlatform/hw/mb_basePlatform.xsa
TRACE::2021-05-08.15:46:23::SCWPlatform::DSA given C:/Users/pedra/Documents/CR/labs/vitis_workspace/mb_basePlatform/hw/mb_basePlatform.xsa
TRACE::2021-05-08.15:46:23::SCWPlatform::DSA absoulate path C:/Users/pedra/Documents/CR/labs/vitis_workspace/mb_basePlatform/hw/mb_basePlatform.xsa
TRACE::2021-05-08.15:46:23::SCWPlatform::DSA directory C:/Users/pedra/Documents/CR/labs/vitis_workspace/mb_basePlatform/hw
TRACE::2021-05-08.15:46:23::SCWPlatform:: Platform Path C:/Users/pedra/Documents/CR/labs/vitis_workspace/mb_basePlatform/hw/mb_basePlatform.xsa
TRACE::2021-05-08.15:46:23::SCWPlatform:: Unique name xilinx:nexys4::0.0
TRACE::2021-05-08.15:46:23::SCWPlatform::Trying to set the existing hwdb with name mb_design_wrapper_0
TRACE::2021-05-08.15:46:23::SCWPlatform::Opened existing hwdb mb_design_wrapper_0
TRACE::2021-05-08.15:46:23::SCWPlatform::Found the Hw Db part of the input DSA
TRACE::2021-05-08.15:46:23::SCWMssOS::Checking the sw design at  C:/Users/pedra/Documents/CR/labs/vitis_workspace/mb_basePlatform/microblaze_0/standalone_microblaze_0/bsp/system.mss
TRACE::2021-05-08.15:46:23::SCWMssOS::DEBUG:  swdes dump  C:/Users/pedra/Documents/CR/labs/vitis_workspace/mb_basePlatform/microblaze_0/standalone_microblaze_0/bsp/system.mss|system||

TRACE::2021-05-08.15:46:23::SCWMssOS::Sw design exists and opened at  C:/Users/pedra/Documents/CR/labs/vitis_workspace/mb_basePlatform/microblaze_0/standalone_microblaze_0/bsp/system.mss
TRACE::2021-05-08.15:46:23::SCWPlatform::Trying to open the hw design at C:/Users/pedra/Documents/CR/labs/vitis_workspace/mb_basePlatform/hw/mb_basePlatform.xsa
TRACE::2021-05-08.15:46:23::SCWPlatform::DSA given C:/Users/pedra/Documents/CR/labs/vitis_workspace/mb_basePlatform/hw/mb_basePlatform.xsa
TRACE::2021-05-08.15:46:23::SCWPlatform::DSA absoulate path C:/Users/pedra/Documents/CR/labs/vitis_workspace/mb_basePlatform/hw/mb_basePlatform.xsa
TRACE::2021-05-08.15:46:23::SCWPlatform::DSA directory C:/Users/pedra/Documents/CR/labs/vitis_workspace/mb_basePlatform/hw
TRACE::2021-05-08.15:46:23::SCWPlatform:: Platform Path C:/Users/pedra/Documents/CR/labs/vitis_workspace/mb_basePlatform/hw/mb_basePlatform.xsa
TRACE::2021-05-08.15:46:23::SCWPlatform:: Unique name xilinx:nexys4::0.0
TRACE::2021-05-08.15:46:23::SCWPlatform::Trying to set the existing hwdb with name mb_design_wrapper_0
TRACE::2021-05-08.15:46:23::SCWPlatform::Opened existing hwdb mb_design_wrapper_0
TRACE::2021-05-08.15:46:23::SCWPlatform::Found the Hw Db part of the input DSA
TRACE::2021-05-08.15:46:23::SCWMssOS::Checking the sw design at  C:/Users/pedra/Documents/CR/labs/vitis_workspace/mb_basePlatform/microblaze_0/standalone_microblaze_0/bsp/system.mss
TRACE::2021-05-08.15:46:23::SCWMssOS::DEBUG:  swdes dump  C:/Users/pedra/Documents/CR/labs/vitis_workspace/mb_basePlatform/microblaze_0/standalone_microblaze_0/bsp/system.mss|system||

TRACE::2021-05-08.15:46:23::SCWMssOS::Sw design exists and opened at  C:/Users/pedra/Documents/CR/labs/vitis_workspace/mb_basePlatform/microblaze_0/standalone_microblaze_0/bsp/system.mss
TRACE::2021-05-08.15:46:23::SCWPlatform::Trying to open the hw design at C:/Users/pedra/Documents/CR/labs/vitis_workspace/mb_basePlatform/hw/mb_basePlatform.xsa
TRACE::2021-05-08.15:46:23::SCWPlatform::DSA given C:/Users/pedra/Documents/CR/labs/vitis_workspace/mb_basePlatform/hw/mb_basePlatform.xsa
TRACE::2021-05-08.15:46:23::SCWPlatform::DSA absoulate path C:/Users/pedra/Documents/CR/labs/vitis_workspace/mb_basePlatform/hw/mb_basePlatform.xsa
TRACE::2021-05-08.15:46:23::SCWPlatform::DSA directory C:/Users/pedra/Documents/CR/labs/vitis_workspace/mb_basePlatform/hw
TRACE::2021-05-08.15:46:23::SCWPlatform:: Platform Path C:/Users/pedra/Documents/CR/labs/vitis_workspace/mb_basePlatform/hw/mb_basePlatform.xsa
TRACE::2021-05-08.15:46:23::SCWPlatform:: Unique name xilinx:nexys4::0.0
TRACE::2021-05-08.15:46:23::SCWPlatform::Trying to set the existing hwdb with name mb_design_wrapper_0
TRACE::2021-05-08.15:46:23::SCWPlatform::Opened existing hwdb mb_design_wrapper_0
TRACE::2021-05-08.15:46:23::SCWPlatform::Found the Hw Db part of the input DSA
TRACE::2021-05-08.15:46:23::SCWMssOS::Checking the sw design at  C:/Users/pedra/Documents/CR/labs/vitis_workspace/mb_basePlatform/microblaze_0/standalone_microblaze_0/bsp/system.mss
TRACE::2021-05-08.15:46:23::SCWMssOS::DEBUG:  swdes dump  C:/Users/pedra/Documents/CR/labs/vitis_workspace/mb_basePlatform/microblaze_0/standalone_microblaze_0/bsp/system.mss|system||

TRACE::2021-05-08.15:46:23::SCWMssOS::Sw design exists and opened at  C:/Users/pedra/Documents/CR/labs/vitis_workspace/mb_basePlatform/microblaze_0/standalone_microblaze_0/bsp/system.mss
TRACE::2021-05-08.15:46:23::SCWWriter::formatted JSON is {
	"platformName":	"mb_basePlatform",
	"sprVersion":	"2.0",
	"mode":	"gui",
	"dsaType":	"Fixed",
	"platformDesc":	"mb_basePlatform",
	"platHandOff":	"C:/Users/pedra/Documents/CR/labs/aula5/mcicroblaza/mb_basePlatform.xsa",
	"platIntHandOff":	"<platformDir>/hw/mb_basePlatform.xsa",
	"deviceType":	"FPGA",
	"platIsPrebuiltAutogen":	"false",
	"platIsNoBootBsp":	"false",
	"hasFsblMakeHasChanges":	"false",
	"hasPmufwMakeHasChanges":	"false",
	"platPreBuiltFlag":	false,
	"platformSamplesDir":	"",
	"platActiveSys":	"mb_basePlatform",
	"systems":	[{
			"systemName":	"mb_basePlatform",
			"systemDesc":	"mb_basePlatform",
			"sysIsBootAutoGen":	"true",
			"systemDispName":	"mb_basePlatform",
			"sysActiveDom":	"standalone_microblaze_0",
			"sysDefaultDom":	"standalone_microblaze_0",
			"domains":	[{
					"domainName":	"standalone_microblaze_0",
					"domainDispName":	"standalone_microblaze_0",
					"domainDesc":	"standalone_microblaze_0",
					"processors":	"microblaze_0",
					"os":	"standalone",
					"sdxOs":	"standalone",
					"debugEnable":	"False",
					"domRuntimes":	["cpp"],
					"swRepo":	"",
					"mssOsVer":	"7.3",
					"mssFile":	"",
					"md5Digest":	"fc48fafcb4ee64ab0930067b6b8a3320",
					"compatibleApp":	"hello_world",
					"domType":	"mssDomain",
					"arch":	"32-bit",
					"appSettings":	{
						"appCompilerFlags":	"",
						"appLinkerFlags":	""
					},
					"addedLibs":	[],
					"libOptions":	{
						"libsContainingOptions":	[]
					},
					"prebuiltLibs":	{
						"prebuiltIncPath":	[],
						"prebuiltLibPath":	[]
					},
					"isolation":	{
					}
				}]
		}]
}
LOG::2021-05-08.15:46:23::SCWPlatform::Started generating the artifacts platform mb_basePlatform
TRACE::2021-05-08.15:46:23::SCWPlatform::Sanity checking of platform is completed
LOG::2021-05-08.15:46:23::SCWPlatform::Started generating the artifacts for system configuration mb_basePlatform
LOG::2021-05-08.15:46:23::SCWSystem::Checking the domain standalone_microblaze_0
LOG::2021-05-08.15:46:23::SCWSystem::Not a boot domain 
LOG::2021-05-08.15:46:23::SCWSystem::Started Processing the domain standalone_microblaze_0
TRACE::2021-05-08.15:46:23::SCWDomain::Generating domain artifcats
TRACE::2021-05-08.15:46:23::SCWMssOS::Generating standalone artifcats
TRACE::2021-05-08.15:46:23::SCWMssOS:: Copying the user libraries. 
TRACE::2021-05-08.15:46:23::SCWPlatform::Trying to open the hw design at C:/Users/pedra/Documents/CR/labs/vitis_workspace/mb_basePlatform/hw/mb_basePlatform.xsa
TRACE::2021-05-08.15:46:23::SCWPlatform::DSA given C:/Users/pedra/Documents/CR/labs/vitis_workspace/mb_basePlatform/hw/mb_basePlatform.xsa
TRACE::2021-05-08.15:46:23::SCWPlatform::DSA absoulate path C:/Users/pedra/Documents/CR/labs/vitis_workspace/mb_basePlatform/hw/mb_basePlatform.xsa
TRACE::2021-05-08.15:46:23::SCWPlatform::DSA directory C:/Users/pedra/Documents/CR/labs/vitis_workspace/mb_basePlatform/hw
TRACE::2021-05-08.15:46:23::SCWPlatform:: Platform Path C:/Users/pedra/Documents/CR/labs/vitis_workspace/mb_basePlatform/hw/mb_basePlatform.xsa
TRACE::2021-05-08.15:46:23::SCWPlatform:: Unique name xilinx:nexys4::0.0
TRACE::2021-05-08.15:46:23::SCWPlatform::Trying to set the existing hwdb with name mb_design_wrapper_0
TRACE::2021-05-08.15:46:23::SCWPlatform::Opened existing hwdb mb_design_wrapper_0
TRACE::2021-05-08.15:46:23::SCWPlatform::Found the Hw Db part of the input DSA
TRACE::2021-05-08.15:46:23::SCWMssOS::Checking the sw design at  C:/Users/pedra/Documents/CR/labs/vitis_workspace/mb_basePlatform/microblaze_0/standalone_microblaze_0/bsp/system.mss
TRACE::2021-05-08.15:46:23::SCWMssOS::DEBUG:  swdes dump  C:/Users/pedra/Documents/CR/labs/vitis_workspace/mb_basePlatform/microblaze_0/standalone_microblaze_0/bsp/system.mss|system||

TRACE::2021-05-08.15:46:23::SCWMssOS::Sw design exists and opened at  C:/Users/pedra/Documents/CR/labs/vitis_workspace/mb_basePlatform/microblaze_0/standalone_microblaze_0/bsp/system.mss
TRACE::2021-05-08.15:46:23::SCWMssOS::Completed writing the mss file at C:/Users/pedra/Documents/CR/labs/vitis_workspace/mb_basePlatform/microblaze_0/standalone_microblaze_0/bsp
TRACE::2021-05-08.15:46:23::SCWMssOS::Mss edits present, copying mssfile into export location C:/Users/pedra/Documents/CR/labs/vitis_workspace/mb_basePlatform/microblaze_0/standalone_microblaze_0/bsp/system.mss
TRACE::2021-05-08.15:46:23::SCWMssOS::bsp generated is upto date with the mss file. Skipping bsp generation.
TRACE::2021-05-08.15:46:23::SCWMssOS::BSP is already built. skipping the bsp build ... 
TRACE::2021-05-08.15:46:23::SCWDomain::Skipping the build for domain :  standalone_microblaze_0
TRACE::2021-05-08.15:46:23::SCWMssOS::skipping the bsp build ... 
TRACE::2021-05-08.15:46:23::SCWMssOS::Copying to export directory.
TRACE::2021-05-08.15:46:23::SCWMssOS:: Checking if to create the Supporting Applications
TRACE::2021-05-08.15:46:23::SCWMssOS:: No Linux domain exists, trying to generate FSBL 
LOG::2021-05-08.15:46:23::SCWSystem::Completed Processing the domain standalone_microblaze_0
LOG::2021-05-08.15:46:23::SCWSystem::Completed Processing the sysconfig mb_basePlatform
LOG::2021-05-08.15:46:23::SCWPlatform::Completed generating the artifacts for system configuration mb_basePlatform
TRACE::2021-05-08.15:46:23::SCWPlatform::Started preparing the platform 
TRACE::2021-05-08.15:46:23::SCWSystem::Writing the bif file for system config mb_basePlatform
TRACE::2021-05-08.15:46:23::SCWSystem::dir created 
TRACE::2021-05-08.15:46:23::SCWSystem::Writing the bif 
TRACE::2021-05-08.15:46:23::SCWPlatform::Started writing the spfm file 
TRACE::2021-05-08.15:46:23::SCWPlatform::Started writing the xpfm file 
TRACE::2021-05-08.15:46:23::SCWPlatform::Completed generating the platform
TRACE::2021-05-08.15:46:23::SCWMssOS::Saving the mss changes C:/Users/pedra/Documents/CR/labs/vitis_workspace/mb_basePlatform/microblaze_0/standalone_microblaze_0/bsp/system.mss
TRACE::2021-05-08.15:46:23::SCWMssOS::Found a swdesign opened with the mssfile.
TRACE::2021-05-08.15:46:23::SCWMssOS::Completed writemss as part of save.
TRACE::2021-05-08.15:46:23::SCWMssOS::Commit changes completed.
TRACE::2021-05-08.15:46:23::SCWPlatform::Trying to open the hw design at C:/Users/pedra/Documents/CR/labs/vitis_workspace/mb_basePlatform/hw/mb_basePlatform.xsa
TRACE::2021-05-08.15:46:23::SCWPlatform::DSA given C:/Users/pedra/Documents/CR/labs/vitis_workspace/mb_basePlatform/hw/mb_basePlatform.xsa
TRACE::2021-05-08.15:46:23::SCWPlatform::DSA absoulate path C:/Users/pedra/Documents/CR/labs/vitis_workspace/mb_basePlatform/hw/mb_basePlatform.xsa
TRACE::2021-05-08.15:46:23::SCWPlatform::DSA directory C:/Users/pedra/Documents/CR/labs/vitis_workspace/mb_basePlatform/hw
TRACE::2021-05-08.15:46:23::SCWPlatform:: Platform Path C:/Users/pedra/Documents/CR/labs/vitis_workspace/mb_basePlatform/hw/mb_basePlatform.xsa
TRACE::2021-05-08.15:46:23::SCWPlatform:: Unique name xilinx:nexys4::0.0
TRACE::2021-05-08.15:46:23::SCWPlatform::Trying to set the existing hwdb with name mb_design_wrapper_0
TRACE::2021-05-08.15:46:23::SCWPlatform::Opened existing hwdb mb_design_wrapper_0
TRACE::2021-05-08.15:46:23::SCWPlatform::Found the Hw Db part of the input DSA
TRACE::2021-05-08.15:46:23::SCWMssOS::Checking the sw design at  C:/Users/pedra/Documents/CR/labs/vitis_workspace/mb_basePlatform/microblaze_0/standalone_microblaze_0/bsp/system.mss
TRACE::2021-05-08.15:46:23::SCWMssOS::DEBUG:  swdes dump  C:/Users/pedra/Documents/CR/labs/vitis_workspace/mb_basePlatform/microblaze_0/standalone_microblaze_0/bsp/system.mss|system||

TRACE::2021-05-08.15:46:23::SCWMssOS::Sw design exists and opened at  C:/Users/pedra/Documents/CR/labs/vitis_workspace/mb_basePlatform/microblaze_0/standalone_microblaze_0/bsp/system.mss
TRACE::2021-05-08.15:46:23::SCWPlatform::Trying to open the hw design at C:/Users/pedra/Documents/CR/labs/vitis_workspace/mb_basePlatform/hw/mb_basePlatform.xsa
TRACE::2021-05-08.15:46:23::SCWPlatform::DSA given C:/Users/pedra/Documents/CR/labs/vitis_workspace/mb_basePlatform/hw/mb_basePlatform.xsa
TRACE::2021-05-08.15:46:23::SCWPlatform::DSA absoulate path C:/Users/pedra/Documents/CR/labs/vitis_workspace/mb_basePlatform/hw/mb_basePlatform.xsa
TRACE::2021-05-08.15:46:23::SCWPlatform::DSA directory C:/Users/pedra/Documents/CR/labs/vitis_workspace/mb_basePlatform/hw
TRACE::2021-05-08.15:46:23::SCWPlatform:: Platform Path C:/Users/pedra/Documents/CR/labs/vitis_workspace/mb_basePlatform/hw/mb_basePlatform.xsa
TRACE::2021-05-08.15:46:23::SCWPlatform:: Unique name xilinx:nexys4::0.0
TRACE::2021-05-08.15:46:23::SCWPlatform::Trying to set the existing hwdb with name mb_design_wrapper_0
TRACE::2021-05-08.15:46:23::SCWPlatform::Opened existing hwdb mb_design_wrapper_0
TRACE::2021-05-08.15:46:23::SCWPlatform::Found the Hw Db part of the input DSA
TRACE::2021-05-08.15:46:23::SCWMssOS::Checking the sw design at  C:/Users/pedra/Documents/CR/labs/vitis_workspace/mb_basePlatform/microblaze_0/standalone_microblaze_0/bsp/system.mss
TRACE::2021-05-08.15:46:23::SCWMssOS::DEBUG:  swdes dump  C:/Users/pedra/Documents/CR/labs/vitis_workspace/mb_basePlatform/microblaze_0/standalone_microblaze_0/bsp/system.mss|system||

TRACE::2021-05-08.15:46:23::SCWMssOS::Sw design exists and opened at  C:/Users/pedra/Documents/CR/labs/vitis_workspace/mb_basePlatform/microblaze_0/standalone_microblaze_0/bsp/system.mss
TRACE::2021-05-08.15:46:23::SCWPlatform::Trying to open the hw design at C:/Users/pedra/Documents/CR/labs/vitis_workspace/mb_basePlatform/hw/mb_basePlatform.xsa
TRACE::2021-05-08.15:46:23::SCWPlatform::DSA given C:/Users/pedra/Documents/CR/labs/vitis_workspace/mb_basePlatform/hw/mb_basePlatform.xsa
TRACE::2021-05-08.15:46:23::SCWPlatform::DSA absoulate path C:/Users/pedra/Documents/CR/labs/vitis_workspace/mb_basePlatform/hw/mb_basePlatform.xsa
TRACE::2021-05-08.15:46:23::SCWPlatform::DSA directory C:/Users/pedra/Documents/CR/labs/vitis_workspace/mb_basePlatform/hw
TRACE::2021-05-08.15:46:23::SCWPlatform:: Platform Path C:/Users/pedra/Documents/CR/labs/vitis_workspace/mb_basePlatform/hw/mb_basePlatform.xsa
TRACE::2021-05-08.15:46:23::SCWPlatform:: Unique name xilinx:nexys4::0.0
TRACE::2021-05-08.15:46:23::SCWPlatform::Trying to set the existing hwdb with name mb_design_wrapper_0
TRACE::2021-05-08.15:46:23::SCWPlatform::Opened existing hwdb mb_design_wrapper_0
TRACE::2021-05-08.15:46:23::SCWPlatform::Found the Hw Db part of the input DSA
TRACE::2021-05-08.15:46:23::SCWMssOS::Checking the sw design at  C:/Users/pedra/Documents/CR/labs/vitis_workspace/mb_basePlatform/microblaze_0/standalone_microblaze_0/bsp/system.mss
TRACE::2021-05-08.15:46:23::SCWMssOS::DEBUG:  swdes dump  C:/Users/pedra/Documents/CR/labs/vitis_workspace/mb_basePlatform/microblaze_0/standalone_microblaze_0/bsp/system.mss|system||

TRACE::2021-05-08.15:46:23::SCWMssOS::Sw design exists and opened at  C:/Users/pedra/Documents/CR/labs/vitis_workspace/mb_basePlatform/microblaze_0/standalone_microblaze_0/bsp/system.mss
TRACE::2021-05-08.15:46:23::SCWWriter::formatted JSON is {
	"platformName":	"mb_basePlatform",
	"sprVersion":	"2.0",
	"mode":	"gui",
	"dsaType":	"Fixed",
	"platformDesc":	"mb_basePlatform",
	"platHandOff":	"C:/Users/pedra/Documents/CR/labs/aula5/mcicroblaza/mb_basePlatform.xsa",
	"platIntHandOff":	"<platformDir>/hw/mb_basePlatform.xsa",
	"deviceType":	"FPGA",
	"platIsPrebuiltAutogen":	"false",
	"platIsNoBootBsp":	"false",
	"hasFsblMakeHasChanges":	"false",
	"hasPmufwMakeHasChanges":	"false",
	"platPreBuiltFlag":	false,
	"platformSamplesDir":	"",
	"platActiveSys":	"mb_basePlatform",
	"systems":	[{
			"systemName":	"mb_basePlatform",
			"systemDesc":	"mb_basePlatform",
			"sysIsBootAutoGen":	"true",
			"systemDispName":	"mb_basePlatform",
			"sysActiveDom":	"standalone_microblaze_0",
			"sysDefaultDom":	"standalone_microblaze_0",
			"domains":	[{
					"domainName":	"standalone_microblaze_0",
					"domainDispName":	"standalone_microblaze_0",
					"domainDesc":	"standalone_microblaze_0",
					"processors":	"microblaze_0",
					"os":	"standalone",
					"sdxOs":	"standalone",
					"debugEnable":	"False",
					"domRuntimes":	["cpp"],
					"swRepo":	"",
					"mssOsVer":	"7.3",
					"mssFile":	"",
					"md5Digest":	"fc48fafcb4ee64ab0930067b6b8a3320",
					"compatibleApp":	"hello_world",
					"domType":	"mssDomain",
					"arch":	"32-bit",
					"appSettings":	{
						"appCompilerFlags":	"",
						"appLinkerFlags":	""
					},
					"addedLibs":	[],
					"libOptions":	{
						"libsContainingOptions":	[]
					},
					"prebuiltLibs":	{
						"prebuiltIncPath":	[],
						"prebuiltLibPath":	[]
					},
					"isolation":	{
					}
				}]
		}]
}
KEYINFO::2021-05-08.15:46:23::SCWPlatform::updated the xpfm file.
TRACE::2021-05-08.15:46:23::SCWPlatform::Trying to open the hw design at C:/Users/pedra/Documents/CR/labs/vitis_workspace/mb_basePlatform/hw/mb_basePlatform.xsa
TRACE::2021-05-08.15:46:23::SCWPlatform::DSA given C:/Users/pedra/Documents/CR/labs/vitis_workspace/mb_basePlatform/hw/mb_basePlatform.xsa
TRACE::2021-05-08.15:46:23::SCWPlatform::DSA absoulate path C:/Users/pedra/Documents/CR/labs/vitis_workspace/mb_basePlatform/hw/mb_basePlatform.xsa
TRACE::2021-05-08.15:46:23::SCWPlatform::DSA directory C:/Users/pedra/Documents/CR/labs/vitis_workspace/mb_basePlatform/hw
TRACE::2021-05-08.15:46:23::SCWPlatform:: Platform Path C:/Users/pedra/Documents/CR/labs/vitis_workspace/mb_basePlatform/hw/mb_basePlatform.xsa
TRACE::2021-05-08.15:46:23::SCWPlatform:: Unique name xilinx:nexys4::0.0
TRACE::2021-05-08.15:46:23::SCWPlatform::Trying to set the existing hwdb with name mb_design_wrapper_0
TRACE::2021-05-08.15:46:23::SCWPlatform::Opened existing hwdb mb_design_wrapper_0
TRACE::2021-05-08.15:46:23::SCWPlatform::Found the Hw Db part of the input DSA
TRACE::2021-05-08.15:46:23::SCWMssOS::Checking the sw design at  C:/Users/pedra/Documents/CR/labs/vitis_workspace/mb_basePlatform/microblaze_0/standalone_microblaze_0/bsp/system.mss
TRACE::2021-05-08.15:46:23::SCWMssOS::DEBUG:  swdes dump  C:/Users/pedra/Documents/CR/labs/vitis_workspace/mb_basePlatform/microblaze_0/standalone_microblaze_0/bsp/system.mss|system||

TRACE::2021-05-08.15:46:23::SCWMssOS::Sw design exists and opened at  C:/Users/pedra/Documents/CR/labs/vitis_workspace/mb_basePlatform/microblaze_0/standalone_microblaze_0/bsp/system.mss
TRACE::2021-05-08.15:46:23::SCWMssOS::Saving the mss changes C:/Users/pedra/Documents/CR/labs/vitis_workspace/mb_basePlatform/microblaze_0/standalone_microblaze_0/bsp/system.mss
TRACE::2021-05-08.15:46:23::SCWMssOS::Found a swdesign opened with the mssfile.
TRACE::2021-05-08.15:46:23::SCWMssOS::Completed writemss as part of save.
TRACE::2021-05-08.15:46:23::SCWMssOS::Commit changes completed.
TRACE::2021-05-08.15:46:23::SCWPlatform::Trying to open the hw design at C:/Users/pedra/Documents/CR/labs/vitis_workspace/mb_basePlatform/hw/mb_basePlatform.xsa
TRACE::2021-05-08.15:46:23::SCWPlatform::DSA given C:/Users/pedra/Documents/CR/labs/vitis_workspace/mb_basePlatform/hw/mb_basePlatform.xsa
TRACE::2021-05-08.15:46:23::SCWPlatform::DSA absoulate path C:/Users/pedra/Documents/CR/labs/vitis_workspace/mb_basePlatform/hw/mb_basePlatform.xsa
TRACE::2021-05-08.15:46:23::SCWPlatform::DSA directory C:/Users/pedra/Documents/CR/labs/vitis_workspace/mb_basePlatform/hw
TRACE::2021-05-08.15:46:23::SCWPlatform:: Platform Path C:/Users/pedra/Documents/CR/labs/vitis_workspace/mb_basePlatform/hw/mb_basePlatform.xsa
TRACE::2021-05-08.15:46:23::SCWPlatform:: Unique name xilinx:nexys4::0.0
TRACE::2021-05-08.15:46:23::SCWPlatform::Trying to set the existing hwdb with name mb_design_wrapper_0
TRACE::2021-05-08.15:46:23::SCWPlatform::Opened existing hwdb mb_design_wrapper_0
TRACE::2021-05-08.15:46:23::SCWPlatform::Found the Hw Db part of the input DSA
TRACE::2021-05-08.15:46:23::SCWMssOS::Checking the sw design at  C:/Users/pedra/Documents/CR/labs/vitis_workspace/mb_basePlatform/microblaze_0/standalone_microblaze_0/bsp/system.mss
TRACE::2021-05-08.15:46:23::SCWMssOS::DEBUG:  swdes dump  C:/Users/pedra/Documents/CR/labs/vitis_workspace/mb_basePlatform/microblaze_0/standalone_microblaze_0/bsp/system.mss|system||

TRACE::2021-05-08.15:46:23::SCWMssOS::Sw design exists and opened at  C:/Users/pedra/Documents/CR/labs/vitis_workspace/mb_basePlatform/microblaze_0/standalone_microblaze_0/bsp/system.mss
TRACE::2021-05-08.15:46:23::SCWPlatform::Trying to open the hw design at C:/Users/pedra/Documents/CR/labs/vitis_workspace/mb_basePlatform/hw/mb_basePlatform.xsa
TRACE::2021-05-08.15:46:23::SCWPlatform::DSA given C:/Users/pedra/Documents/CR/labs/vitis_workspace/mb_basePlatform/hw/mb_basePlatform.xsa
TRACE::2021-05-08.15:46:23::SCWPlatform::DSA absoulate path C:/Users/pedra/Documents/CR/labs/vitis_workspace/mb_basePlatform/hw/mb_basePlatform.xsa
TRACE::2021-05-08.15:46:23::SCWPlatform::DSA directory C:/Users/pedra/Documents/CR/labs/vitis_workspace/mb_basePlatform/hw
TRACE::2021-05-08.15:46:23::SCWPlatform:: Platform Path C:/Users/pedra/Documents/CR/labs/vitis_workspace/mb_basePlatform/hw/mb_basePlatform.xsa
TRACE::2021-05-08.15:46:23::SCWPlatform:: Unique name xilinx:nexys4::0.0
TRACE::2021-05-08.15:46:23::SCWPlatform::Trying to set the existing hwdb with name mb_design_wrapper_0
TRACE::2021-05-08.15:46:23::SCWPlatform::Opened existing hwdb mb_design_wrapper_0
TRACE::2021-05-08.15:46:23::SCWPlatform::Found the Hw Db part of the input DSA
TRACE::2021-05-08.15:46:23::SCWMssOS::Checking the sw design at  C:/Users/pedra/Documents/CR/labs/vitis_workspace/mb_basePlatform/microblaze_0/standalone_microblaze_0/bsp/system.mss
TRACE::2021-05-08.15:46:23::SCWMssOS::DEBUG:  swdes dump  C:/Users/pedra/Documents/CR/labs/vitis_workspace/mb_basePlatform/microblaze_0/standalone_microblaze_0/bsp/system.mss|system||

TRACE::2021-05-08.15:46:23::SCWMssOS::Sw design exists and opened at  C:/Users/pedra/Documents/CR/labs/vitis_workspace/mb_basePlatform/microblaze_0/standalone_microblaze_0/bsp/system.mss
TRACE::2021-05-08.15:46:23::SCWPlatform::Trying to open the hw design at C:/Users/pedra/Documents/CR/labs/vitis_workspace/mb_basePlatform/hw/mb_basePlatform.xsa
TRACE::2021-05-08.15:46:23::SCWPlatform::DSA given C:/Users/pedra/Documents/CR/labs/vitis_workspace/mb_basePlatform/hw/mb_basePlatform.xsa
TRACE::2021-05-08.15:46:23::SCWPlatform::DSA absoulate path C:/Users/pedra/Documents/CR/labs/vitis_workspace/mb_basePlatform/hw/mb_basePlatform.xsa
TRACE::2021-05-08.15:46:23::SCWPlatform::DSA directory C:/Users/pedra/Documents/CR/labs/vitis_workspace/mb_basePlatform/hw
TRACE::2021-05-08.15:46:23::SCWPlatform:: Platform Path C:/Users/pedra/Documents/CR/labs/vitis_workspace/mb_basePlatform/hw/mb_basePlatform.xsa
TRACE::2021-05-08.15:46:23::SCWPlatform:: Unique name xilinx:nexys4::0.0
TRACE::2021-05-08.15:46:23::SCWPlatform::Trying to set the existing hwdb with name mb_design_wrapper_0
TRACE::2021-05-08.15:46:23::SCWPlatform::Opened existing hwdb mb_design_wrapper_0
TRACE::2021-05-08.15:46:23::SCWPlatform::Found the Hw Db part of the input DSA
TRACE::2021-05-08.15:46:23::SCWMssOS::Checking the sw design at  C:/Users/pedra/Documents/CR/labs/vitis_workspace/mb_basePlatform/microblaze_0/standalone_microblaze_0/bsp/system.mss
TRACE::2021-05-08.15:46:23::SCWMssOS::DEBUG:  swdes dump  C:/Users/pedra/Documents/CR/labs/vitis_workspace/mb_basePlatform/microblaze_0/standalone_microblaze_0/bsp/system.mss|system||

TRACE::2021-05-08.15:46:23::SCWMssOS::Sw design exists and opened at  C:/Users/pedra/Documents/CR/labs/vitis_workspace/mb_basePlatform/microblaze_0/standalone_microblaze_0/bsp/system.mss
TRACE::2021-05-08.15:46:23::SCWWriter::formatted JSON is {
	"platformName":	"mb_basePlatform",
	"sprVersion":	"2.0",
	"mode":	"gui",
	"dsaType":	"Fixed",
	"platformDesc":	"mb_basePlatform",
	"platHandOff":	"C:/Users/pedra/Documents/CR/labs/aula5/mcicroblaza/mb_basePlatform.xsa",
	"platIntHandOff":	"<platformDir>/hw/mb_basePlatform.xsa",
	"deviceType":	"FPGA",
	"platIsPrebuiltAutogen":	"false",
	"platIsNoBootBsp":	"false",
	"hasFsblMakeHasChanges":	"false",
	"hasPmufwMakeHasChanges":	"false",
	"platPreBuiltFlag":	false,
	"platformSamplesDir":	"",
	"platActiveSys":	"mb_basePlatform",
	"systems":	[{
			"systemName":	"mb_basePlatform",
			"systemDesc":	"mb_basePlatform",
			"sysIsBootAutoGen":	"true",
			"systemDispName":	"mb_basePlatform",
			"sysActiveDom":	"standalone_microblaze_0",
			"sysDefaultDom":	"standalone_microblaze_0",
			"domains":	[{
					"domainName":	"standalone_microblaze_0",
					"domainDispName":	"standalone_microblaze_0",
					"domainDesc":	"standalone_microblaze_0",
					"processors":	"microblaze_0",
					"os":	"standalone",
					"sdxOs":	"standalone",
					"debugEnable":	"False",
					"domRuntimes":	["cpp"],
					"swRepo":	"",
					"mssOsVer":	"7.3",
					"mssFile":	"",
					"md5Digest":	"fc48fafcb4ee64ab0930067b6b8a3320",
					"compatibleApp":	"hello_world",
					"domType":	"mssDomain",
					"arch":	"32-bit",
					"appSettings":	{
						"appCompilerFlags":	"",
						"appLinkerFlags":	""
					},
					"addedLibs":	[],
					"libOptions":	{
						"libsContainingOptions":	[]
					},
					"prebuiltLibs":	{
						"prebuiltIncPath":	[],
						"prebuiltLibPath":	[]
					},
					"isolation":	{
					}
				}]
		}]
}
TRACE::2021-05-08.15:46:23::SCWPlatform::Trying to open the hw design at C:/Users/pedra/Documents/CR/labs/vitis_workspace/mb_basePlatform/hw/mb_basePlatform.xsa
TRACE::2021-05-08.15:46:23::SCWPlatform::DSA given C:/Users/pedra/Documents/CR/labs/vitis_workspace/mb_basePlatform/hw/mb_basePlatform.xsa
TRACE::2021-05-08.15:46:23::SCWPlatform::DSA absoulate path C:/Users/pedra/Documents/CR/labs/vitis_workspace/mb_basePlatform/hw/mb_basePlatform.xsa
TRACE::2021-05-08.15:46:23::SCWPlatform::DSA directory C:/Users/pedra/Documents/CR/labs/vitis_workspace/mb_basePlatform/hw
TRACE::2021-05-08.15:46:23::SCWPlatform:: Platform Path C:/Users/pedra/Documents/CR/labs/vitis_workspace/mb_basePlatform/hw/mb_basePlatform.xsa
TRACE::2021-05-08.15:46:23::SCWPlatform:: Unique name xilinx:nexys4::0.0
TRACE::2021-05-08.15:46:23::SCWPlatform::Trying to set the existing hwdb with name mb_design_wrapper_0
TRACE::2021-05-08.15:46:23::SCWPlatform::Opened existing hwdb mb_design_wrapper_0
TRACE::2021-05-08.15:46:23::SCWPlatform::Found the Hw Db part of the input DSA
TRACE::2021-05-08.15:46:23::SCWMssOS::Checking the sw design at  C:/Users/pedra/Documents/CR/labs/vitis_workspace/mb_basePlatform/microblaze_0/standalone_microblaze_0/bsp/system.mss
TRACE::2021-05-08.15:46:23::SCWMssOS::DEBUG:  swdes dump  C:/Users/pedra/Documents/CR/labs/vitis_workspace/mb_basePlatform/microblaze_0/standalone_microblaze_0/bsp/system.mss|system||

TRACE::2021-05-08.15:46:23::SCWMssOS::Sw design exists and opened at  C:/Users/pedra/Documents/CR/labs/vitis_workspace/mb_basePlatform/microblaze_0/standalone_microblaze_0/bsp/system.mss
TRACE::2021-05-08.15:46:23::SCWPlatform::Trying to open the hw design at C:/Users/pedra/Documents/CR/labs/vitis_workspace/mb_basePlatform/hw/mb_basePlatform.xsa
TRACE::2021-05-08.15:46:23::SCWPlatform::DSA given C:/Users/pedra/Documents/CR/labs/vitis_workspace/mb_basePlatform/hw/mb_basePlatform.xsa
TRACE::2021-05-08.15:46:23::SCWPlatform::DSA absoulate path C:/Users/pedra/Documents/CR/labs/vitis_workspace/mb_basePlatform/hw/mb_basePlatform.xsa
TRACE::2021-05-08.15:46:23::SCWPlatform::DSA directory C:/Users/pedra/Documents/CR/labs/vitis_workspace/mb_basePlatform/hw
TRACE::2021-05-08.15:46:23::SCWPlatform:: Platform Path C:/Users/pedra/Documents/CR/labs/vitis_workspace/mb_basePlatform/hw/mb_basePlatform.xsa
TRACE::2021-05-08.15:46:23::SCWPlatform:: Unique name xilinx:nexys4::0.0
TRACE::2021-05-08.15:46:23::SCWPlatform::Trying to set the existing hwdb with name mb_design_wrapper_0
TRACE::2021-05-08.15:46:23::SCWPlatform::Opened existing hwdb mb_design_wrapper_0
TRACE::2021-05-08.15:46:23::SCWPlatform::Found the Hw Db part of the input DSA
TRACE::2021-05-08.15:46:23::SCWMssOS::Checking the sw design at  C:/Users/pedra/Documents/CR/labs/vitis_workspace/mb_basePlatform/microblaze_0/standalone_microblaze_0/bsp/system.mss
TRACE::2021-05-08.15:46:23::SCWMssOS::DEBUG:  swdes dump  C:/Users/pedra/Documents/CR/labs/vitis_workspace/mb_basePlatform/microblaze_0/standalone_microblaze_0/bsp/system.mss|system||

TRACE::2021-05-08.15:46:23::SCWMssOS::Sw design exists and opened at  C:/Users/pedra/Documents/CR/labs/vitis_workspace/mb_basePlatform/microblaze_0/standalone_microblaze_0/bsp/system.mss
TRACE::2021-05-08.15:46:23::SCWMssOS::Saving the mss changes C:/Users/pedra/Documents/CR/labs/vitis_workspace/mb_basePlatform/microblaze_0/standalone_microblaze_0/bsp/system.mss
TRACE::2021-05-08.15:46:23::SCWMssOS::Found a swdesign opened with the mssfile.
TRACE::2021-05-08.15:46:23::SCWMssOS::Completed writemss as part of save.
TRACE::2021-05-08.15:46:23::SCWMssOS::Commit changes completed.
TRACE::2021-05-08.15:46:23::SCWPlatform::Trying to open the hw design at C:/Users/pedra/Documents/CR/labs/vitis_workspace/mb_basePlatform/hw/mb_basePlatform.xsa
TRACE::2021-05-08.15:46:23::SCWPlatform::DSA given C:/Users/pedra/Documents/CR/labs/vitis_workspace/mb_basePlatform/hw/mb_basePlatform.xsa
TRACE::2021-05-08.15:46:23::SCWPlatform::DSA absoulate path C:/Users/pedra/Documents/CR/labs/vitis_workspace/mb_basePlatform/hw/mb_basePlatform.xsa
TRACE::2021-05-08.15:46:23::SCWPlatform::DSA directory C:/Users/pedra/Documents/CR/labs/vitis_workspace/mb_basePlatform/hw
TRACE::2021-05-08.15:46:23::SCWPlatform:: Platform Path C:/Users/pedra/Documents/CR/labs/vitis_workspace/mb_basePlatform/hw/mb_basePlatform.xsa
TRACE::2021-05-08.15:46:23::SCWPlatform:: Unique name xilinx:nexys4::0.0
TRACE::2021-05-08.15:46:23::SCWPlatform::Trying to set the existing hwdb with name mb_design_wrapper_0
TRACE::2021-05-08.15:46:23::SCWPlatform::Opened existing hwdb mb_design_wrapper_0
TRACE::2021-05-08.15:46:23::SCWPlatform::Found the Hw Db part of the input DSA
TRACE::2021-05-08.15:46:23::SCWMssOS::Checking the sw design at  C:/Users/pedra/Documents/CR/labs/vitis_workspace/mb_basePlatform/microblaze_0/standalone_microblaze_0/bsp/system.mss
TRACE::2021-05-08.15:46:23::SCWMssOS::DEBUG:  swdes dump  C:/Users/pedra/Documents/CR/labs/vitis_workspace/mb_basePlatform/microblaze_0/standalone_microblaze_0/bsp/system.mss|system||

TRACE::2021-05-08.15:46:23::SCWMssOS::Sw design exists and opened at  C:/Users/pedra/Documents/CR/labs/vitis_workspace/mb_basePlatform/microblaze_0/standalone_microblaze_0/bsp/system.mss
TRACE::2021-05-08.15:46:23::SCWPlatform::Trying to open the hw design at C:/Users/pedra/Documents/CR/labs/vitis_workspace/mb_basePlatform/hw/mb_basePlatform.xsa
TRACE::2021-05-08.15:46:23::SCWPlatform::DSA given C:/Users/pedra/Documents/CR/labs/vitis_workspace/mb_basePlatform/hw/mb_basePlatform.xsa
TRACE::2021-05-08.15:46:23::SCWPlatform::DSA absoulate path C:/Users/pedra/Documents/CR/labs/vitis_workspace/mb_basePlatform/hw/mb_basePlatform.xsa
TRACE::2021-05-08.15:46:23::SCWPlatform::DSA directory C:/Users/pedra/Documents/CR/labs/vitis_workspace/mb_basePlatform/hw
TRACE::2021-05-08.15:46:23::SCWPlatform:: Platform Path C:/Users/pedra/Documents/CR/labs/vitis_workspace/mb_basePlatform/hw/mb_basePlatform.xsa
TRACE::2021-05-08.15:46:23::SCWPlatform:: Unique name xilinx:nexys4::0.0
TRACE::2021-05-08.15:46:23::SCWPlatform::Trying to set the existing hwdb with name mb_design_wrapper_0
TRACE::2021-05-08.15:46:23::SCWPlatform::Opened existing hwdb mb_design_wrapper_0
TRACE::2021-05-08.15:46:23::SCWPlatform::Found the Hw Db part of the input DSA
TRACE::2021-05-08.15:46:23::SCWMssOS::Checking the sw design at  C:/Users/pedra/Documents/CR/labs/vitis_workspace/mb_basePlatform/microblaze_0/standalone_microblaze_0/bsp/system.mss
TRACE::2021-05-08.15:46:23::SCWMssOS::DEBUG:  swdes dump  C:/Users/pedra/Documents/CR/labs/vitis_workspace/mb_basePlatform/microblaze_0/standalone_microblaze_0/bsp/system.mss|system||

TRACE::2021-05-08.15:46:23::SCWMssOS::Sw design exists and opened at  C:/Users/pedra/Documents/CR/labs/vitis_workspace/mb_basePlatform/microblaze_0/standalone_microblaze_0/bsp/system.mss
TRACE::2021-05-08.15:46:23::SCWPlatform::Trying to open the hw design at C:/Users/pedra/Documents/CR/labs/vitis_workspace/mb_basePlatform/hw/mb_basePlatform.xsa
TRACE::2021-05-08.15:46:23::SCWPlatform::DSA given C:/Users/pedra/Documents/CR/labs/vitis_workspace/mb_basePlatform/hw/mb_basePlatform.xsa
TRACE::2021-05-08.15:46:23::SCWPlatform::DSA absoulate path C:/Users/pedra/Documents/CR/labs/vitis_workspace/mb_basePlatform/hw/mb_basePlatform.xsa
TRACE::2021-05-08.15:46:23::SCWPlatform::DSA directory C:/Users/pedra/Documents/CR/labs/vitis_workspace/mb_basePlatform/hw
TRACE::2021-05-08.15:46:23::SCWPlatform:: Platform Path C:/Users/pedra/Documents/CR/labs/vitis_workspace/mb_basePlatform/hw/mb_basePlatform.xsa
TRACE::2021-05-08.15:46:23::SCWPlatform:: Unique name xilinx:nexys4::0.0
TRACE::2021-05-08.15:46:23::SCWPlatform::Trying to set the existing hwdb with name mb_design_wrapper_0
TRACE::2021-05-08.15:46:23::SCWPlatform::Opened existing hwdb mb_design_wrapper_0
TRACE::2021-05-08.15:46:23::SCWPlatform::Found the Hw Db part of the input DSA
TRACE::2021-05-08.15:46:23::SCWMssOS::Checking the sw design at  C:/Users/pedra/Documents/CR/labs/vitis_workspace/mb_basePlatform/microblaze_0/standalone_microblaze_0/bsp/system.mss
TRACE::2021-05-08.15:46:23::SCWMssOS::DEBUG:  swdes dump  C:/Users/pedra/Documents/CR/labs/vitis_workspace/mb_basePlatform/microblaze_0/standalone_microblaze_0/bsp/system.mss|system||

TRACE::2021-05-08.15:46:23::SCWMssOS::Sw design exists and opened at  C:/Users/pedra/Documents/CR/labs/vitis_workspace/mb_basePlatform/microblaze_0/standalone_microblaze_0/bsp/system.mss
TRACE::2021-05-08.15:46:23::SCWWriter::formatted JSON is {
	"platformName":	"mb_basePlatform",
	"sprVersion":	"2.0",
	"mode":	"gui",
	"dsaType":	"Fixed",
	"platformDesc":	"mb_basePlatform",
	"platHandOff":	"C:/Users/pedra/Documents/CR/labs/aula5/mcicroblaza/mb_basePlatform.xsa",
	"platIntHandOff":	"<platformDir>/hw/mb_basePlatform.xsa",
	"deviceType":	"FPGA",
	"platIsPrebuiltAutogen":	"false",
	"platIsNoBootBsp":	"false",
	"hasFsblMakeHasChanges":	"false",
	"hasPmufwMakeHasChanges":	"false",
	"platPreBuiltFlag":	false,
	"platformSamplesDir":	"",
	"platActiveSys":	"mb_basePlatform",
	"systems":	[{
			"systemName":	"mb_basePlatform",
			"systemDesc":	"mb_basePlatform",
			"sysIsBootAutoGen":	"true",
			"systemDispName":	"mb_basePlatform",
			"sysActiveDom":	"standalone_microblaze_0",
			"sysDefaultDom":	"standalone_microblaze_0",
			"domains":	[{
					"domainName":	"standalone_microblaze_0",
					"domainDispName":	"standalone_microblaze_0",
					"domainDesc":	"standalone_microblaze_0",
					"processors":	"microblaze_0",
					"os":	"standalone",
					"sdxOs":	"standalone",
					"debugEnable":	"False",
					"domRuntimes":	["cpp"],
					"swRepo":	"",
					"mssOsVer":	"7.3",
					"mssFile":	"",
					"md5Digest":	"fc48fafcb4ee64ab0930067b6b8a3320",
					"compatibleApp":	"hello_world",
					"domType":	"mssDomain",
					"arch":	"32-bit",
					"appSettings":	{
						"appCompilerFlags":	"",
						"appLinkerFlags":	""
					},
					"addedLibs":	[],
					"libOptions":	{
						"libsContainingOptions":	[]
					},
					"prebuiltLibs":	{
						"prebuiltIncPath":	[],
						"prebuiltLibPath":	[]
					},
					"isolation":	{
					}
				}]
		}]
}
LOG::2021-05-08.15:46:23::SCWPlatform::Started generating the artifacts platform mb_basePlatform
TRACE::2021-05-08.15:46:23::SCWPlatform::Sanity checking of platform is completed
LOG::2021-05-08.15:46:23::SCWPlatform::Started generating the artifacts for system configuration mb_basePlatform
LOG::2021-05-08.15:46:23::SCWSystem::Started Processing the domain standalone_microblaze_0
TRACE::2021-05-08.15:46:23::SCWDomain::Generating domain artifcats
TRACE::2021-05-08.15:46:23::SCWMssOS::Generating standalone artifcats
TRACE::2021-05-08.15:46:23::SCWMssOS:: Copying the user libraries. 
TRACE::2021-05-08.15:46:23::SCWPlatform::Trying to open the hw design at C:/Users/pedra/Documents/CR/labs/vitis_workspace/mb_basePlatform/hw/mb_basePlatform.xsa
TRACE::2021-05-08.15:46:23::SCWPlatform::DSA given C:/Users/pedra/Documents/CR/labs/vitis_workspace/mb_basePlatform/hw/mb_basePlatform.xsa
TRACE::2021-05-08.15:46:23::SCWPlatform::DSA absoulate path C:/Users/pedra/Documents/CR/labs/vitis_workspace/mb_basePlatform/hw/mb_basePlatform.xsa
TRACE::2021-05-08.15:46:23::SCWPlatform::DSA directory C:/Users/pedra/Documents/CR/labs/vitis_workspace/mb_basePlatform/hw
TRACE::2021-05-08.15:46:23::SCWPlatform:: Platform Path C:/Users/pedra/Documents/CR/labs/vitis_workspace/mb_basePlatform/hw/mb_basePlatform.xsa
TRACE::2021-05-08.15:46:23::SCWPlatform:: Unique name xilinx:nexys4::0.0
TRACE::2021-05-08.15:46:23::SCWPlatform::Trying to set the existing hwdb with name mb_design_wrapper_0
TRACE::2021-05-08.15:46:23::SCWPlatform::Opened existing hwdb mb_design_wrapper_0
TRACE::2021-05-08.15:46:23::SCWPlatform::Found the Hw Db part of the input DSA
TRACE::2021-05-08.15:46:23::SCWMssOS::Checking the sw design at  C:/Users/pedra/Documents/CR/labs/vitis_workspace/mb_basePlatform/microblaze_0/standalone_microblaze_0/bsp/system.mss
TRACE::2021-05-08.15:46:23::SCWMssOS::DEBUG:  swdes dump  C:/Users/pedra/Documents/CR/labs/vitis_workspace/mb_basePlatform/microblaze_0/standalone_microblaze_0/bsp/system.mss|system||

TRACE::2021-05-08.15:46:23::SCWMssOS::Sw design exists and opened at  C:/Users/pedra/Documents/CR/labs/vitis_workspace/mb_basePlatform/microblaze_0/standalone_microblaze_0/bsp/system.mss
TRACE::2021-05-08.15:46:23::SCWMssOS::Completed writing the mss file at C:/Users/pedra/Documents/CR/labs/vitis_workspace/mb_basePlatform/microblaze_0/standalone_microblaze_0/bsp
TRACE::2021-05-08.15:46:23::SCWMssOS::Mss edits present, copying mssfile into export location C:/Users/pedra/Documents/CR/labs/vitis_workspace/mb_basePlatform/microblaze_0/standalone_microblaze_0/bsp/system.mss
TRACE::2021-05-08.15:46:23::SCWMssOS::bsp generated is upto date with the mss file. Skipping bsp generation.
TRACE::2021-05-08.15:46:23::SCWMssOS::BSP is already built. skipping the bsp build ... 
TRACE::2021-05-08.15:46:23::SCWDomain::Building the domain as part of full build :  standalone_microblaze_0
TRACE::2021-05-08.15:46:23::SCWMssOS::skipping the bsp build ... 
TRACE::2021-05-08.15:46:23::SCWMssOS::Copying to export directory.
TRACE::2021-05-08.15:46:23::SCWMssOS:: Checking if to create the Supporting Applications
TRACE::2021-05-08.15:46:23::SCWMssOS:: No Linux domain exists, trying to generate FSBL 
LOG::2021-05-08.15:46:23::SCWSystem::Completed Processing the domain standalone_microblaze_0
LOG::2021-05-08.15:46:23::SCWSystem::Completed Processing the sysconfig mb_basePlatform
LOG::2021-05-08.15:46:23::SCWPlatform::Completed generating the artifacts for system configuration mb_basePlatform
TRACE::2021-05-08.15:46:23::SCWPlatform::Started preparing the platform 
TRACE::2021-05-08.15:46:23::SCWSystem::Writing the bif file for system config mb_basePlatform
TRACE::2021-05-08.15:46:23::SCWSystem::dir created 
TRACE::2021-05-08.15:46:23::SCWSystem::Writing the bif 
TRACE::2021-05-08.15:46:23::SCWPlatform::Started writing the spfm file 
TRACE::2021-05-08.15:46:23::SCWPlatform::Started writing the xpfm file 
TRACE::2021-05-08.15:46:23::SCWPlatform::Completed generating the platform
TRACE::2021-05-08.15:46:23::SCWMssOS::Saving the mss changes C:/Users/pedra/Documents/CR/labs/vitis_workspace/mb_basePlatform/microblaze_0/standalone_microblaze_0/bsp/system.mss
TRACE::2021-05-08.15:46:23::SCWMssOS::Found a swdesign opened with the mssfile.
TRACE::2021-05-08.15:46:23::SCWMssOS::Completed writemss as part of save.
TRACE::2021-05-08.15:46:23::SCWMssOS::Commit changes completed.
TRACE::2021-05-08.15:46:23::SCWPlatform::Trying to open the hw design at C:/Users/pedra/Documents/CR/labs/vitis_workspace/mb_basePlatform/hw/mb_basePlatform.xsa
TRACE::2021-05-08.15:46:23::SCWPlatform::DSA given C:/Users/pedra/Documents/CR/labs/vitis_workspace/mb_basePlatform/hw/mb_basePlatform.xsa
TRACE::2021-05-08.15:46:23::SCWPlatform::DSA absoulate path C:/Users/pedra/Documents/CR/labs/vitis_workspace/mb_basePlatform/hw/mb_basePlatform.xsa
TRACE::2021-05-08.15:46:23::SCWPlatform::DSA directory C:/Users/pedra/Documents/CR/labs/vitis_workspace/mb_basePlatform/hw
TRACE::2021-05-08.15:46:23::SCWPlatform:: Platform Path C:/Users/pedra/Documents/CR/labs/vitis_workspace/mb_basePlatform/hw/mb_basePlatform.xsa
TRACE::2021-05-08.15:46:23::SCWPlatform:: Unique name xilinx:nexys4::0.0
TRACE::2021-05-08.15:46:23::SCWPlatform::Trying to set the existing hwdb with name mb_design_wrapper_0
TRACE::2021-05-08.15:46:23::SCWPlatform::Opened existing hwdb mb_design_wrapper_0
TRACE::2021-05-08.15:46:23::SCWPlatform::Found the Hw Db part of the input DSA
TRACE::2021-05-08.15:46:23::SCWMssOS::Checking the sw design at  C:/Users/pedra/Documents/CR/labs/vitis_workspace/mb_basePlatform/microblaze_0/standalone_microblaze_0/bsp/system.mss
TRACE::2021-05-08.15:46:23::SCWMssOS::DEBUG:  swdes dump  C:/Users/pedra/Documents/CR/labs/vitis_workspace/mb_basePlatform/microblaze_0/standalone_microblaze_0/bsp/system.mss|system||

TRACE::2021-05-08.15:46:23::SCWMssOS::Sw design exists and opened at  C:/Users/pedra/Documents/CR/labs/vitis_workspace/mb_basePlatform/microblaze_0/standalone_microblaze_0/bsp/system.mss
TRACE::2021-05-08.15:46:23::SCWPlatform::Trying to open the hw design at C:/Users/pedra/Documents/CR/labs/vitis_workspace/mb_basePlatform/hw/mb_basePlatform.xsa
TRACE::2021-05-08.15:46:23::SCWPlatform::DSA given C:/Users/pedra/Documents/CR/labs/vitis_workspace/mb_basePlatform/hw/mb_basePlatform.xsa
TRACE::2021-05-08.15:46:23::SCWPlatform::DSA absoulate path C:/Users/pedra/Documents/CR/labs/vitis_workspace/mb_basePlatform/hw/mb_basePlatform.xsa
TRACE::2021-05-08.15:46:23::SCWPlatform::DSA directory C:/Users/pedra/Documents/CR/labs/vitis_workspace/mb_basePlatform/hw
TRACE::2021-05-08.15:46:23::SCWPlatform:: Platform Path C:/Users/pedra/Documents/CR/labs/vitis_workspace/mb_basePlatform/hw/mb_basePlatform.xsa
TRACE::2021-05-08.15:46:23::SCWPlatform:: Unique name xilinx:nexys4::0.0
TRACE::2021-05-08.15:46:23::SCWPlatform::Trying to set the existing hwdb with name mb_design_wrapper_0
TRACE::2021-05-08.15:46:23::SCWPlatform::Opened existing hwdb mb_design_wrapper_0
TRACE::2021-05-08.15:46:23::SCWPlatform::Found the Hw Db part of the input DSA
TRACE::2021-05-08.15:46:23::SCWMssOS::Checking the sw design at  C:/Users/pedra/Documents/CR/labs/vitis_workspace/mb_basePlatform/microblaze_0/standalone_microblaze_0/bsp/system.mss
TRACE::2021-05-08.15:46:23::SCWMssOS::DEBUG:  swdes dump  C:/Users/pedra/Documents/CR/labs/vitis_workspace/mb_basePlatform/microblaze_0/standalone_microblaze_0/bsp/system.mss|system||

TRACE::2021-05-08.15:46:23::SCWMssOS::Sw design exists and opened at  C:/Users/pedra/Documents/CR/labs/vitis_workspace/mb_basePlatform/microblaze_0/standalone_microblaze_0/bsp/system.mss
TRACE::2021-05-08.15:46:23::SCWPlatform::Trying to open the hw design at C:/Users/pedra/Documents/CR/labs/vitis_workspace/mb_basePlatform/hw/mb_basePlatform.xsa
TRACE::2021-05-08.15:46:23::SCWPlatform::DSA given C:/Users/pedra/Documents/CR/labs/vitis_workspace/mb_basePlatform/hw/mb_basePlatform.xsa
TRACE::2021-05-08.15:46:23::SCWPlatform::DSA absoulate path C:/Users/pedra/Documents/CR/labs/vitis_workspace/mb_basePlatform/hw/mb_basePlatform.xsa
TRACE::2021-05-08.15:46:23::SCWPlatform::DSA directory C:/Users/pedra/Documents/CR/labs/vitis_workspace/mb_basePlatform/hw
TRACE::2021-05-08.15:46:23::SCWPlatform:: Platform Path C:/Users/pedra/Documents/CR/labs/vitis_workspace/mb_basePlatform/hw/mb_basePlatform.xsa
TRACE::2021-05-08.15:46:23::SCWPlatform:: Unique name xilinx:nexys4::0.0
TRACE::2021-05-08.15:46:23::SCWPlatform::Trying to set the existing hwdb with name mb_design_wrapper_0
TRACE::2021-05-08.15:46:23::SCWPlatform::Opened existing hwdb mb_design_wrapper_0
TRACE::2021-05-08.15:46:23::SCWPlatform::Found the Hw Db part of the input DSA
TRACE::2021-05-08.15:46:23::SCWMssOS::Checking the sw design at  C:/Users/pedra/Documents/CR/labs/vitis_workspace/mb_basePlatform/microblaze_0/standalone_microblaze_0/bsp/system.mss
TRACE::2021-05-08.15:46:23::SCWMssOS::DEBUG:  swdes dump  C:/Users/pedra/Documents/CR/labs/vitis_workspace/mb_basePlatform/microblaze_0/standalone_microblaze_0/bsp/system.mss|system||

TRACE::2021-05-08.15:46:23::SCWMssOS::Sw design exists and opened at  C:/Users/pedra/Documents/CR/labs/vitis_workspace/mb_basePlatform/microblaze_0/standalone_microblaze_0/bsp/system.mss
TRACE::2021-05-08.15:46:23::SCWWriter::formatted JSON is {
	"platformName":	"mb_basePlatform",
	"sprVersion":	"2.0",
	"mode":	"gui",
	"dsaType":	"Fixed",
	"platformDesc":	"mb_basePlatform",
	"platHandOff":	"C:/Users/pedra/Documents/CR/labs/aula5/mcicroblaza/mb_basePlatform.xsa",
	"platIntHandOff":	"<platformDir>/hw/mb_basePlatform.xsa",
	"deviceType":	"FPGA",
	"platIsPrebuiltAutogen":	"false",
	"platIsNoBootBsp":	"false",
	"hasFsblMakeHasChanges":	"false",
	"hasPmufwMakeHasChanges":	"false",
	"platPreBuiltFlag":	false,
	"platformSamplesDir":	"",
	"platActiveSys":	"mb_basePlatform",
	"systems":	[{
			"systemName":	"mb_basePlatform",
			"systemDesc":	"mb_basePlatform",
			"sysIsBootAutoGen":	"true",
			"systemDispName":	"mb_basePlatform",
			"sysActiveDom":	"standalone_microblaze_0",
			"sysDefaultDom":	"standalone_microblaze_0",
			"domains":	[{
					"domainName":	"standalone_microblaze_0",
					"domainDispName":	"standalone_microblaze_0",
					"domainDesc":	"standalone_microblaze_0",
					"processors":	"microblaze_0",
					"os":	"standalone",
					"sdxOs":	"standalone",
					"debugEnable":	"False",
					"domRuntimes":	["cpp"],
					"swRepo":	"",
					"mssOsVer":	"7.3",
					"mssFile":	"",
					"md5Digest":	"fc48fafcb4ee64ab0930067b6b8a3320",
					"compatibleApp":	"hello_world",
					"domType":	"mssDomain",
					"arch":	"32-bit",
					"appSettings":	{
						"appCompilerFlags":	"",
						"appLinkerFlags":	""
					},
					"addedLibs":	[],
					"libOptions":	{
						"libsContainingOptions":	[]
					},
					"prebuiltLibs":	{
						"prebuiltIncPath":	[],
						"prebuiltLibPath":	[]
					},
					"isolation":	{
					}
				}]
		}]
}
KEYINFO::2021-05-08.15:46:23::SCWPlatform::updated the xpfm file.
