TRACE::2021-05-26.13:31:48::SCWPlatform::Trying to open the hw design at C:/Users/pedra/Documents/CR/labs/vitis_workspace/mb_design_custom_periph/hw/mb_design_custom_periph.xsa
TRACE::2021-05-26.13:31:48::SCWPlatform::DSA given C:/Users/pedra/Documents/CR/labs/vitis_workspace/mb_design_custom_periph/hw/mb_design_custom_periph.xsa
TRACE::2021-05-26.13:31:48::SCWPlatform::DSA absoulate path C:/Users/pedra/Documents/CR/labs/vitis_workspace/mb_design_custom_periph/hw/mb_design_custom_periph.xsa
TRACE::2021-05-26.13:31:53::SCWPlatform::DSA directory C:/Users/pedra/Documents/CR/labs/vitis_workspace/mb_design_custom_periph/hw
TRACE::2021-05-26.13:31:53::SCWPlatform:: Platform Path C:/Users/pedra/Documents/CR/labs/vitis_workspace/mb_design_custom_periph/hw/mb_design_custom_periph.xsa
TRACE::2021-05-26.13:31:53::SCWPlatform:: Unique name xilinx:nexys4::0.0
TRACE::2021-05-26.13:31:53::SCWPlatform::Do not have an existing db opened. 
TRACE::2021-05-26.13:31:54::SCWPlatform::Opened new HwDB with name mb_design_wrapper_0
TRACE::2021-05-26.13:31:54::SCWWriter::formatted JSON is {
	"platformName":	"mb_design_custom_periph",
	"sprVersion":	"2.0",
	"mode":	"gui",
	"dsaType":	"Fixed",
	"platformDesc":	"mb_design_custom_periph",
	"platHandOff":	"C:/Users/pedra/Documents/CR/labs/lab7/CustomPeriph/mb_design_custom_periph.xsa",
	"platIntHandOff":	"<platformDir>/hw/mb_design_custom_periph.xsa",
	"deviceType":	"FPGA",
	"platIsPrebuiltAutogen":	"false",
	"platIsNoBootBsp":	"false",
	"hasFsblMakeHasChanges":	"false",
	"hasPmufwMakeHasChanges":	"false",
	"platPreBuiltFlag":	false,
	"platformSamplesDir":	""
}
TRACE::2021-05-26.13:31:54::SCWWriter::formatted JSON is {
	"platformName":	"mb_design_custom_periph",
	"sprVersion":	"2.0",
	"mode":	"gui",
	"dsaType":	"Fixed",
	"platformDesc":	"mb_design_custom_periph",
	"platHandOff":	"C:/Users/pedra/Documents/CR/labs/lab7/CustomPeriph/mb_design_custom_periph.xsa",
	"platIntHandOff":	"<platformDir>/hw/mb_design_custom_periph.xsa",
	"deviceType":	"FPGA",
	"platIsPrebuiltAutogen":	"false",
	"platIsNoBootBsp":	"false",
	"hasFsblMakeHasChanges":	"false",
	"hasPmufwMakeHasChanges":	"false",
	"platPreBuiltFlag":	false,
	"platformSamplesDir":	"",
	"platActiveSys":	"mb_design_custom_periph",
	"systems":	[{
			"systemName":	"mb_design_custom_periph",
			"systemDesc":	"mb_design_custom_periph",
			"sysIsBootAutoGen":	"true",
			"systemDispName":	"mb_design_custom_periph"
		}]
}
TRACE::2021-05-26.13:31:54::SCWPlatform::Boot application domains not present, creating them
TRACE::2021-05-26.13:31:54::SCWPlatform::Pure FPGA device, no boot application will be created.
TRACE::2021-05-26.13:31:54::SCWWriter::formatted JSON is {
	"platformName":	"mb_design_custom_periph",
	"sprVersion":	"2.0",
	"mode":	"gui",
	"dsaType":	"Fixed",
	"platformDesc":	"mb_design_custom_periph",
	"platHandOff":	"C:/Users/pedra/Documents/CR/labs/lab7/CustomPeriph/mb_design_custom_periph.xsa",
	"platIntHandOff":	"<platformDir>/hw/mb_design_custom_periph.xsa",
	"deviceType":	"FPGA",
	"platIsPrebuiltAutogen":	"false",
	"platIsNoBootBsp":	"false",
	"hasFsblMakeHasChanges":	"false",
	"hasPmufwMakeHasChanges":	"false",
	"platPreBuiltFlag":	false,
	"platformSamplesDir":	"",
	"platActiveSys":	"mb_design_custom_periph",
	"systems":	[{
			"systemName":	"mb_design_custom_periph",
			"systemDesc":	"mb_design_custom_periph",
			"sysIsBootAutoGen":	"true",
			"systemDispName":	"mb_design_custom_periph"
		}]
}
TRACE::2021-05-26.13:31:54::SCWWriter::formatted JSON is {
	"platformName":	"mb_design_custom_periph",
	"sprVersion":	"2.0",
	"mode":	"gui",
	"dsaType":	"Fixed",
	"platformDesc":	"mb_design_custom_periph",
	"platHandOff":	"C:/Users/pedra/Documents/CR/labs/lab7/CustomPeriph/mb_design_custom_periph.xsa",
	"platIntHandOff":	"<platformDir>/hw/mb_design_custom_periph.xsa",
	"deviceType":	"FPGA",
	"platIsPrebuiltAutogen":	"false",
	"platIsNoBootBsp":	"false",
	"hasFsblMakeHasChanges":	"false",
	"hasPmufwMakeHasChanges":	"false",
	"platPreBuiltFlag":	false,
	"platformSamplesDir":	"",
	"platActiveSys":	"mb_design_custom_periph",
	"systems":	[{
			"systemName":	"mb_design_custom_periph",
			"systemDesc":	"mb_design_custom_periph",
			"sysIsBootAutoGen":	"true",
			"systemDispName":	"mb_design_custom_periph"
		}]
}
TRACE::2021-05-26.13:31:54::SCWPlatform::Trying to open the hw design at C:/Users/pedra/Documents/CR/labs/vitis_workspace/mb_design_custom_periph/hw/mb_design_custom_periph.xsa
TRACE::2021-05-26.13:31:54::SCWPlatform::DSA given C:/Users/pedra/Documents/CR/labs/vitis_workspace/mb_design_custom_periph/hw/mb_design_custom_periph.xsa
TRACE::2021-05-26.13:31:54::SCWPlatform::DSA absoulate path C:/Users/pedra/Documents/CR/labs/vitis_workspace/mb_design_custom_periph/hw/mb_design_custom_periph.xsa
TRACE::2021-05-26.13:31:54::SCWPlatform::DSA directory C:/Users/pedra/Documents/CR/labs/vitis_workspace/mb_design_custom_periph/hw
TRACE::2021-05-26.13:31:54::SCWPlatform:: Platform Path C:/Users/pedra/Documents/CR/labs/vitis_workspace/mb_design_custom_periph/hw/mb_design_custom_periph.xsa
TRACE::2021-05-26.13:31:54::SCWPlatform:: Unique name xilinx:nexys4::0.0
TRACE::2021-05-26.13:31:54::SCWPlatform::Trying to set the existing hwdb with name mb_design_wrapper_0
TRACE::2021-05-26.13:31:54::SCWPlatform::Opened existing hwdb mb_design_wrapper_0
TRACE::2021-05-26.13:31:54::SCWPlatform::Found the Hw Db part of the input DSA
TRACE::2021-05-26.13:31:54::SCWDomain::checking for install qemu data   : 
TRACE::2021-05-26.13:31:54::SCWPlatform::Trying to open the hw design at C:/Users/pedra/Documents/CR/labs/vitis_workspace/mb_design_custom_periph/hw/mb_design_custom_periph.xsa
TRACE::2021-05-26.13:31:54::SCWPlatform::DSA given C:/Users/pedra/Documents/CR/labs/vitis_workspace/mb_design_custom_periph/hw/mb_design_custom_periph.xsa
TRACE::2021-05-26.13:31:54::SCWPlatform::DSA absoulate path C:/Users/pedra/Documents/CR/labs/vitis_workspace/mb_design_custom_periph/hw/mb_design_custom_periph.xsa
TRACE::2021-05-26.13:31:54::SCWPlatform::DSA directory C:/Users/pedra/Documents/CR/labs/vitis_workspace/mb_design_custom_periph/hw
TRACE::2021-05-26.13:31:54::SCWPlatform:: Platform Path C:/Users/pedra/Documents/CR/labs/vitis_workspace/mb_design_custom_periph/hw/mb_design_custom_periph.xsa
TRACE::2021-05-26.13:31:54::SCWPlatform:: Unique name xilinx:nexys4::0.0
TRACE::2021-05-26.13:31:54::SCWPlatform::Trying to set the existing hwdb with name mb_design_wrapper_0
TRACE::2021-05-26.13:31:54::SCWPlatform::Opened existing hwdb mb_design_wrapper_0
TRACE::2021-05-26.13:31:54::SCWPlatform::Found the Hw Db part of the input DSA
TRACE::2021-05-26.13:31:54::SCWPlatform::Trying to open the hw design at C:/Users/pedra/Documents/CR/labs/vitis_workspace/mb_design_custom_periph/hw/mb_design_custom_periph.xsa
TRACE::2021-05-26.13:31:54::SCWPlatform::DSA given C:/Users/pedra/Documents/CR/labs/vitis_workspace/mb_design_custom_periph/hw/mb_design_custom_periph.xsa
TRACE::2021-05-26.13:31:54::SCWPlatform::DSA absoulate path C:/Users/pedra/Documents/CR/labs/vitis_workspace/mb_design_custom_periph/hw/mb_design_custom_periph.xsa
TRACE::2021-05-26.13:31:54::SCWPlatform::DSA directory C:/Users/pedra/Documents/CR/labs/vitis_workspace/mb_design_custom_periph/hw
TRACE::2021-05-26.13:31:54::SCWPlatform:: Platform Path C:/Users/pedra/Documents/CR/labs/vitis_workspace/mb_design_custom_periph/hw/mb_design_custom_periph.xsa
TRACE::2021-05-26.13:31:54::SCWPlatform:: Unique name xilinx:nexys4::0.0
TRACE::2021-05-26.13:31:54::SCWPlatform::Trying to set the existing hwdb with name mb_design_wrapper_0
TRACE::2021-05-26.13:31:54::SCWPlatform::Opened existing hwdb mb_design_wrapper_0
TRACE::2021-05-26.13:31:54::SCWPlatform::Found the Hw Db part of the input DSA
TRACE::2021-05-26.13:31:54::SCWPlatform::Trying to open the hw design at C:/Users/pedra/Documents/CR/labs/vitis_workspace/mb_design_custom_periph/hw/mb_design_custom_periph.xsa
TRACE::2021-05-26.13:31:54::SCWPlatform::DSA given C:/Users/pedra/Documents/CR/labs/vitis_workspace/mb_design_custom_periph/hw/mb_design_custom_periph.xsa
TRACE::2021-05-26.13:31:54::SCWPlatform::DSA absoulate path C:/Users/pedra/Documents/CR/labs/vitis_workspace/mb_design_custom_periph/hw/mb_design_custom_periph.xsa
TRACE::2021-05-26.13:31:54::SCWPlatform::DSA directory C:/Users/pedra/Documents/CR/labs/vitis_workspace/mb_design_custom_periph/hw
TRACE::2021-05-26.13:31:54::SCWPlatform:: Platform Path C:/Users/pedra/Documents/CR/labs/vitis_workspace/mb_design_custom_periph/hw/mb_design_custom_periph.xsa
TRACE::2021-05-26.13:31:54::SCWPlatform:: Unique name xilinx:nexys4::0.0
TRACE::2021-05-26.13:31:54::SCWPlatform::Trying to set the existing hwdb with name mb_design_wrapper_0
TRACE::2021-05-26.13:31:54::SCWPlatform::Opened existing hwdb mb_design_wrapper_0
TRACE::2021-05-26.13:31:54::SCWPlatform::Found the Hw Db part of the input DSA
TRACE::2021-05-26.13:31:54::SCWMssOS::Checking the sw design at  C:/Users/pedra/Documents/CR/labs/vitis_workspace/mb_design_custom_periph/microblaze_0/standalone_microblaze_0/bsp/system.mss
TRACE::2021-05-26.13:31:54::SCWMssOS::DEBUG:  swdes dump  
TRACE::2021-05-26.13:31:54::SCWMssOS::No sw design opened at  C:/Users/pedra/Documents/CR/labs/vitis_workspace/mb_design_custom_periph/microblaze_0/standalone_microblaze_0/bsp/system.mss
TRACE::2021-05-26.13:31:54::SCWMssOS::mss does not exists at C:/Users/pedra/Documents/CR/labs/vitis_workspace/mb_design_custom_periph/microblaze_0/standalone_microblaze_0/bsp/system.mss
TRACE::2021-05-26.13:31:54::SCWMssOS::Creating sw design at  C:/Users/pedra/Documents/CR/labs/vitis_workspace/mb_design_custom_periph/microblaze_0/standalone_microblaze_0/bsp/system.mss
TRACE::2021-05-26.13:31:54::SCWMssOS::Adding the swdes entry, created swdb C:/Users/pedra/Documents/CR/labs/vitis_workspace/mb_design_custom_periph/microblaze_0/standalone_microblaze_0/bsp/system.mss with des name C:/Users/pedra/Documents/CR/labs/vitis_workspace/mb_design_custom_periph/microblaze_0/standalone_microblaze_0/bsp/system.mss
TRACE::2021-05-26.13:31:54::SCWMssOS::updating the scw layer changes to swdes at   C:/Users/pedra/Documents/CR/labs/vitis_workspace/mb_design_custom_periph/microblaze_0/standalone_microblaze_0/bsp/system.mss
TRACE::2021-05-26.13:31:54::SCWMssOS::Writing mss at C:/Users/pedra/Documents/CR/labs/vitis_workspace/mb_design_custom_periph/microblaze_0/standalone_microblaze_0/bsp/system.mss
TRACE::2021-05-26.13:31:54::SCWMssOS::Completed writing the mss file at C:/Users/pedra/Documents/CR/labs/vitis_workspace/mb_design_custom_periph/microblaze_0/standalone_microblaze_0/bsp
TRACE::2021-05-26.13:31:54::SCWMssOS::Picking up changes from newly written mss file into SCW Layer. 
TRACE::2021-05-26.13:31:54::SCWMssOS::Updated the changes from newly written mss file into SCW Layer. 
TRACE::2021-05-26.13:31:54::SCWMssOS::Completed writing the mss file at C:/Users/pedra/Documents/CR/labs/vitis_workspace/mb_design_custom_periph/microblaze_0/standalone_microblaze_0/bsp
TRACE::2021-05-26.13:31:54::SCWMssOS::Forcing BSP Sources regeneration.
TRACE::2021-05-26.13:31:59::SCWMssOS::Saving the mss changes C:/Users/pedra/Documents/CR/labs/vitis_workspace/mb_design_custom_periph/microblaze_0/standalone_microblaze_0/bsp/system.mss
TRACE::2021-05-26.13:31:59::SCWMssOS::Found a swdesign opened with the mssfile.
TRACE::2021-05-26.13:31:59::SCWMssOS::Running validate of swdbs.
KEYINFO::2021-05-26.13:31:59::SCWMssOS::Could not open the swdb for C:/Users/pedra/Documents/CR/labs/vitis_workspace/mb_design_custom_periph/microblaze_0/standalone_microblaze_0/bsp/system.mss
KEYINFO::2021-05-26.13:31:59::SCWMssOS::Could not open the sw design at  C:/Users/pedra/Documents/CR/labs/vitis_workspace/mb_design_custom_periph/microblaze_0/standalone_microblaze_0/bsp/system.mss
ERROR: [Hsi 55-1558] Software Design C:/Users/pedra/Documents/CR/labs/vitis_workspace/mb_design_custom_periph/microblaze_0/standalone_microblaze_0/bsp/system.mss is not found

TRACE::2021-05-26.13:31:59::SCWMssOS::Cleared the swdb table entry
TRACE::2021-05-26.13:31:59::SCWMssOS::Adding the swdes entry, mss present, able to open swdb C:/Users/pedra/Documents/CR/labs/vitis_workspace/mb_design_custom_periph/microblaze_0/standalone_microblaze_0/bsp/system.mss with des name system
TRACE::2021-05-26.13:31:59::SCWMssOS::Writing the mss file completed C:/Users/pedra/Documents/CR/labs/vitis_workspace/mb_design_custom_periph/microblaze_0/standalone_microblaze_0/bsp/system.mss
TRACE::2021-05-26.13:31:59::SCWMssOS::Commit changes completed.
TRACE::2021-05-26.13:31:59::SCWPlatform::Trying to open the hw design at C:/Users/pedra/Documents/CR/labs/vitis_workspace/mb_design_custom_periph/hw/mb_design_custom_periph.xsa
TRACE::2021-05-26.13:31:59::SCWPlatform::DSA given C:/Users/pedra/Documents/CR/labs/vitis_workspace/mb_design_custom_periph/hw/mb_design_custom_periph.xsa
TRACE::2021-05-26.13:31:59::SCWPlatform::DSA absoulate path C:/Users/pedra/Documents/CR/labs/vitis_workspace/mb_design_custom_periph/hw/mb_design_custom_periph.xsa
TRACE::2021-05-26.13:31:59::SCWPlatform::DSA directory C:/Users/pedra/Documents/CR/labs/vitis_workspace/mb_design_custom_periph/hw
TRACE::2021-05-26.13:31:59::SCWPlatform:: Platform Path C:/Users/pedra/Documents/CR/labs/vitis_workspace/mb_design_custom_periph/hw/mb_design_custom_periph.xsa
TRACE::2021-05-26.13:31:59::SCWPlatform:: Unique name xilinx:nexys4::0.0
TRACE::2021-05-26.13:31:59::SCWPlatform::Trying to set the existing hwdb with name mb_design_wrapper_0
TRACE::2021-05-26.13:31:59::SCWPlatform::Opened existing hwdb mb_design_wrapper_0
TRACE::2021-05-26.13:31:59::SCWPlatform::Found the Hw Db part of the input DSA
TRACE::2021-05-26.13:31:59::SCWMssOS::Checking the sw design at  C:/Users/pedra/Documents/CR/labs/vitis_workspace/mb_design_custom_periph/microblaze_0/standalone_microblaze_0/bsp/system.mss
TRACE::2021-05-26.13:31:59::SCWMssOS::DEBUG:  swdes dump  C:/Users/pedra/Documents/CR/labs/vitis_workspace/mb_design_custom_periph/microblaze_0/standalone_microblaze_0/bsp/system.mss|system||

TRACE::2021-05-26.13:31:59::SCWMssOS::Sw design exists and opened at  C:/Users/pedra/Documents/CR/labs/vitis_workspace/mb_design_custom_periph/microblaze_0/standalone_microblaze_0/bsp/system.mss
TRACE::2021-05-26.13:31:59::SCWPlatform::Trying to open the hw design at C:/Users/pedra/Documents/CR/labs/vitis_workspace/mb_design_custom_periph/hw/mb_design_custom_periph.xsa
TRACE::2021-05-26.13:31:59::SCWPlatform::DSA given C:/Users/pedra/Documents/CR/labs/vitis_workspace/mb_design_custom_periph/hw/mb_design_custom_periph.xsa
TRACE::2021-05-26.13:31:59::SCWPlatform::DSA absoulate path C:/Users/pedra/Documents/CR/labs/vitis_workspace/mb_design_custom_periph/hw/mb_design_custom_periph.xsa
TRACE::2021-05-26.13:31:59::SCWPlatform::DSA directory C:/Users/pedra/Documents/CR/labs/vitis_workspace/mb_design_custom_periph/hw
TRACE::2021-05-26.13:31:59::SCWPlatform:: Platform Path C:/Users/pedra/Documents/CR/labs/vitis_workspace/mb_design_custom_periph/hw/mb_design_custom_periph.xsa
TRACE::2021-05-26.13:31:59::SCWPlatform:: Unique name xilinx:nexys4::0.0
TRACE::2021-05-26.13:31:59::SCWPlatform::Trying to set the existing hwdb with name mb_design_wrapper_0
TRACE::2021-05-26.13:31:59::SCWPlatform::Opened existing hwdb mb_design_wrapper_0
TRACE::2021-05-26.13:31:59::SCWPlatform::Found the Hw Db part of the input DSA
TRACE::2021-05-26.13:31:59::SCWMssOS::Checking the sw design at  C:/Users/pedra/Documents/CR/labs/vitis_workspace/mb_design_custom_periph/microblaze_0/standalone_microblaze_0/bsp/system.mss
TRACE::2021-05-26.13:31:59::SCWMssOS::DEBUG:  swdes dump  C:/Users/pedra/Documents/CR/labs/vitis_workspace/mb_design_custom_periph/microblaze_0/standalone_microblaze_0/bsp/system.mss|system||

TRACE::2021-05-26.13:31:59::SCWMssOS::Sw design exists and opened at  C:/Users/pedra/Documents/CR/labs/vitis_workspace/mb_design_custom_periph/microblaze_0/standalone_microblaze_0/bsp/system.mss
TRACE::2021-05-26.13:31:59::SCWPlatform::Trying to open the hw design at C:/Users/pedra/Documents/CR/labs/vitis_workspace/mb_design_custom_periph/hw/mb_design_custom_periph.xsa
TRACE::2021-05-26.13:31:59::SCWPlatform::DSA given C:/Users/pedra/Documents/CR/labs/vitis_workspace/mb_design_custom_periph/hw/mb_design_custom_periph.xsa
TRACE::2021-05-26.13:31:59::SCWPlatform::DSA absoulate path C:/Users/pedra/Documents/CR/labs/vitis_workspace/mb_design_custom_periph/hw/mb_design_custom_periph.xsa
TRACE::2021-05-26.13:31:59::SCWPlatform::DSA directory C:/Users/pedra/Documents/CR/labs/vitis_workspace/mb_design_custom_periph/hw
TRACE::2021-05-26.13:31:59::SCWPlatform:: Platform Path C:/Users/pedra/Documents/CR/labs/vitis_workspace/mb_design_custom_periph/hw/mb_design_custom_periph.xsa
TRACE::2021-05-26.13:31:59::SCWPlatform:: Unique name xilinx:nexys4::0.0
TRACE::2021-05-26.13:31:59::SCWPlatform::Trying to set the existing hwdb with name mb_design_wrapper_0
TRACE::2021-05-26.13:31:59::SCWPlatform::Opened existing hwdb mb_design_wrapper_0
TRACE::2021-05-26.13:31:59::SCWPlatform::Found the Hw Db part of the input DSA
TRACE::2021-05-26.13:31:59::SCWMssOS::Checking the sw design at  C:/Users/pedra/Documents/CR/labs/vitis_workspace/mb_design_custom_periph/microblaze_0/standalone_microblaze_0/bsp/system.mss
TRACE::2021-05-26.13:31:59::SCWMssOS::DEBUG:  swdes dump  C:/Users/pedra/Documents/CR/labs/vitis_workspace/mb_design_custom_periph/microblaze_0/standalone_microblaze_0/bsp/system.mss|system||

TRACE::2021-05-26.13:31:59::SCWMssOS::Sw design exists and opened at  C:/Users/pedra/Documents/CR/labs/vitis_workspace/mb_design_custom_periph/microblaze_0/standalone_microblaze_0/bsp/system.mss
TRACE::2021-05-26.13:31:59::SCWWriter::formatted JSON is {
	"platformName":	"mb_design_custom_periph",
	"sprVersion":	"2.0",
	"mode":	"gui",
	"dsaType":	"Fixed",
	"platformDesc":	"mb_design_custom_periph",
	"platHandOff":	"C:/Users/pedra/Documents/CR/labs/lab7/CustomPeriph/mb_design_custom_periph.xsa",
	"platIntHandOff":	"<platformDir>/hw/mb_design_custom_periph.xsa",
	"deviceType":	"FPGA",
	"platIsPrebuiltAutogen":	"false",
	"platIsNoBootBsp":	"false",
	"hasFsblMakeHasChanges":	"false",
	"hasPmufwMakeHasChanges":	"false",
	"platPreBuiltFlag":	false,
	"platformSamplesDir":	"",
	"platActiveSys":	"mb_design_custom_periph",
	"systems":	[{
			"systemName":	"mb_design_custom_periph",
			"systemDesc":	"mb_design_custom_periph",
			"sysIsBootAutoGen":	"true",
			"systemDispName":	"mb_design_custom_periph",
			"sysActiveDom":	"standalone_microblaze_0",
			"sysDefaultDom":	"standalone_microblaze_0",
			"domains":	[{
					"domainName":	"standalone_microblaze_0",
					"domainDispName":	"standalone_microblaze_0",
					"domainDesc":	"standalone_microblaze_0",
					"processors":	"microblaze_0",
					"os":	"standalone",
					"sdxOs":	"standalone",
					"debugEnable":	"False",
					"domRuntimes":	["cpp"],
					"swRepo":	"",
					"mssOsVer":	"7.3",
					"mssFile":	"",
					"md5Digest":	"e02d436cba218d01e6748d52e2134c52",
					"compatibleApp":	"hello_world",
					"domType":	"mssDomain",
					"arch":	"32-bit",
					"appSettings":	{
						"appCompilerFlags":	"",
						"appLinkerFlags":	""
					},
					"addedLibs":	[],
					"libOptions":	{
						"libsContainingOptions":	[]
					},
					"prebuiltLibs":	{
						"prebuiltIncPath":	[],
						"prebuiltLibPath":	[]
					},
					"isolation":	{
					}
				}]
		}]
}
LOG::2021-05-26.13:31:59::SCWPlatform::Started generating the artifacts platform mb_design_custom_periph
TRACE::2021-05-26.13:31:59::SCWPlatform::Sanity checking of platform is completed
LOG::2021-05-26.13:31:59::SCWPlatform::Started generating the artifacts for system configuration mb_design_custom_periph
LOG::2021-05-26.13:31:59::SCWSystem::Checking the domain standalone_microblaze_0
LOG::2021-05-26.13:31:59::SCWSystem::Not a boot domain 
LOG::2021-05-26.13:31:59::SCWSystem::Started Processing the domain standalone_microblaze_0
TRACE::2021-05-26.13:31:59::SCWDomain::Generating domain artifcats
TRACE::2021-05-26.13:31:59::SCWMssOS::Generating standalone artifcats
TRACE::2021-05-26.13:31:59::SCWMssOS:: Copying the user libraries. 
TRACE::2021-05-26.13:31:59::SCWPlatform::Trying to open the hw design at C:/Users/pedra/Documents/CR/labs/vitis_workspace/mb_design_custom_periph/hw/mb_design_custom_periph.xsa
TRACE::2021-05-26.13:31:59::SCWPlatform::DSA given C:/Users/pedra/Documents/CR/labs/vitis_workspace/mb_design_custom_periph/hw/mb_design_custom_periph.xsa
TRACE::2021-05-26.13:31:59::SCWPlatform::DSA absoulate path C:/Users/pedra/Documents/CR/labs/vitis_workspace/mb_design_custom_periph/hw/mb_design_custom_periph.xsa
TRACE::2021-05-26.13:31:59::SCWPlatform::DSA directory C:/Users/pedra/Documents/CR/labs/vitis_workspace/mb_design_custom_periph/hw
TRACE::2021-05-26.13:31:59::SCWPlatform:: Platform Path C:/Users/pedra/Documents/CR/labs/vitis_workspace/mb_design_custom_periph/hw/mb_design_custom_periph.xsa
TRACE::2021-05-26.13:31:59::SCWPlatform:: Unique name xilinx:nexys4::0.0
TRACE::2021-05-26.13:31:59::SCWPlatform::Trying to set the existing hwdb with name mb_design_wrapper_0
TRACE::2021-05-26.13:31:59::SCWPlatform::Opened existing hwdb mb_design_wrapper_0
TRACE::2021-05-26.13:31:59::SCWPlatform::Found the Hw Db part of the input DSA
TRACE::2021-05-26.13:31:59::SCWMssOS::Checking the sw design at  C:/Users/pedra/Documents/CR/labs/vitis_workspace/mb_design_custom_periph/microblaze_0/standalone_microblaze_0/bsp/system.mss
TRACE::2021-05-26.13:31:59::SCWMssOS::DEBUG:  swdes dump  C:/Users/pedra/Documents/CR/labs/vitis_workspace/mb_design_custom_periph/microblaze_0/standalone_microblaze_0/bsp/system.mss|system||

TRACE::2021-05-26.13:31:59::SCWMssOS::Sw design exists and opened at  C:/Users/pedra/Documents/CR/labs/vitis_workspace/mb_design_custom_periph/microblaze_0/standalone_microblaze_0/bsp/system.mss
TRACE::2021-05-26.13:31:59::SCWMssOS::Completed writing the mss file at C:/Users/pedra/Documents/CR/labs/vitis_workspace/mb_design_custom_periph/microblaze_0/standalone_microblaze_0/bsp
TRACE::2021-05-26.13:31:59::SCWMssOS::Mss edits present, copying mssfile into export location C:/Users/pedra/Documents/CR/labs/vitis_workspace/mb_design_custom_periph/microblaze_0/standalone_microblaze_0/bsp/system.mss
TRACE::2021-05-26.13:31:59::SCWMssOS::bsp generated is upto date with the mss file. Skipping bsp generation.
TRACE::2021-05-26.13:31:59::SCWMssOS::BSP is already built. skipping the bsp build ... 
TRACE::2021-05-26.13:31:59::SCWDomain::Skipping the build for domain :  standalone_microblaze_0
TRACE::2021-05-26.13:31:59::SCWMssOS::skipping the bsp build ... 
TRACE::2021-05-26.13:31:59::SCWMssOS::Copying to export directory.
TRACE::2021-05-26.13:31:59::SCWMssOS:: Checking if to create the Supporting Applications
TRACE::2021-05-26.13:31:59::SCWMssOS:: No Linux domain exists, trying to generate FSBL 
LOG::2021-05-26.13:31:59::SCWSystem::Completed Processing the domain standalone_microblaze_0
LOG::2021-05-26.13:31:59::SCWSystem::Completed Processing the sysconfig mb_design_custom_periph
LOG::2021-05-26.13:31:59::SCWPlatform::Completed generating the artifacts for system configuration mb_design_custom_periph
TRACE::2021-05-26.13:31:59::SCWPlatform::Started preparing the platform 
TRACE::2021-05-26.13:31:59::SCWSystem::Writing the bif file for system config mb_design_custom_periph
TRACE::2021-05-26.13:31:59::SCWSystem::dir created 
TRACE::2021-05-26.13:31:59::SCWSystem::Writing the bif 
TRACE::2021-05-26.13:31:59::SCWPlatform::Started writing the spfm file 
TRACE::2021-05-26.13:31:59::SCWPlatform::Started writing the xpfm file 
TRACE::2021-05-26.13:31:59::SCWPlatform::Completed generating the platform
TRACE::2021-05-26.13:31:59::SCWMssOS::Saving the mss changes C:/Users/pedra/Documents/CR/labs/vitis_workspace/mb_design_custom_periph/microblaze_0/standalone_microblaze_0/bsp/system.mss
TRACE::2021-05-26.13:31:59::SCWMssOS::Found a swdesign opened with the mssfile.
TRACE::2021-05-26.13:31:59::SCWMssOS::Completed writemss as part of save.
TRACE::2021-05-26.13:31:59::SCWMssOS::Commit changes completed.
TRACE::2021-05-26.13:31:59::SCWPlatform::Trying to open the hw design at C:/Users/pedra/Documents/CR/labs/vitis_workspace/mb_design_custom_periph/hw/mb_design_custom_periph.xsa
TRACE::2021-05-26.13:31:59::SCWPlatform::DSA given C:/Users/pedra/Documents/CR/labs/vitis_workspace/mb_design_custom_periph/hw/mb_design_custom_periph.xsa
TRACE::2021-05-26.13:31:59::SCWPlatform::DSA absoulate path C:/Users/pedra/Documents/CR/labs/vitis_workspace/mb_design_custom_periph/hw/mb_design_custom_periph.xsa
TRACE::2021-05-26.13:31:59::SCWPlatform::DSA directory C:/Users/pedra/Documents/CR/labs/vitis_workspace/mb_design_custom_periph/hw
TRACE::2021-05-26.13:31:59::SCWPlatform:: Platform Path C:/Users/pedra/Documents/CR/labs/vitis_workspace/mb_design_custom_periph/hw/mb_design_custom_periph.xsa
TRACE::2021-05-26.13:31:59::SCWPlatform:: Unique name xilinx:nexys4::0.0
TRACE::2021-05-26.13:31:59::SCWPlatform::Trying to set the existing hwdb with name mb_design_wrapper_0
TRACE::2021-05-26.13:31:59::SCWPlatform::Opened existing hwdb mb_design_wrapper_0
TRACE::2021-05-26.13:31:59::SCWPlatform::Found the Hw Db part of the input DSA
TRACE::2021-05-26.13:31:59::SCWMssOS::Checking the sw design at  C:/Users/pedra/Documents/CR/labs/vitis_workspace/mb_design_custom_periph/microblaze_0/standalone_microblaze_0/bsp/system.mss
TRACE::2021-05-26.13:31:59::SCWMssOS::DEBUG:  swdes dump  C:/Users/pedra/Documents/CR/labs/vitis_workspace/mb_design_custom_periph/microblaze_0/standalone_microblaze_0/bsp/system.mss|system||

TRACE::2021-05-26.13:31:59::SCWMssOS::Sw design exists and opened at  C:/Users/pedra/Documents/CR/labs/vitis_workspace/mb_design_custom_periph/microblaze_0/standalone_microblaze_0/bsp/system.mss
TRACE::2021-05-26.13:31:59::SCWPlatform::Trying to open the hw design at C:/Users/pedra/Documents/CR/labs/vitis_workspace/mb_design_custom_periph/hw/mb_design_custom_periph.xsa
TRACE::2021-05-26.13:31:59::SCWPlatform::DSA given C:/Users/pedra/Documents/CR/labs/vitis_workspace/mb_design_custom_periph/hw/mb_design_custom_periph.xsa
TRACE::2021-05-26.13:31:59::SCWPlatform::DSA absoulate path C:/Users/pedra/Documents/CR/labs/vitis_workspace/mb_design_custom_periph/hw/mb_design_custom_periph.xsa
TRACE::2021-05-26.13:31:59::SCWPlatform::DSA directory C:/Users/pedra/Documents/CR/labs/vitis_workspace/mb_design_custom_periph/hw
TRACE::2021-05-26.13:31:59::SCWPlatform:: Platform Path C:/Users/pedra/Documents/CR/labs/vitis_workspace/mb_design_custom_periph/hw/mb_design_custom_periph.xsa
TRACE::2021-05-26.13:31:59::SCWPlatform:: Unique name xilinx:nexys4::0.0
TRACE::2021-05-26.13:31:59::SCWPlatform::Trying to set the existing hwdb with name mb_design_wrapper_0
TRACE::2021-05-26.13:31:59::SCWPlatform::Opened existing hwdb mb_design_wrapper_0
TRACE::2021-05-26.13:31:59::SCWPlatform::Found the Hw Db part of the input DSA
TRACE::2021-05-26.13:31:59::SCWMssOS::Checking the sw design at  C:/Users/pedra/Documents/CR/labs/vitis_workspace/mb_design_custom_periph/microblaze_0/standalone_microblaze_0/bsp/system.mss
TRACE::2021-05-26.13:31:59::SCWMssOS::DEBUG:  swdes dump  C:/Users/pedra/Documents/CR/labs/vitis_workspace/mb_design_custom_periph/microblaze_0/standalone_microblaze_0/bsp/system.mss|system||

TRACE::2021-05-26.13:31:59::SCWMssOS::Sw design exists and opened at  C:/Users/pedra/Documents/CR/labs/vitis_workspace/mb_design_custom_periph/microblaze_0/standalone_microblaze_0/bsp/system.mss
TRACE::2021-05-26.13:31:59::SCWPlatform::Trying to open the hw design at C:/Users/pedra/Documents/CR/labs/vitis_workspace/mb_design_custom_periph/hw/mb_design_custom_periph.xsa
TRACE::2021-05-26.13:31:59::SCWPlatform::DSA given C:/Users/pedra/Documents/CR/labs/vitis_workspace/mb_design_custom_periph/hw/mb_design_custom_periph.xsa
TRACE::2021-05-26.13:31:59::SCWPlatform::DSA absoulate path C:/Users/pedra/Documents/CR/labs/vitis_workspace/mb_design_custom_periph/hw/mb_design_custom_periph.xsa
TRACE::2021-05-26.13:31:59::SCWPlatform::DSA directory C:/Users/pedra/Documents/CR/labs/vitis_workspace/mb_design_custom_periph/hw
TRACE::2021-05-26.13:31:59::SCWPlatform:: Platform Path C:/Users/pedra/Documents/CR/labs/vitis_workspace/mb_design_custom_periph/hw/mb_design_custom_periph.xsa
TRACE::2021-05-26.13:31:59::SCWPlatform:: Unique name xilinx:nexys4::0.0
TRACE::2021-05-26.13:31:59::SCWPlatform::Trying to set the existing hwdb with name mb_design_wrapper_0
TRACE::2021-05-26.13:31:59::SCWPlatform::Opened existing hwdb mb_design_wrapper_0
TRACE::2021-05-26.13:31:59::SCWPlatform::Found the Hw Db part of the input DSA
TRACE::2021-05-26.13:31:59::SCWMssOS::Checking the sw design at  C:/Users/pedra/Documents/CR/labs/vitis_workspace/mb_design_custom_periph/microblaze_0/standalone_microblaze_0/bsp/system.mss
TRACE::2021-05-26.13:31:59::SCWMssOS::DEBUG:  swdes dump  C:/Users/pedra/Documents/CR/labs/vitis_workspace/mb_design_custom_periph/microblaze_0/standalone_microblaze_0/bsp/system.mss|system||

TRACE::2021-05-26.13:31:59::SCWMssOS::Sw design exists and opened at  C:/Users/pedra/Documents/CR/labs/vitis_workspace/mb_design_custom_periph/microblaze_0/standalone_microblaze_0/bsp/system.mss
TRACE::2021-05-26.13:31:59::SCWWriter::formatted JSON is {
	"platformName":	"mb_design_custom_periph",
	"sprVersion":	"2.0",
	"mode":	"gui",
	"dsaType":	"Fixed",
	"platformDesc":	"mb_design_custom_periph",
	"platHandOff":	"C:/Users/pedra/Documents/CR/labs/lab7/CustomPeriph/mb_design_custom_periph.xsa",
	"platIntHandOff":	"<platformDir>/hw/mb_design_custom_periph.xsa",
	"deviceType":	"FPGA",
	"platIsPrebuiltAutogen":	"false",
	"platIsNoBootBsp":	"false",
	"hasFsblMakeHasChanges":	"false",
	"hasPmufwMakeHasChanges":	"false",
	"platPreBuiltFlag":	false,
	"platformSamplesDir":	"",
	"platActiveSys":	"mb_design_custom_periph",
	"systems":	[{
			"systemName":	"mb_design_custom_periph",
			"systemDesc":	"mb_design_custom_periph",
			"sysIsBootAutoGen":	"true",
			"systemDispName":	"mb_design_custom_periph",
			"sysActiveDom":	"standalone_microblaze_0",
			"sysDefaultDom":	"standalone_microblaze_0",
			"domains":	[{
					"domainName":	"standalone_microblaze_0",
					"domainDispName":	"standalone_microblaze_0",
					"domainDesc":	"standalone_microblaze_0",
					"processors":	"microblaze_0",
					"os":	"standalone",
					"sdxOs":	"standalone",
					"debugEnable":	"False",
					"domRuntimes":	["cpp"],
					"swRepo":	"",
					"mssOsVer":	"7.3",
					"mssFile":	"",
					"md5Digest":	"e02d436cba218d01e6748d52e2134c52",
					"compatibleApp":	"hello_world",
					"domType":	"mssDomain",
					"arch":	"32-bit",
					"appSettings":	{
						"appCompilerFlags":	"",
						"appLinkerFlags":	""
					},
					"addedLibs":	[],
					"libOptions":	{
						"libsContainingOptions":	[]
					},
					"prebuiltLibs":	{
						"prebuiltIncPath":	[],
						"prebuiltLibPath":	[]
					},
					"isolation":	{
					}
				}]
		}]
}
KEYINFO::2021-05-26.13:31:59::SCWPlatform::updated the xpfm file.
TRACE::2021-05-26.13:32:00::SCWPlatform::Trying to open the hw design at C:/Users/pedra/Documents/CR/labs/vitis_workspace/mb_design_custom_periph/hw/mb_design_custom_periph.xsa
TRACE::2021-05-26.13:32:00::SCWPlatform::DSA given C:/Users/pedra/Documents/CR/labs/vitis_workspace/mb_design_custom_periph/hw/mb_design_custom_periph.xsa
TRACE::2021-05-26.13:32:00::SCWPlatform::DSA absoulate path C:/Users/pedra/Documents/CR/labs/vitis_workspace/mb_design_custom_periph/hw/mb_design_custom_periph.xsa
TRACE::2021-05-26.13:32:00::SCWPlatform::DSA directory C:/Users/pedra/Documents/CR/labs/vitis_workspace/mb_design_custom_periph/hw
TRACE::2021-05-26.13:32:00::SCWPlatform:: Platform Path C:/Users/pedra/Documents/CR/labs/vitis_workspace/mb_design_custom_periph/hw/mb_design_custom_periph.xsa
TRACE::2021-05-26.13:32:00::SCWPlatform:: Unique name xilinx:nexys4::0.0
TRACE::2021-05-26.13:32:00::SCWPlatform::Trying to set the existing hwdb with name mb_design_wrapper_0
TRACE::2021-05-26.13:32:00::SCWPlatform::Opened existing hwdb mb_design_wrapper_0
TRACE::2021-05-26.13:32:00::SCWPlatform::Found the Hw Db part of the input DSA
TRACE::2021-05-26.13:32:00::SCWMssOS::Checking the sw design at  C:/Users/pedra/Documents/CR/labs/vitis_workspace/mb_design_custom_periph/microblaze_0/standalone_microblaze_0/bsp/system.mss
TRACE::2021-05-26.13:32:00::SCWMssOS::DEBUG:  swdes dump  C:/Users/pedra/Documents/CR/labs/vitis_workspace/mb_design_custom_periph/microblaze_0/standalone_microblaze_0/bsp/system.mss|system||

TRACE::2021-05-26.13:32:00::SCWMssOS::Sw design exists and opened at  C:/Users/pedra/Documents/CR/labs/vitis_workspace/mb_design_custom_periph/microblaze_0/standalone_microblaze_0/bsp/system.mss
TRACE::2021-05-26.13:32:00::SCWMssOS::Saving the mss changes C:/Users/pedra/Documents/CR/labs/vitis_workspace/mb_design_custom_periph/microblaze_0/standalone_microblaze_0/bsp/system.mss
TRACE::2021-05-26.13:32:00::SCWMssOS::Found a swdesign opened with the mssfile.
TRACE::2021-05-26.13:32:00::SCWMssOS::Completed writemss as part of save.
TRACE::2021-05-26.13:32:00::SCWMssOS::Commit changes completed.
TRACE::2021-05-26.13:32:00::SCWPlatform::Trying to open the hw design at C:/Users/pedra/Documents/CR/labs/vitis_workspace/mb_design_custom_periph/hw/mb_design_custom_periph.xsa
TRACE::2021-05-26.13:32:00::SCWPlatform::DSA given C:/Users/pedra/Documents/CR/labs/vitis_workspace/mb_design_custom_periph/hw/mb_design_custom_periph.xsa
TRACE::2021-05-26.13:32:00::SCWPlatform::DSA absoulate path C:/Users/pedra/Documents/CR/labs/vitis_workspace/mb_design_custom_periph/hw/mb_design_custom_periph.xsa
TRACE::2021-05-26.13:32:00::SCWPlatform::DSA directory C:/Users/pedra/Documents/CR/labs/vitis_workspace/mb_design_custom_periph/hw
TRACE::2021-05-26.13:32:00::SCWPlatform:: Platform Path C:/Users/pedra/Documents/CR/labs/vitis_workspace/mb_design_custom_periph/hw/mb_design_custom_periph.xsa
TRACE::2021-05-26.13:32:00::SCWPlatform:: Unique name xilinx:nexys4::0.0
TRACE::2021-05-26.13:32:00::SCWPlatform::Trying to set the existing hwdb with name mb_design_wrapper_0
TRACE::2021-05-26.13:32:00::SCWPlatform::Opened existing hwdb mb_design_wrapper_0
TRACE::2021-05-26.13:32:00::SCWPlatform::Found the Hw Db part of the input DSA
TRACE::2021-05-26.13:32:00::SCWMssOS::Checking the sw design at  C:/Users/pedra/Documents/CR/labs/vitis_workspace/mb_design_custom_periph/microblaze_0/standalone_microblaze_0/bsp/system.mss
TRACE::2021-05-26.13:32:00::SCWMssOS::DEBUG:  swdes dump  C:/Users/pedra/Documents/CR/labs/vitis_workspace/mb_design_custom_periph/microblaze_0/standalone_microblaze_0/bsp/system.mss|system||

TRACE::2021-05-26.13:32:00::SCWMssOS::Sw design exists and opened at  C:/Users/pedra/Documents/CR/labs/vitis_workspace/mb_design_custom_periph/microblaze_0/standalone_microblaze_0/bsp/system.mss
TRACE::2021-05-26.13:32:00::SCWPlatform::Trying to open the hw design at C:/Users/pedra/Documents/CR/labs/vitis_workspace/mb_design_custom_periph/hw/mb_design_custom_periph.xsa
TRACE::2021-05-26.13:32:00::SCWPlatform::DSA given C:/Users/pedra/Documents/CR/labs/vitis_workspace/mb_design_custom_periph/hw/mb_design_custom_periph.xsa
TRACE::2021-05-26.13:32:00::SCWPlatform::DSA absoulate path C:/Users/pedra/Documents/CR/labs/vitis_workspace/mb_design_custom_periph/hw/mb_design_custom_periph.xsa
TRACE::2021-05-26.13:32:00::SCWPlatform::DSA directory C:/Users/pedra/Documents/CR/labs/vitis_workspace/mb_design_custom_periph/hw
TRACE::2021-05-26.13:32:00::SCWPlatform:: Platform Path C:/Users/pedra/Documents/CR/labs/vitis_workspace/mb_design_custom_periph/hw/mb_design_custom_periph.xsa
TRACE::2021-05-26.13:32:00::SCWPlatform:: Unique name xilinx:nexys4::0.0
TRACE::2021-05-26.13:32:00::SCWPlatform::Trying to set the existing hwdb with name mb_design_wrapper_0
TRACE::2021-05-26.13:32:00::SCWPlatform::Opened existing hwdb mb_design_wrapper_0
TRACE::2021-05-26.13:32:00::SCWPlatform::Found the Hw Db part of the input DSA
TRACE::2021-05-26.13:32:00::SCWMssOS::Checking the sw design at  C:/Users/pedra/Documents/CR/labs/vitis_workspace/mb_design_custom_periph/microblaze_0/standalone_microblaze_0/bsp/system.mss
TRACE::2021-05-26.13:32:00::SCWMssOS::DEBUG:  swdes dump  C:/Users/pedra/Documents/CR/labs/vitis_workspace/mb_design_custom_periph/microblaze_0/standalone_microblaze_0/bsp/system.mss|system||

TRACE::2021-05-26.13:32:00::SCWMssOS::Sw design exists and opened at  C:/Users/pedra/Documents/CR/labs/vitis_workspace/mb_design_custom_periph/microblaze_0/standalone_microblaze_0/bsp/system.mss
TRACE::2021-05-26.13:32:00::SCWPlatform::Trying to open the hw design at C:/Users/pedra/Documents/CR/labs/vitis_workspace/mb_design_custom_periph/hw/mb_design_custom_periph.xsa
TRACE::2021-05-26.13:32:00::SCWPlatform::DSA given C:/Users/pedra/Documents/CR/labs/vitis_workspace/mb_design_custom_periph/hw/mb_design_custom_periph.xsa
TRACE::2021-05-26.13:32:00::SCWPlatform::DSA absoulate path C:/Users/pedra/Documents/CR/labs/vitis_workspace/mb_design_custom_periph/hw/mb_design_custom_periph.xsa
TRACE::2021-05-26.13:32:00::SCWPlatform::DSA directory C:/Users/pedra/Documents/CR/labs/vitis_workspace/mb_design_custom_periph/hw
TRACE::2021-05-26.13:32:00::SCWPlatform:: Platform Path C:/Users/pedra/Documents/CR/labs/vitis_workspace/mb_design_custom_periph/hw/mb_design_custom_periph.xsa
TRACE::2021-05-26.13:32:00::SCWPlatform:: Unique name xilinx:nexys4::0.0
TRACE::2021-05-26.13:32:00::SCWPlatform::Trying to set the existing hwdb with name mb_design_wrapper_0
TRACE::2021-05-26.13:32:00::SCWPlatform::Opened existing hwdb mb_design_wrapper_0
TRACE::2021-05-26.13:32:00::SCWPlatform::Found the Hw Db part of the input DSA
TRACE::2021-05-26.13:32:00::SCWMssOS::Checking the sw design at  C:/Users/pedra/Documents/CR/labs/vitis_workspace/mb_design_custom_periph/microblaze_0/standalone_microblaze_0/bsp/system.mss
TRACE::2021-05-26.13:32:00::SCWMssOS::DEBUG:  swdes dump  C:/Users/pedra/Documents/CR/labs/vitis_workspace/mb_design_custom_periph/microblaze_0/standalone_microblaze_0/bsp/system.mss|system||

TRACE::2021-05-26.13:32:00::SCWMssOS::Sw design exists and opened at  C:/Users/pedra/Documents/CR/labs/vitis_workspace/mb_design_custom_periph/microblaze_0/standalone_microblaze_0/bsp/system.mss
TRACE::2021-05-26.13:32:00::SCWWriter::formatted JSON is {
	"platformName":	"mb_design_custom_periph",
	"sprVersion":	"2.0",
	"mode":	"gui",
	"dsaType":	"Fixed",
	"platformDesc":	"mb_design_custom_periph",
	"platHandOff":	"C:/Users/pedra/Documents/CR/labs/lab7/CustomPeriph/mb_design_custom_periph.xsa",
	"platIntHandOff":	"<platformDir>/hw/mb_design_custom_periph.xsa",
	"deviceType":	"FPGA",
	"platIsPrebuiltAutogen":	"false",
	"platIsNoBootBsp":	"false",
	"hasFsblMakeHasChanges":	"false",
	"hasPmufwMakeHasChanges":	"false",
	"platPreBuiltFlag":	false,
	"platformSamplesDir":	"",
	"platActiveSys":	"mb_design_custom_periph",
	"systems":	[{
			"systemName":	"mb_design_custom_periph",
			"systemDesc":	"mb_design_custom_periph",
			"sysIsBootAutoGen":	"true",
			"systemDispName":	"mb_design_custom_periph",
			"sysActiveDom":	"standalone_microblaze_0",
			"sysDefaultDom":	"standalone_microblaze_0",
			"domains":	[{
					"domainName":	"standalone_microblaze_0",
					"domainDispName":	"standalone_microblaze_0",
					"domainDesc":	"standalone_microblaze_0",
					"processors":	"microblaze_0",
					"os":	"standalone",
					"sdxOs":	"standalone",
					"debugEnable":	"False",
					"domRuntimes":	["cpp"],
					"swRepo":	"",
					"mssOsVer":	"7.3",
					"mssFile":	"",
					"md5Digest":	"e02d436cba218d01e6748d52e2134c52",
					"compatibleApp":	"hello_world",
					"domType":	"mssDomain",
					"arch":	"32-bit",
					"appSettings":	{
						"appCompilerFlags":	"",
						"appLinkerFlags":	""
					},
					"addedLibs":	[],
					"libOptions":	{
						"libsContainingOptions":	[]
					},
					"prebuiltLibs":	{
						"prebuiltIncPath":	[],
						"prebuiltLibPath":	[]
					},
					"isolation":	{
					}
				}]
		}]
}
TRACE::2021-05-26.13:32:00::SCWPlatform::Trying to open the hw design at C:/Users/pedra/Documents/CR/labs/vitis_workspace/mb_design_custom_periph/hw/mb_design_custom_periph.xsa
TRACE::2021-05-26.13:32:00::SCWPlatform::DSA given C:/Users/pedra/Documents/CR/labs/vitis_workspace/mb_design_custom_periph/hw/mb_design_custom_periph.xsa
TRACE::2021-05-26.13:32:00::SCWPlatform::DSA absoulate path C:/Users/pedra/Documents/CR/labs/vitis_workspace/mb_design_custom_periph/hw/mb_design_custom_periph.xsa
TRACE::2021-05-26.13:32:00::SCWPlatform::DSA directory C:/Users/pedra/Documents/CR/labs/vitis_workspace/mb_design_custom_periph/hw
TRACE::2021-05-26.13:32:00::SCWPlatform:: Platform Path C:/Users/pedra/Documents/CR/labs/vitis_workspace/mb_design_custom_periph/hw/mb_design_custom_periph.xsa
TRACE::2021-05-26.13:32:00::SCWPlatform:: Unique name xilinx:nexys4::0.0
TRACE::2021-05-26.13:32:00::SCWPlatform::Trying to set the existing hwdb with name mb_design_wrapper_0
TRACE::2021-05-26.13:32:00::SCWPlatform::Opened existing hwdb mb_design_wrapper_0
TRACE::2021-05-26.13:32:00::SCWPlatform::Found the Hw Db part of the input DSA
TRACE::2021-05-26.13:32:00::SCWMssOS::Checking the sw design at  C:/Users/pedra/Documents/CR/labs/vitis_workspace/mb_design_custom_periph/microblaze_0/standalone_microblaze_0/bsp/system.mss
TRACE::2021-05-26.13:32:00::SCWMssOS::DEBUG:  swdes dump  C:/Users/pedra/Documents/CR/labs/vitis_workspace/mb_design_custom_periph/microblaze_0/standalone_microblaze_0/bsp/system.mss|system||

TRACE::2021-05-26.13:32:00::SCWMssOS::Sw design exists and opened at  C:/Users/pedra/Documents/CR/labs/vitis_workspace/mb_design_custom_periph/microblaze_0/standalone_microblaze_0/bsp/system.mss
TRACE::2021-05-26.13:32:00::SCWPlatform::Trying to open the hw design at C:/Users/pedra/Documents/CR/labs/vitis_workspace/mb_design_custom_periph/hw/mb_design_custom_periph.xsa
TRACE::2021-05-26.13:32:00::SCWPlatform::DSA given C:/Users/pedra/Documents/CR/labs/vitis_workspace/mb_design_custom_periph/hw/mb_design_custom_periph.xsa
TRACE::2021-05-26.13:32:00::SCWPlatform::DSA absoulate path C:/Users/pedra/Documents/CR/labs/vitis_workspace/mb_design_custom_periph/hw/mb_design_custom_periph.xsa
TRACE::2021-05-26.13:32:00::SCWPlatform::DSA directory C:/Users/pedra/Documents/CR/labs/vitis_workspace/mb_design_custom_periph/hw
TRACE::2021-05-26.13:32:00::SCWPlatform:: Platform Path C:/Users/pedra/Documents/CR/labs/vitis_workspace/mb_design_custom_periph/hw/mb_design_custom_periph.xsa
TRACE::2021-05-26.13:32:00::SCWPlatform:: Unique name xilinx:nexys4::0.0
TRACE::2021-05-26.13:32:00::SCWPlatform::Trying to set the existing hwdb with name mb_design_wrapper_0
TRACE::2021-05-26.13:32:00::SCWPlatform::Opened existing hwdb mb_design_wrapper_0
TRACE::2021-05-26.13:32:00::SCWPlatform::Found the Hw Db part of the input DSA
TRACE::2021-05-26.13:32:00::SCWMssOS::Checking the sw design at  C:/Users/pedra/Documents/CR/labs/vitis_workspace/mb_design_custom_periph/microblaze_0/standalone_microblaze_0/bsp/system.mss
TRACE::2021-05-26.13:32:00::SCWMssOS::DEBUG:  swdes dump  C:/Users/pedra/Documents/CR/labs/vitis_workspace/mb_design_custom_periph/microblaze_0/standalone_microblaze_0/bsp/system.mss|system||

TRACE::2021-05-26.13:32:00::SCWMssOS::Sw design exists and opened at  C:/Users/pedra/Documents/CR/labs/vitis_workspace/mb_design_custom_periph/microblaze_0/standalone_microblaze_0/bsp/system.mss
TRACE::2021-05-26.13:32:00::SCWMssOS::Saving the mss changes C:/Users/pedra/Documents/CR/labs/vitis_workspace/mb_design_custom_periph/microblaze_0/standalone_microblaze_0/bsp/system.mss
TRACE::2021-05-26.13:32:00::SCWMssOS::Found a swdesign opened with the mssfile.
TRACE::2021-05-26.13:32:00::SCWMssOS::Completed writemss as part of save.
TRACE::2021-05-26.13:32:00::SCWMssOS::Commit changes completed.
TRACE::2021-05-26.13:32:00::SCWPlatform::Trying to open the hw design at C:/Users/pedra/Documents/CR/labs/vitis_workspace/mb_design_custom_periph/hw/mb_design_custom_periph.xsa
TRACE::2021-05-26.13:32:00::SCWPlatform::DSA given C:/Users/pedra/Documents/CR/labs/vitis_workspace/mb_design_custom_periph/hw/mb_design_custom_periph.xsa
TRACE::2021-05-26.13:32:00::SCWPlatform::DSA absoulate path C:/Users/pedra/Documents/CR/labs/vitis_workspace/mb_design_custom_periph/hw/mb_design_custom_periph.xsa
TRACE::2021-05-26.13:32:00::SCWPlatform::DSA directory C:/Users/pedra/Documents/CR/labs/vitis_workspace/mb_design_custom_periph/hw
TRACE::2021-05-26.13:32:00::SCWPlatform:: Platform Path C:/Users/pedra/Documents/CR/labs/vitis_workspace/mb_design_custom_periph/hw/mb_design_custom_periph.xsa
TRACE::2021-05-26.13:32:00::SCWPlatform:: Unique name xilinx:nexys4::0.0
TRACE::2021-05-26.13:32:00::SCWPlatform::Trying to set the existing hwdb with name mb_design_wrapper_0
TRACE::2021-05-26.13:32:00::SCWPlatform::Opened existing hwdb mb_design_wrapper_0
TRACE::2021-05-26.13:32:00::SCWPlatform::Found the Hw Db part of the input DSA
TRACE::2021-05-26.13:32:00::SCWMssOS::Checking the sw design at  C:/Users/pedra/Documents/CR/labs/vitis_workspace/mb_design_custom_periph/microblaze_0/standalone_microblaze_0/bsp/system.mss
TRACE::2021-05-26.13:32:00::SCWMssOS::DEBUG:  swdes dump  C:/Users/pedra/Documents/CR/labs/vitis_workspace/mb_design_custom_periph/microblaze_0/standalone_microblaze_0/bsp/system.mss|system||

TRACE::2021-05-26.13:32:00::SCWMssOS::Sw design exists and opened at  C:/Users/pedra/Documents/CR/labs/vitis_workspace/mb_design_custom_periph/microblaze_0/standalone_microblaze_0/bsp/system.mss
TRACE::2021-05-26.13:32:00::SCWPlatform::Trying to open the hw design at C:/Users/pedra/Documents/CR/labs/vitis_workspace/mb_design_custom_periph/hw/mb_design_custom_periph.xsa
TRACE::2021-05-26.13:32:00::SCWPlatform::DSA given C:/Users/pedra/Documents/CR/labs/vitis_workspace/mb_design_custom_periph/hw/mb_design_custom_periph.xsa
TRACE::2021-05-26.13:32:00::SCWPlatform::DSA absoulate path C:/Users/pedra/Documents/CR/labs/vitis_workspace/mb_design_custom_periph/hw/mb_design_custom_periph.xsa
TRACE::2021-05-26.13:32:00::SCWPlatform::DSA directory C:/Users/pedra/Documents/CR/labs/vitis_workspace/mb_design_custom_periph/hw
TRACE::2021-05-26.13:32:00::SCWPlatform:: Platform Path C:/Users/pedra/Documents/CR/labs/vitis_workspace/mb_design_custom_periph/hw/mb_design_custom_periph.xsa
TRACE::2021-05-26.13:32:00::SCWPlatform:: Unique name xilinx:nexys4::0.0
TRACE::2021-05-26.13:32:00::SCWPlatform::Trying to set the existing hwdb with name mb_design_wrapper_0
TRACE::2021-05-26.13:32:00::SCWPlatform::Opened existing hwdb mb_design_wrapper_0
TRACE::2021-05-26.13:32:00::SCWPlatform::Found the Hw Db part of the input DSA
TRACE::2021-05-26.13:32:00::SCWMssOS::Checking the sw design at  C:/Users/pedra/Documents/CR/labs/vitis_workspace/mb_design_custom_periph/microblaze_0/standalone_microblaze_0/bsp/system.mss
TRACE::2021-05-26.13:32:00::SCWMssOS::DEBUG:  swdes dump  C:/Users/pedra/Documents/CR/labs/vitis_workspace/mb_design_custom_periph/microblaze_0/standalone_microblaze_0/bsp/system.mss|system||

TRACE::2021-05-26.13:32:00::SCWMssOS::Sw design exists and opened at  C:/Users/pedra/Documents/CR/labs/vitis_workspace/mb_design_custom_periph/microblaze_0/standalone_microblaze_0/bsp/system.mss
TRACE::2021-05-26.13:32:00::SCWPlatform::Trying to open the hw design at C:/Users/pedra/Documents/CR/labs/vitis_workspace/mb_design_custom_periph/hw/mb_design_custom_periph.xsa
TRACE::2021-05-26.13:32:00::SCWPlatform::DSA given C:/Users/pedra/Documents/CR/labs/vitis_workspace/mb_design_custom_periph/hw/mb_design_custom_periph.xsa
TRACE::2021-05-26.13:32:00::SCWPlatform::DSA absoulate path C:/Users/pedra/Documents/CR/labs/vitis_workspace/mb_design_custom_periph/hw/mb_design_custom_periph.xsa
TRACE::2021-05-26.13:32:00::SCWPlatform::DSA directory C:/Users/pedra/Documents/CR/labs/vitis_workspace/mb_design_custom_periph/hw
TRACE::2021-05-26.13:32:00::SCWPlatform:: Platform Path C:/Users/pedra/Documents/CR/labs/vitis_workspace/mb_design_custom_periph/hw/mb_design_custom_periph.xsa
TRACE::2021-05-26.13:32:00::SCWPlatform:: Unique name xilinx:nexys4::0.0
TRACE::2021-05-26.13:32:00::SCWPlatform::Trying to set the existing hwdb with name mb_design_wrapper_0
TRACE::2021-05-26.13:32:00::SCWPlatform::Opened existing hwdb mb_design_wrapper_0
TRACE::2021-05-26.13:32:00::SCWPlatform::Found the Hw Db part of the input DSA
TRACE::2021-05-26.13:32:00::SCWMssOS::Checking the sw design at  C:/Users/pedra/Documents/CR/labs/vitis_workspace/mb_design_custom_periph/microblaze_0/standalone_microblaze_0/bsp/system.mss
TRACE::2021-05-26.13:32:00::SCWMssOS::DEBUG:  swdes dump  C:/Users/pedra/Documents/CR/labs/vitis_workspace/mb_design_custom_periph/microblaze_0/standalone_microblaze_0/bsp/system.mss|system||

TRACE::2021-05-26.13:32:00::SCWMssOS::Sw design exists and opened at  C:/Users/pedra/Documents/CR/labs/vitis_workspace/mb_design_custom_periph/microblaze_0/standalone_microblaze_0/bsp/system.mss
TRACE::2021-05-26.13:32:00::SCWWriter::formatted JSON is {
	"platformName":	"mb_design_custom_periph",
	"sprVersion":	"2.0",
	"mode":	"gui",
	"dsaType":	"Fixed",
	"platformDesc":	"mb_design_custom_periph",
	"platHandOff":	"C:/Users/pedra/Documents/CR/labs/lab7/CustomPeriph/mb_design_custom_periph.xsa",
	"platIntHandOff":	"<platformDir>/hw/mb_design_custom_periph.xsa",
	"deviceType":	"FPGA",
	"platIsPrebuiltAutogen":	"false",
	"platIsNoBootBsp":	"false",
	"hasFsblMakeHasChanges":	"false",
	"hasPmufwMakeHasChanges":	"false",
	"platPreBuiltFlag":	false,
	"platformSamplesDir":	"",
	"platActiveSys":	"mb_design_custom_periph",
	"systems":	[{
			"systemName":	"mb_design_custom_periph",
			"systemDesc":	"mb_design_custom_periph",
			"sysIsBootAutoGen":	"true",
			"systemDispName":	"mb_design_custom_periph",
			"sysActiveDom":	"standalone_microblaze_0",
			"sysDefaultDom":	"standalone_microblaze_0",
			"domains":	[{
					"domainName":	"standalone_microblaze_0",
					"domainDispName":	"standalone_microblaze_0",
					"domainDesc":	"standalone_microblaze_0",
					"processors":	"microblaze_0",
					"os":	"standalone",
					"sdxOs":	"standalone",
					"debugEnable":	"False",
					"domRuntimes":	["cpp"],
					"swRepo":	"",
					"mssOsVer":	"7.3",
					"mssFile":	"",
					"md5Digest":	"e02d436cba218d01e6748d52e2134c52",
					"compatibleApp":	"hello_world",
					"domType":	"mssDomain",
					"arch":	"32-bit",
					"appSettings":	{
						"appCompilerFlags":	"",
						"appLinkerFlags":	""
					},
					"addedLibs":	[],
					"libOptions":	{
						"libsContainingOptions":	[]
					},
					"prebuiltLibs":	{
						"prebuiltIncPath":	[],
						"prebuiltLibPath":	[]
					},
					"isolation":	{
					}
				}]
		}]
}
LOG::2021-05-26.13:32:00::SCWPlatform::Started generating the artifacts platform mb_design_custom_periph
TRACE::2021-05-26.13:32:00::SCWPlatform::Sanity checking of platform is completed
LOG::2021-05-26.13:32:00::SCWPlatform::Started generating the artifacts for system configuration mb_design_custom_periph
LOG::2021-05-26.13:32:00::SCWSystem::Started Processing the domain standalone_microblaze_0
TRACE::2021-05-26.13:32:00::SCWDomain::Generating domain artifcats
TRACE::2021-05-26.13:32:00::SCWMssOS::Generating standalone artifcats
TRACE::2021-05-26.13:32:00::SCWMssOS:: Copying the user libraries. 
TRACE::2021-05-26.13:32:00::SCWPlatform::Trying to open the hw design at C:/Users/pedra/Documents/CR/labs/vitis_workspace/mb_design_custom_periph/hw/mb_design_custom_periph.xsa
TRACE::2021-05-26.13:32:00::SCWPlatform::DSA given C:/Users/pedra/Documents/CR/labs/vitis_workspace/mb_design_custom_periph/hw/mb_design_custom_periph.xsa
TRACE::2021-05-26.13:32:00::SCWPlatform::DSA absoulate path C:/Users/pedra/Documents/CR/labs/vitis_workspace/mb_design_custom_periph/hw/mb_design_custom_periph.xsa
TRACE::2021-05-26.13:32:00::SCWPlatform::DSA directory C:/Users/pedra/Documents/CR/labs/vitis_workspace/mb_design_custom_periph/hw
TRACE::2021-05-26.13:32:00::SCWPlatform:: Platform Path C:/Users/pedra/Documents/CR/labs/vitis_workspace/mb_design_custom_periph/hw/mb_design_custom_periph.xsa
TRACE::2021-05-26.13:32:00::SCWPlatform:: Unique name xilinx:nexys4::0.0
TRACE::2021-05-26.13:32:00::SCWPlatform::Trying to set the existing hwdb with name mb_design_wrapper_0
TRACE::2021-05-26.13:32:00::SCWPlatform::Opened existing hwdb mb_design_wrapper_0
TRACE::2021-05-26.13:32:00::SCWPlatform::Found the Hw Db part of the input DSA
TRACE::2021-05-26.13:32:00::SCWMssOS::Checking the sw design at  C:/Users/pedra/Documents/CR/labs/vitis_workspace/mb_design_custom_periph/microblaze_0/standalone_microblaze_0/bsp/system.mss
TRACE::2021-05-26.13:32:00::SCWMssOS::DEBUG:  swdes dump  C:/Users/pedra/Documents/CR/labs/vitis_workspace/mb_design_custom_periph/microblaze_0/standalone_microblaze_0/bsp/system.mss|system||

TRACE::2021-05-26.13:32:00::SCWMssOS::Sw design exists and opened at  C:/Users/pedra/Documents/CR/labs/vitis_workspace/mb_design_custom_periph/microblaze_0/standalone_microblaze_0/bsp/system.mss
TRACE::2021-05-26.13:32:00::SCWMssOS::Completed writing the mss file at C:/Users/pedra/Documents/CR/labs/vitis_workspace/mb_design_custom_periph/microblaze_0/standalone_microblaze_0/bsp
TRACE::2021-05-26.13:32:00::SCWMssOS::Mss edits present, copying mssfile into export location C:/Users/pedra/Documents/CR/labs/vitis_workspace/mb_design_custom_periph/microblaze_0/standalone_microblaze_0/bsp/system.mss
TRACE::2021-05-26.13:32:00::SCWMssOS::bsp generated is upto date with the mss file. Skipping bsp generation.
TRACE::2021-05-26.13:32:00::SCWMssOS::BSP is already built. skipping the bsp build ... 
TRACE::2021-05-26.13:32:00::SCWDomain::Building the domain as part of full build :  standalone_microblaze_0
TRACE::2021-05-26.13:32:00::SCWMssOS::skipping the bsp build ... 
TRACE::2021-05-26.13:32:00::SCWMssOS::Copying to export directory.
TRACE::2021-05-26.13:32:00::SCWMssOS:: Checking if to create the Supporting Applications
TRACE::2021-05-26.13:32:00::SCWMssOS:: No Linux domain exists, trying to generate FSBL 
LOG::2021-05-26.13:32:00::SCWSystem::Completed Processing the domain standalone_microblaze_0
LOG::2021-05-26.13:32:00::SCWSystem::Completed Processing the sysconfig mb_design_custom_periph
LOG::2021-05-26.13:32:00::SCWPlatform::Completed generating the artifacts for system configuration mb_design_custom_periph
TRACE::2021-05-26.13:32:00::SCWPlatform::Started preparing the platform 
TRACE::2021-05-26.13:32:00::SCWSystem::Writing the bif file for system config mb_design_custom_periph
TRACE::2021-05-26.13:32:00::SCWSystem::dir created 
TRACE::2021-05-26.13:32:00::SCWSystem::Writing the bif 
TRACE::2021-05-26.13:32:00::SCWPlatform::Started writing the spfm file 
TRACE::2021-05-26.13:32:00::SCWPlatform::Started writing the xpfm file 
TRACE::2021-05-26.13:32:00::SCWPlatform::Completed generating the platform
TRACE::2021-05-26.13:32:00::SCWMssOS::Saving the mss changes C:/Users/pedra/Documents/CR/labs/vitis_workspace/mb_design_custom_periph/microblaze_0/standalone_microblaze_0/bsp/system.mss
TRACE::2021-05-26.13:32:00::SCWMssOS::Found a swdesign opened with the mssfile.
TRACE::2021-05-26.13:32:00::SCWMssOS::Completed writemss as part of save.
TRACE::2021-05-26.13:32:00::SCWMssOS::Commit changes completed.
TRACE::2021-05-26.13:32:00::SCWPlatform::Trying to open the hw design at C:/Users/pedra/Documents/CR/labs/vitis_workspace/mb_design_custom_periph/hw/mb_design_custom_periph.xsa
TRACE::2021-05-26.13:32:00::SCWPlatform::DSA given C:/Users/pedra/Documents/CR/labs/vitis_workspace/mb_design_custom_periph/hw/mb_design_custom_periph.xsa
TRACE::2021-05-26.13:32:00::SCWPlatform::DSA absoulate path C:/Users/pedra/Documents/CR/labs/vitis_workspace/mb_design_custom_periph/hw/mb_design_custom_periph.xsa
TRACE::2021-05-26.13:32:00::SCWPlatform::DSA directory C:/Users/pedra/Documents/CR/labs/vitis_workspace/mb_design_custom_periph/hw
TRACE::2021-05-26.13:32:00::SCWPlatform:: Platform Path C:/Users/pedra/Documents/CR/labs/vitis_workspace/mb_design_custom_periph/hw/mb_design_custom_periph.xsa
TRACE::2021-05-26.13:32:00::SCWPlatform:: Unique name xilinx:nexys4::0.0
TRACE::2021-05-26.13:32:00::SCWPlatform::Trying to set the existing hwdb with name mb_design_wrapper_0
TRACE::2021-05-26.13:32:00::SCWPlatform::Opened existing hwdb mb_design_wrapper_0
TRACE::2021-05-26.13:32:00::SCWPlatform::Found the Hw Db part of the input DSA
TRACE::2021-05-26.13:32:00::SCWMssOS::Checking the sw design at  C:/Users/pedra/Documents/CR/labs/vitis_workspace/mb_design_custom_periph/microblaze_0/standalone_microblaze_0/bsp/system.mss
TRACE::2021-05-26.13:32:00::SCWMssOS::DEBUG:  swdes dump  C:/Users/pedra/Documents/CR/labs/vitis_workspace/mb_design_custom_periph/microblaze_0/standalone_microblaze_0/bsp/system.mss|system||

TRACE::2021-05-26.13:32:00::SCWMssOS::Sw design exists and opened at  C:/Users/pedra/Documents/CR/labs/vitis_workspace/mb_design_custom_periph/microblaze_0/standalone_microblaze_0/bsp/system.mss
TRACE::2021-05-26.13:32:00::SCWPlatform::Trying to open the hw design at C:/Users/pedra/Documents/CR/labs/vitis_workspace/mb_design_custom_periph/hw/mb_design_custom_periph.xsa
TRACE::2021-05-26.13:32:00::SCWPlatform::DSA given C:/Users/pedra/Documents/CR/labs/vitis_workspace/mb_design_custom_periph/hw/mb_design_custom_periph.xsa
TRACE::2021-05-26.13:32:00::SCWPlatform::DSA absoulate path C:/Users/pedra/Documents/CR/labs/vitis_workspace/mb_design_custom_periph/hw/mb_design_custom_periph.xsa
TRACE::2021-05-26.13:32:00::SCWPlatform::DSA directory C:/Users/pedra/Documents/CR/labs/vitis_workspace/mb_design_custom_periph/hw
TRACE::2021-05-26.13:32:00::SCWPlatform:: Platform Path C:/Users/pedra/Documents/CR/labs/vitis_workspace/mb_design_custom_periph/hw/mb_design_custom_periph.xsa
TRACE::2021-05-26.13:32:00::SCWPlatform:: Unique name xilinx:nexys4::0.0
TRACE::2021-05-26.13:32:00::SCWPlatform::Trying to set the existing hwdb with name mb_design_wrapper_0
TRACE::2021-05-26.13:32:00::SCWPlatform::Opened existing hwdb mb_design_wrapper_0
TRACE::2021-05-26.13:32:00::SCWPlatform::Found the Hw Db part of the input DSA
TRACE::2021-05-26.13:32:00::SCWMssOS::Checking the sw design at  C:/Users/pedra/Documents/CR/labs/vitis_workspace/mb_design_custom_periph/microblaze_0/standalone_microblaze_0/bsp/system.mss
TRACE::2021-05-26.13:32:00::SCWMssOS::DEBUG:  swdes dump  C:/Users/pedra/Documents/CR/labs/vitis_workspace/mb_design_custom_periph/microblaze_0/standalone_microblaze_0/bsp/system.mss|system||

TRACE::2021-05-26.13:32:00::SCWMssOS::Sw design exists and opened at  C:/Users/pedra/Documents/CR/labs/vitis_workspace/mb_design_custom_periph/microblaze_0/standalone_microblaze_0/bsp/system.mss
TRACE::2021-05-26.13:32:00::SCWPlatform::Trying to open the hw design at C:/Users/pedra/Documents/CR/labs/vitis_workspace/mb_design_custom_periph/hw/mb_design_custom_periph.xsa
TRACE::2021-05-26.13:32:00::SCWPlatform::DSA given C:/Users/pedra/Documents/CR/labs/vitis_workspace/mb_design_custom_periph/hw/mb_design_custom_periph.xsa
TRACE::2021-05-26.13:32:00::SCWPlatform::DSA absoulate path C:/Users/pedra/Documents/CR/labs/vitis_workspace/mb_design_custom_periph/hw/mb_design_custom_periph.xsa
TRACE::2021-05-26.13:32:00::SCWPlatform::DSA directory C:/Users/pedra/Documents/CR/labs/vitis_workspace/mb_design_custom_periph/hw
TRACE::2021-05-26.13:32:00::SCWPlatform:: Platform Path C:/Users/pedra/Documents/CR/labs/vitis_workspace/mb_design_custom_periph/hw/mb_design_custom_periph.xsa
TRACE::2021-05-26.13:32:00::SCWPlatform:: Unique name xilinx:nexys4::0.0
TRACE::2021-05-26.13:32:00::SCWPlatform::Trying to set the existing hwdb with name mb_design_wrapper_0
TRACE::2021-05-26.13:32:00::SCWPlatform::Opened existing hwdb mb_design_wrapper_0
TRACE::2021-05-26.13:32:00::SCWPlatform::Found the Hw Db part of the input DSA
TRACE::2021-05-26.13:32:00::SCWMssOS::Checking the sw design at  C:/Users/pedra/Documents/CR/labs/vitis_workspace/mb_design_custom_periph/microblaze_0/standalone_microblaze_0/bsp/system.mss
TRACE::2021-05-26.13:32:00::SCWMssOS::DEBUG:  swdes dump  C:/Users/pedra/Documents/CR/labs/vitis_workspace/mb_design_custom_periph/microblaze_0/standalone_microblaze_0/bsp/system.mss|system||

TRACE::2021-05-26.13:32:00::SCWMssOS::Sw design exists and opened at  C:/Users/pedra/Documents/CR/labs/vitis_workspace/mb_design_custom_periph/microblaze_0/standalone_microblaze_0/bsp/system.mss
TRACE::2021-05-26.13:32:00::SCWWriter::formatted JSON is {
	"platformName":	"mb_design_custom_periph",
	"sprVersion":	"2.0",
	"mode":	"gui",
	"dsaType":	"Fixed",
	"platformDesc":	"mb_design_custom_periph",
	"platHandOff":	"C:/Users/pedra/Documents/CR/labs/lab7/CustomPeriph/mb_design_custom_periph.xsa",
	"platIntHandOff":	"<platformDir>/hw/mb_design_custom_periph.xsa",
	"deviceType":	"FPGA",
	"platIsPrebuiltAutogen":	"false",
	"platIsNoBootBsp":	"false",
	"hasFsblMakeHasChanges":	"false",
	"hasPmufwMakeHasChanges":	"false",
	"platPreBuiltFlag":	false,
	"platformSamplesDir":	"",
	"platActiveSys":	"mb_design_custom_periph",
	"systems":	[{
			"systemName":	"mb_design_custom_periph",
			"systemDesc":	"mb_design_custom_periph",
			"sysIsBootAutoGen":	"true",
			"systemDispName":	"mb_design_custom_periph",
			"sysActiveDom":	"standalone_microblaze_0",
			"sysDefaultDom":	"standalone_microblaze_0",
			"domains":	[{
					"domainName":	"standalone_microblaze_0",
					"domainDispName":	"standalone_microblaze_0",
					"domainDesc":	"standalone_microblaze_0",
					"processors":	"microblaze_0",
					"os":	"standalone",
					"sdxOs":	"standalone",
					"debugEnable":	"False",
					"domRuntimes":	["cpp"],
					"swRepo":	"",
					"mssOsVer":	"7.3",
					"mssFile":	"",
					"md5Digest":	"e02d436cba218d01e6748d52e2134c52",
					"compatibleApp":	"hello_world",
					"domType":	"mssDomain",
					"arch":	"32-bit",
					"appSettings":	{
						"appCompilerFlags":	"",
						"appLinkerFlags":	""
					},
					"addedLibs":	[],
					"libOptions":	{
						"libsContainingOptions":	[]
					},
					"prebuiltLibs":	{
						"prebuiltIncPath":	[],
						"prebuiltLibPath":	[]
					},
					"isolation":	{
					}
				}]
		}]
}
KEYINFO::2021-05-26.13:32:00::SCWPlatform::updated the xpfm file.
TRACE::2021-05-26.13:33:30::SCWMssOS::cleaning the bsp 
TRACE::2021-05-26.13:33:31::SCWMssOS::System Command Ran  C: & cd  C:/Users/pedra/Documents/CR/labs/vitis_workspace/mb_design_custom_periph/microblaze_0/standalone_microblaze_0/bsp & make clean 
TRACE::2021-05-26.13:33:31::SCWMssOS::make -C microblaze_0/libsrc/bram_v4_5/src -s clean 

TRACE::2021-05-26.13:33:31::SCWMssOS::make -C microblaze_0/libsrc/cpu_v2_12/src -s clean 

TRACE::2021-05-26.13:33:31::SCWMssOS::make -C microblaze_0/libsrc/CustomPeriph_v1_0/src -s clean 

TRACE::2021-05-26.13:33:31::SCWMssOS::make -C microblaze_0/libsrc/gpio_v4_7/src -s clean 

TRACE::2021-05-26.13:33:31::SCWMssOS::make -C microblaze_0/libsrc/intc_v3_12/src -s clean 

TRACE::2021-05-26.13:33:31::SCWMssOS::make -C microblaze_0/libsrc/standalone_v7_3/src -s clean 

TRACE::2021-05-26.13:33:31::SCWMssOS::make -C microblaze_0/libsrc/tmrctr_v4_7/src -s clean 

TRACE::2021-05-26.13:33:32::SCWMssOS::make -C microblaze_0/libsrc/uartlite_v3_5/src -s clean 

TRACE::2021-05-26.13:33:32::SCWMssOS::rm -f microblaze_0/lib/libxil.a

LOG::2021-05-26.13:33:54::SCWPlatform::Started generating the artifacts platform mb_design_custom_periph
TRACE::2021-05-26.13:33:54::SCWPlatform::Sanity checking of platform is completed
LOG::2021-05-26.13:33:54::SCWPlatform::Started generating the artifacts for system configuration mb_design_custom_periph
LOG::2021-05-26.13:33:54::SCWSystem::Checking the domain standalone_microblaze_0
LOG::2021-05-26.13:33:54::SCWSystem::Not a boot domain 
LOG::2021-05-26.13:33:54::SCWSystem::Started Processing the domain standalone_microblaze_0
TRACE::2021-05-26.13:33:54::SCWDomain::Generating domain artifcats
TRACE::2021-05-26.13:33:54::SCWMssOS::Generating standalone artifcats
TRACE::2021-05-26.13:33:54::SCWMssOS:: Copying the user libraries. 
TRACE::2021-05-26.13:33:54::SCWPlatform::Trying to open the hw design at C:/Users/pedra/Documents/CR/labs/vitis_workspace/mb_design_custom_periph/hw/mb_design_custom_periph.xsa
TRACE::2021-05-26.13:33:54::SCWPlatform::DSA given C:/Users/pedra/Documents/CR/labs/vitis_workspace/mb_design_custom_periph/hw/mb_design_custom_periph.xsa
TRACE::2021-05-26.13:33:54::SCWPlatform::DSA absoulate path C:/Users/pedra/Documents/CR/labs/vitis_workspace/mb_design_custom_periph/hw/mb_design_custom_periph.xsa
TRACE::2021-05-26.13:33:54::SCWPlatform::DSA directory C:/Users/pedra/Documents/CR/labs/vitis_workspace/mb_design_custom_periph/hw
TRACE::2021-05-26.13:33:54::SCWPlatform:: Platform Path C:/Users/pedra/Documents/CR/labs/vitis_workspace/mb_design_custom_periph/hw/mb_design_custom_periph.xsa
TRACE::2021-05-26.13:33:54::SCWPlatform:: Unique name xilinx:nexys4::0.0
TRACE::2021-05-26.13:33:54::SCWPlatform::Trying to set the existing hwdb with name mb_design_wrapper_0
TRACE::2021-05-26.13:33:54::SCWPlatform::Opened existing hwdb mb_design_wrapper_0
TRACE::2021-05-26.13:33:54::SCWPlatform::Found the Hw Db part of the input DSA
TRACE::2021-05-26.13:33:54::SCWMssOS::Checking the sw design at  C:/Users/pedra/Documents/CR/labs/vitis_workspace/mb_design_custom_periph/microblaze_0/standalone_microblaze_0/bsp/system.mss
TRACE::2021-05-26.13:33:54::SCWMssOS::DEBUG:  swdes dump  C:/Users/pedra/Documents/CR/labs/vitis_workspace/mb_design_custom_periph/microblaze_0/standalone_microblaze_0/bsp/system.mss|system||

TRACE::2021-05-26.13:33:54::SCWMssOS::Sw design exists and opened at  C:/Users/pedra/Documents/CR/labs/vitis_workspace/mb_design_custom_periph/microblaze_0/standalone_microblaze_0/bsp/system.mss
TRACE::2021-05-26.13:33:54::SCWMssOS::Completed writing the mss file at C:/Users/pedra/Documents/CR/labs/vitis_workspace/mb_design_custom_periph/microblaze_0/standalone_microblaze_0/bsp
TRACE::2021-05-26.13:33:54::SCWMssOS::Mss edits present, copying mssfile into export location C:/Users/pedra/Documents/CR/labs/vitis_workspace/mb_design_custom_periph/microblaze_0/standalone_microblaze_0/bsp/system.mss
TRACE::2021-05-26.13:33:54::SCWMssOS::bsp generated is upto date with the mss file. Skipping bsp generation.
TRACE::2021-05-26.13:33:54::SCWMssOS::BSP is already built. skipping the bsp build ... 
TRACE::2021-05-26.13:33:54::SCWDomain::Building the domain as part of full build :  standalone_microblaze_0
TRACE::2021-05-26.13:33:54::SCWMssOS::doing bsp build ... 
TRACE::2021-05-26.13:33:54::SCWMssOS::System Command Ran  C: & cd  C:/Users/pedra/Documents/CR/labs/vitis_workspace/mb_design_custom_periph/microblaze_0/standalone_microblaze_0/bsp & make 
TRACE::2021-05-26.13:33:54::SCWMssOS::make --no-print-directory seq_libs

TRACE::2021-05-26.13:33:54::SCWMssOS::"Running Make include in microblaze_0/libsrc/bram_v4_5/src"

TRACE::2021-05-26.13:33:54::SCWMssOS::make -C microblaze_0/libsrc/bram_v4_5/src -s include  "SHELL=CMD" "COMPILER=mb-gcc" "ASSEMBLER=mb-as" "ARCHIVER=mb-ar" "COMPILE
TRACE::2021-05-26.13:33:54::SCWMssOS::R_FLAGS=  -O2 -c -mcpu=v11.0 -mlittle-endian -mxl-soft-mul" "EXTRA_COMPILER_FLAGS=-g -ffunction-sections -fdata-sections -Wall 
TRACE::2021-05-26.13:33:54::SCWMssOS::-Wextra"

TRACE::2021-05-26.13:33:54::SCWMssOS::"Running Make include in microblaze_0/libsrc/cpu_v2_12/src"

TRACE::2021-05-26.13:33:54::SCWMssOS::make -C microblaze_0/libsrc/cpu_v2_12/src -s include  "SHELL=CMD" "COMPILER=mb-gcc" "ASSEMBLER=mb-as" "ARCHIVER=mb-ar" "COMPILE
TRACE::2021-05-26.13:33:54::SCWMssOS::R_FLAGS=  -O2 -c -mcpu=v11.0 -mlittle-endian -mxl-soft-mul" "EXTRA_COMPILER_FLAGS=-g -ffunction-sections -fdata-sections -Wall 
TRACE::2021-05-26.13:33:54::SCWMssOS::-Wextra"

TRACE::2021-05-26.13:33:54::SCWMssOS::"Running Make include in microblaze_0/libsrc/CustomPeriph_v1_0/src"

TRACE::2021-05-26.13:33:54::SCWMssOS::make -C microblaze_0/libsrc/CustomPeriph_v1_0/src -s include  "SHELL=CMD" "COMPILER=mb-gcc" "ASSEMBLER=mb-as" "ARCHIVER=mb-ar" 
TRACE::2021-05-26.13:33:54::SCWMssOS::"COMPILER_FLAGS=  -O2 -c -mcpu=v11.0 -mlittle-endian -mxl-soft-mul" "EXTRA_COMPILER_FLAGS=-g -ffunction-sections -fdata-section
TRACE::2021-05-26.13:33:54::SCWMssOS::s -Wall -Wextra"

TRACE::2021-05-26.13:33:54::SCWMssOS::"Running Make include in microblaze_0/libsrc/gpio_v4_7/src"

TRACE::2021-05-26.13:33:54::SCWMssOS::make -C microblaze_0/libsrc/gpio_v4_7/src -s include  "SHELL=CMD" "COMPILER=mb-gcc" "ASSEMBLER=mb-as" "ARCHIVER=mb-ar" "COMPILE
TRACE::2021-05-26.13:33:54::SCWMssOS::R_FLAGS=  -O2 -c -mcpu=v11.0 -mlittle-endian -mxl-soft-mul" "EXTRA_COMPILER_FLAGS=-g -ffunction-sections -fdata-sections -Wall 
TRACE::2021-05-26.13:33:54::SCWMssOS::-Wextra"

TRACE::2021-05-26.13:33:55::SCWMssOS::"Running Make include in microblaze_0/libsrc/intc_v3_12/src"

TRACE::2021-05-26.13:33:55::SCWMssOS::make -C microblaze_0/libsrc/intc_v3_12/src -s include  "SHELL=CMD" "COMPILER=mb-gcc" "ASSEMBLER=mb-as" "ARCHIVER=mb-ar" "COMPIL
TRACE::2021-05-26.13:33:55::SCWMssOS::ER_FLAGS=  -O2 -c -mcpu=v11.0 -mlittle-endian -mxl-soft-mul" "EXTRA_COMPILER_FLAGS=-g -ffunction-sections -fdata-sections -Wall
TRACE::2021-05-26.13:33:55::SCWMssOS:: -Wextra"

TRACE::2021-05-26.13:33:55::SCWMssOS::"Running Make include in microblaze_0/libsrc/standalone_v7_3/src"

TRACE::2021-05-26.13:33:55::SCWMssOS::make -C microblaze_0/libsrc/standalone_v7_3/src -s include  "SHELL=CMD" "COMPILER=mb-gcc" "ASSEMBLER=mb-as" "ARCHIVER=mb-ar" "C
TRACE::2021-05-26.13:33:55::SCWMssOS::OMPILER_FLAGS=  -O2 -c -mcpu=v11.0 -mlittle-endian -mxl-soft-mul" "EXTRA_COMPILER_FLAGS=-g -ffunction-sections -fdata-sections 
TRACE::2021-05-26.13:33:55::SCWMssOS::-Wall -Wextra"

TRACE::2021-05-26.13:33:56::SCWMssOS::"Running Make include in microblaze_0/libsrc/tmrctr_v4_7/src"

TRACE::2021-05-26.13:33:56::SCWMssOS::make -C microblaze_0/libsrc/tmrctr_v4_7/src -s include  "SHELL=CMD" "COMPILER=mb-gcc" "ASSEMBLER=mb-as" "ARCHIVER=mb-ar" "COMPI
TRACE::2021-05-26.13:33:56::SCWMssOS::LER_FLAGS=  -O2 -c -mcpu=v11.0 -mlittle-endian -mxl-soft-mul" "EXTRA_COMPILER_FLAGS=-g -ffunction-sections -fdata-sections -Wal
TRACE::2021-05-26.13:33:56::SCWMssOS::l -Wextra"

TRACE::2021-05-26.13:33:56::SCWMssOS::"Running Make include in microblaze_0/libsrc/uartlite_v3_5/src"

TRACE::2021-05-26.13:33:56::SCWMssOS::make -C microblaze_0/libsrc/uartlite_v3_5/src -s include  "SHELL=CMD" "COMPILER=mb-gcc" "ASSEMBLER=mb-as" "ARCHIVER=mb-ar" "COM
TRACE::2021-05-26.13:33:56::SCWMssOS::PILER_FLAGS=  -O2 -c -mcpu=v11.0 -mlittle-endian -mxl-soft-mul" "EXTRA_COMPILER_FLAGS=-g -ffunction-sections -fdata-sections -W
TRACE::2021-05-26.13:33:56::SCWMssOS::all -Wextra"

TRACE::2021-05-26.13:33:56::SCWMssOS::"Running Make libs in microblaze_0/libsrc/CustomPeriph_v1_0/src"

TRACE::2021-05-26.13:33:56::SCWMssOS::make -C microblaze_0/libsrc/CustomPeriph_v1_0/src -s libs  "SHELL=CMD" "COMPILER=mb-gcc" "ASSEMBLER=mb-as" "ARCHIVER=mb-ar" "CO
TRACE::2021-05-26.13:33:56::SCWMssOS::MPILER_FLAGS=  -O2 -c -mcpu=v11.0 -mlittle-endian -mxl-soft-mul" "EXTRA_COMPILER_FLAGS=-g -ffunction-sections -fdata-sections -
TRACE::2021-05-26.13:33:56::SCWMssOS::Wall -Wextra"

TRACE::2021-05-26.13:33:56::SCWMssOS::"Compiling CustomPeriph..."

TRACE::2021-05-26.13:33:56::SCWMssOS::'Finished building libraries sequentially.'

TRACE::2021-05-26.13:33:56::SCWMssOS::make -j --no-print-directory par_libs

TRACE::2021-05-26.13:33:56::SCWMssOS::"Running Make include in microblaze_0/libsrc/bram_v4_5/src"

TRACE::2021-05-26.13:33:56::SCWMssOS::make -C microblaze_0/libsrc/bram_v4_5/src -s include  "SHELL=CMD" "COMPILER=mb-gcc" "ASSEMBLER=mb-as" "ARCHIVER=mb-ar" "COMPILE
TRACE::2021-05-26.13:33:56::SCWMssOS::R_FLAGS=  -O2 -c -mcpu=v11.0 -mlittle-endian -mxl-soft-mul" "EXTRA_COMPILER_FLAGS=-g -ffunction-sections -fdata-sections -Wall 
TRACE::2021-05-26.13:33:56::SCWMssOS::-Wextra"

TRACE::2021-05-26.13:33:56::SCWMssOS::"Running Make include in microblaze_0/libsrc/cpu_v2_12/src"

TRACE::2021-05-26.13:33:56::SCWMssOS::make -C microblaze_0/libsrc/cpu_v2_12/src -s include  "SHELL=CMD" "COMPILER=mb-gcc" "ASSEMBLER=mb-as" "ARCHIVER=mb-ar" "COMPILE
TRACE::2021-05-26.13:33:56::SCWMssOS::R_FLAGS=  -O2 -c -mcpu=v11.0 -mlittle-endian -mxl-soft-mul" "EXTRA_COMPILER_FLAGS=-g -ffunction-sections -fdata-sections -Wall 
TRACE::2021-05-26.13:33:56::SCWMssOS::-Wextra"

TRACE::2021-05-26.13:33:56::SCWMssOS::"Running Make include in microblaze_0/libsrc/CustomPeriph_v1_0/src"

TRACE::2021-05-26.13:33:56::SCWMssOS::make -C microblaze_0/libsrc/CustomPeriph_v1_0/src -s include  "SHELL=CMD" "COMPILER=mb-gcc" "ASSEMBLER=mb-as" "ARCHIVER=mb-ar" 
TRACE::2021-05-26.13:33:56::SCWMssOS::"COMPILER_FLAGS=  -O2 -c -mcpu=v11.0 -mlittle-endian -mxl-soft-mul" "EXTRA_COMPILER_FLAGS=-g -ffunction-sections -fdata-section
TRACE::2021-05-26.13:33:56::SCWMssOS::s -Wall -Wextra"

TRACE::2021-05-26.13:33:56::SCWMssOS::"Running Make include in microblaze_0/libsrc/gpio_v4_7/src"

TRACE::2021-05-26.13:33:56::SCWMssOS::make -C microblaze_0/libsrc/gpio_v4_7/src -s include  "SHELL=CMD" "COMPILER=mb-gcc" "ASSEMBLER=mb-as" "ARCHIVER=mb-ar" "COMPILE
TRACE::2021-05-26.13:33:56::SCWMssOS::R_FLAGS=  -O2 -c -mcpu=v11.0 -mlittle-endian -mxl-soft-mul" "EXTRA_COMPILER_FLAGS=-g -ffunction-sections -fdata-sections -Wall 
TRACE::2021-05-26.13:33:56::SCWMssOS::-Wextra"

TRACE::2021-05-26.13:33:57::SCWMssOS::"Running Make include in microblaze_0/libsrc/intc_v3_12/src"

TRACE::2021-05-26.13:33:57::SCWMssOS::make -C microblaze_0/libsrc/intc_v3_12/src -s include  "SHELL=CMD" "COMPILER=mb-gcc" "ASSEMBLER=mb-as" "ARCHIVER=mb-ar" "COMPIL
TRACE::2021-05-26.13:33:57::SCWMssOS::ER_FLAGS=  -O2 -c -mcpu=v11.0 -mlittle-endian -mxl-soft-mul" "EXTRA_COMPILER_FLAGS=-g -ffunction-sections -fdata-sections -Wall
TRACE::2021-05-26.13:33:57::SCWMssOS:: -Wextra"

TRACE::2021-05-26.13:33:57::SCWMssOS::"Running Make include in microblaze_0/libsrc/standalone_v7_3/src"

TRACE::2021-05-26.13:33:57::SCWMssOS::make -C microblaze_0/libsrc/standalone_v7_3/src -s include  "SHELL=CMD" "COMPILER=mb-gcc" "ASSEMBLER=mb-as" "ARCHIVER=mb-ar" "C
TRACE::2021-05-26.13:33:57::SCWMssOS::OMPILER_FLAGS=  -O2 -c -mcpu=v11.0 -mlittle-endian -mxl-soft-mul" "EXTRA_COMPILER_FLAGS=-g -ffunction-sections -fdata-sections 
TRACE::2021-05-26.13:33:57::SCWMssOS::-Wall -Wextra"

TRACE::2021-05-26.13:33:57::SCWMssOS::"Running Make include in microblaze_0/libsrc/tmrctr_v4_7/src"

TRACE::2021-05-26.13:33:57::SCWMssOS::make -C microblaze_0/libsrc/tmrctr_v4_7/src -s include  "SHELL=CMD" "COMPILER=mb-gcc" "ASSEMBLER=mb-as" "ARCHIVER=mb-ar" "COMPI
TRACE::2021-05-26.13:33:57::SCWMssOS::LER_FLAGS=  -O2 -c -mcpu=v11.0 -mlittle-endian -mxl-soft-mul" "EXTRA_COMPILER_FLAGS=-g -ffunction-sections -fdata-sections -Wal
TRACE::2021-05-26.13:33:57::SCWMssOS::l -Wextra"

TRACE::2021-05-26.13:33:57::SCWMssOS::"Running Make include in microblaze_0/libsrc/uartlite_v3_5/src"

TRACE::2021-05-26.13:33:57::SCWMssOS::make -C microblaze_0/libsrc/uartlite_v3_5/src -s include  "SHELL=CMD" "COMPILER=mb-gcc" "ASSEMBLER=mb-as" "ARCHIVER=mb-ar" "COM
TRACE::2021-05-26.13:33:57::SCWMssOS::PILER_FLAGS=  -O2 -c -mcpu=v11.0 -mlittle-endian -mxl-soft-mul" "EXTRA_COMPILER_FLAGS=-g -ffunction-sections -fdata-sections -W
TRACE::2021-05-26.13:33:57::SCWMssOS::all -Wextra"

TRACE::2021-05-26.13:33:57::SCWMssOS::"Running Make libs in microblaze_0/libsrc/bram_v4_5/src"

TRACE::2021-05-26.13:33:57::SCWMssOS::make -C microblaze_0/libsrc/bram_v4_5/src -s libs  "SHELL=CMD" "COMPILER=mb-gcc" "ASSEMBLER=mb-as" "ARCHIVER=mb-ar" "COMPILER_F
TRACE::2021-05-26.13:33:57::SCWMssOS::LAGS=  -O2 -c -mcpu=v11.0 -mlittle-endian -mxl-soft-mul" "EXTRA_COMPILER_FLAGS=-g -ffunction-sections -fdata-sections -Wall -We
TRACE::2021-05-26.13:33:57::SCWMssOS::xtra"

TRACE::2021-05-26.13:33:57::SCWMssOS::"Running Make libs in microblaze_0/libsrc/cpu_v2_12/src"

TRACE::2021-05-26.13:33:57::SCWMssOS::make -C microblaze_0/libsrc/cpu_v2_12/src -s libs  "SHELL=CMD" "COMPILER=mb-gcc" "ASSEMBLER=mb-as" "ARCHIVER=mb-ar" "COMPILER_F
TRACE::2021-05-26.13:33:57::SCWMssOS::LAGS=  -O2 -c -mcpu=v11.0 -mlittle-endian -mxl-soft-mul" "EXTRA_COMPILER_FLAGS=-g -ffunction-sections -fdata-sections -Wall -We
TRACE::2021-05-26.13:33:57::SCWMssOS::xtra"

TRACE::2021-05-26.13:33:57::SCWMssOS::"Running Make libs in microblaze_0/libsrc/gpio_v4_7/src"

TRACE::2021-05-26.13:33:57::SCWMssOS::make -C microblaze_0/libsrc/gpio_v4_7/src -s libs  "SHELL=CMD" "COMPILER=mb-gcc" "ASSEMBLER=mb-as" "ARCHIVER=mb-ar" "COMPILER_F
TRACE::2021-05-26.13:33:57::SCWMssOS::LAGS=  -O2 -c -mcpu=v11.0 -mlittle-endian -mxl-soft-mul" "EXTRA_COMPILER_FLAGS=-g -ffunction-sections -fdata-sections -Wall -We
TRACE::2021-05-26.13:33:57::SCWMssOS::xtra"

TRACE::2021-05-26.13:33:57::SCWMssOS::"Running Make libs in microblaze_0/libsrc/intc_v3_12/src"

TRACE::2021-05-26.13:33:57::SCWMssOS::make -C microblaze_0/libsrc/intc_v3_12/src -s libs  "SHELL=CMD" "COMPILER=mb-gcc" "ASSEMBLER=mb-as" "ARCHIVER=mb-ar" "COMPILER_
TRACE::2021-05-26.13:33:57::SCWMssOS::FLAGS=  -O2 -c -mcpu=v11.0 -mlittle-endian -mxl-soft-mul" "EXTRA_COMPILER_FLAGS=-g -ffunction-sections -fdata-sections -Wall -W
TRACE::2021-05-26.13:33:57::SCWMssOS::extra"

TRACE::2021-05-26.13:33:57::SCWMssOS::"Running Make libs in microblaze_0/libsrc/standalone_v7_3/src"

TRACE::2021-05-26.13:33:57::SCWMssOS::make -C microblaze_0/libsrc/standalone_v7_3/src -s libs  "SHELL=CMD" "COMPILER=mb-gcc" "ASSEMBLER=mb-as" "ARCHIVER=mb-ar" "COMP
TRACE::2021-05-26.13:33:57::SCWMssOS::ILER_FLAGS=  -O2 -c -mcpu=v11.0 -mlittle-endian -mxl-soft-mul" "EXTRA_COMPILER_FLAGS=-g -ffunction-sections -fdata-sections -Wa
TRACE::2021-05-26.13:33:57::SCWMssOS::ll -Wextra"

TRACE::2021-05-26.13:33:57::SCWMssOS::"Running Make libs in microblaze_0/libsrc/tmrctr_v4_7/src"

TRACE::2021-05-26.13:33:57::SCWMssOS::make -C microblaze_0/libsrc/tmrctr_v4_7/src -s libs  "SHELL=CMD" "COMPILER=mb-gcc" "ASSEMBLER=mb-as" "ARCHIVER=mb-ar" "COMPILER
TRACE::2021-05-26.13:33:57::SCWMssOS::_FLAGS=  -O2 -c -mcpu=v11.0 -mlittle-endian -mxl-soft-mul" "EXTRA_COMPILER_FLAGS=-g -ffunction-sections -fdata-sections -Wall -
TRACE::2021-05-26.13:33:57::SCWMssOS::Wextra"

TRACE::2021-05-26.13:33:57::SCWMssOS::"Running Make libs in microblaze_0/libsrc/uartlite_v3_5/src"

TRACE::2021-05-26.13:33:58::SCWMssOS::make -C microblaze_0/libsrc/uartlite_v3_5/src -s libs  "SHELL=CMD" "COMPILER=mb-gcc" "ASSEMBLER=mb-as" "ARCHIVER=mb-ar" "COMPIL
TRACE::2021-05-26.13:33:58::SCWMssOS::ER_FLAGS=  -O2 -c -mcpu=v11.0 -mlittle-endian -mxl-soft-mul" "EXTRA_COMPILER_FLAGS=-g -ffunction-sections -fdata-sections -Wall
TRACE::2021-05-26.13:33:58::SCWMssOS:: -Wextra"

TRACE::2021-05-26.13:33:59::SCWMssOS::"DEBUG NON_LTO_OBJECTS is ../../../lib/microblaze_interrupt_handler.o"

TRACE::2021-05-26.13:34:00::SCWMssOS::'Finished building libraries parallelly.'

TRACE::2021-05-26.13:34:00::SCWMssOS::make --no-print-directory archive

TRACE::2021-05-26.13:34:00::SCWMssOS::mb-ar -r  microblaze_0/lib/libxil.a microblaze_0/lib/xplatform_info.o microblaze_0/lib/xuartlite.o microblaze_0/lib/microblaze_
TRACE::2021-05-26.13:34:00::SCWMssOS::disable_exceptions.o microblaze_0/lib/print.o microblaze_0/lib/xtmrctr_options.o microblaze_0/lib/_exit.o microblaze_0/lib/xil_
TRACE::2021-05-26.13:34:00::SCWMssOS::testio.o microblaze_0/lib/microblaze_disable_dcache.o microblaze_0/lib/microblaze_flush_dcache_range.o microblaze_0/lib/xuartli
TRACE::2021-05-26.13:34:00::SCWMssOS::te_sinit.o microblaze_0/lib/microblaze_flush_cache_ext.o microblaze_0/lib/xbram_sinit.o microblaze_0/lib/xil_misc_psreset_api.o
TRACE::2021-05-26.13:34:00::SCWMssOS:: microblaze_0/lib/xil_cache.o microblaze_0/lib/xil_util.o microblaze_0/lib/inbyte.o microblaze_0/lib/xintc_intr.o microblaze_0/
TRACE::2021-05-26.13:34:00::SCWMssOS::lib/xuartlite_stats.o microblaze_0/lib/microblaze_exception_handler.o microblaze_0/lib/xbram_g.o microblaze_0/lib/microblaze_sc
TRACE::2021-05-26.13:34:00::SCWMssOS::rub.o microblaze_0/lib/microblaze_invalidate_dcache.o microblaze_0/lib/microblaze_disable_interrupts.o microblaze_0/lib/xbram_s
TRACE::2021-05-26.13:34:00::SCWMssOS::elftest.o microblaze_0/lib/microblaze_interrupt_handler.o microblaze_0/lib/microblaze_disable_icache.o microblaze_0/lib/xgpio_g
TRACE::2021-05-26.13:34:00::SCWMssOS::.o microblaze_0/lib/xil_mem.o microblaze_0/lib/microblaze_flush_cache_ext_range.o microblaze_0/lib/xtmrctr_intr.o microblaze_0/
TRACE::2021-05-26.13:34:00::SCWMssOS::lib/xbram_intr.o microblaze_0/lib/xil_sleepcommon.o microblaze_0/lib/xil_printf.o microblaze_0/lib/xintc_g.o microblaze_0/lib/x
TRACE::2021-05-26.13:34:00::SCWMssOS::uartlite_g.o microblaze_0/lib/xtmrctr_l.o microblaze_0/lib/xintc_selftest.o microblaze_0/lib/xintc_l.o microblaze_0/lib/outbyte
TRACE::2021-05-26.13:34:00::SCWMssOS::.o microblaze_0/lib/microblaze_enable_exceptions.o microblaze_0/lib/xgpio_intr.o microblaze_0/lib/microblaze_invalidate_dcache_
TRACE::2021-05-26.13:34:00::SCWMssOS::range.o microblaze_0/lib/microblaze_invalidate_cache_ext.o microblaze_0/lib/microblaze_sleep.o microblaze_0/lib/hw_exception_ha
TRACE::2021-05-26.13:34:00::SCWMssOS::ndler.o microblaze_0/lib/xtmrctr.o microblaze_0/lib/xuartlite_selftest.o microblaze_0/lib/xgpio_sinit.o microblaze_0/lib/microb
TRACE::2021-05-26.13:34:00::SCWMssOS::laze_update_dcache.o microblaze_0/lib/xil_testcache.o microblaze_0/lib/microblaze_selftest.o microblaze_0/lib/microblaze_interr
TRACE::2021-05-26.13:34:00::SCWMssOS::upts_g.o microblaze_0/lib/xio.o microblaze_0/lib/xtmrctr_g.o microblaze_0/lib/microblaze_enable_dcache.o microblaze_0/lib/xbram
TRACE::2021-05-26.13:34:00::SCWMssOS::.o microblaze_0/lib/microblaze_invalidate_icache_range.o microblaze_0/lib/xtmrctr_selftest.o microblaze_0/lib/microblaze_init_d
TRACE::2021-05-26.13:34:00::SCWMssOS::cache_range.o microblaze_0/lib/microblaze_invalidate_icache.o microblaze_0/lib/errno.o microblaze_0/lib/xuartlite_l.o microblaz
TRACE::2021-05-26.13:34:00::SCWMssOS::e_0/lib/xintc_options.o microblaze_0/lib/microblaze_invalidate_cache_ext_range.o microblaze_0/lib/xil_exception.o microblaze_0/
TRACE::2021-05-26.13:34:00::SCWMssOS::lib/pvr.o microblaze_0/lib/xgpio.o microblaze_0/lib/xil_testmem.o microblaze_0/lib/microblaze_update_icache.o microblaze_0/lib/
TRACE::2021-05-26.13:34:00::SCWMssOS::xuartlite_intr.o microblaze_0/lib/microblaze_flush_dcache.o microblaze_0/lib/xil_clocking.o microblaze_0/lib/xil_assert.o micro
TRACE::2021-05-26.13:34:00::SCWMssOS::blaze_0/lib/microblaze_enable_interrupts.o microblaze_0/lib/xgpio_extra.o microblaze_0/lib/microblaze_enable_icache.o microblaz
TRACE::2021-05-26.13:34:00::SCWMssOS::e_0/lib/xintc.o microblaze_0/lib/xtmrctr_stats.o microblaze_0/lib/microblaze_init_icache_range.o microblaze_0/lib/xtmrctr_sinit
TRACE::2021-05-26.13:34:00::SCWMssOS::.o microblaze_0/lib/fcntl.o microblaze_0/lib/xgpio_selftest.o

TRACE::2021-05-26.13:34:00::SCWMssOS::'Finished building libraries'

TRACE::2021-05-26.13:34:00::SCWMssOS::Copying to export directory.
TRACE::2021-05-26.13:34:00::SCWMssOS:: Checking if to create the Supporting Applications
TRACE::2021-05-26.13:34:00::SCWMssOS:: No Linux domain exists, trying to generate FSBL 
LOG::2021-05-26.13:34:00::SCWSystem::Completed Processing the domain standalone_microblaze_0
LOG::2021-05-26.13:34:00::SCWSystem::Completed Processing the sysconfig mb_design_custom_periph
LOG::2021-05-26.13:34:00::SCWPlatform::Completed generating the artifacts for system configuration mb_design_custom_periph
TRACE::2021-05-26.13:34:00::SCWPlatform::Started preparing the platform 
TRACE::2021-05-26.13:34:00::SCWSystem::Writing the bif file for system config mb_design_custom_periph
TRACE::2021-05-26.13:34:00::SCWSystem::dir created 
TRACE::2021-05-26.13:34:00::SCWSystem::Writing the bif 
TRACE::2021-05-26.13:34:00::SCWPlatform::Started writing the spfm file 
TRACE::2021-05-26.13:34:00::SCWPlatform::Started writing the xpfm file 
TRACE::2021-05-26.13:34:00::SCWPlatform::Completed generating the platform
TRACE::2021-05-26.13:34:00::SCWMssOS::Saving the mss changes C:/Users/pedra/Documents/CR/labs/vitis_workspace/mb_design_custom_periph/microblaze_0/standalone_microblaze_0/bsp/system.mss
TRACE::2021-05-26.13:34:00::SCWMssOS::Found a swdesign opened with the mssfile.
TRACE::2021-05-26.13:34:00::SCWMssOS::Completed writemss as part of save.
TRACE::2021-05-26.13:34:00::SCWMssOS::Commit changes completed.
TRACE::2021-05-26.13:34:00::SCWPlatform::Trying to open the hw design at C:/Users/pedra/Documents/CR/labs/vitis_workspace/mb_design_custom_periph/hw/mb_design_custom_periph.xsa
TRACE::2021-05-26.13:34:00::SCWPlatform::DSA given C:/Users/pedra/Documents/CR/labs/vitis_workspace/mb_design_custom_periph/hw/mb_design_custom_periph.xsa
TRACE::2021-05-26.13:34:00::SCWPlatform::DSA absoulate path C:/Users/pedra/Documents/CR/labs/vitis_workspace/mb_design_custom_periph/hw/mb_design_custom_periph.xsa
TRACE::2021-05-26.13:34:00::SCWPlatform::DSA directory C:/Users/pedra/Documents/CR/labs/vitis_workspace/mb_design_custom_periph/hw
TRACE::2021-05-26.13:34:00::SCWPlatform:: Platform Path C:/Users/pedra/Documents/CR/labs/vitis_workspace/mb_design_custom_periph/hw/mb_design_custom_periph.xsa
TRACE::2021-05-26.13:34:00::SCWPlatform:: Unique name xilinx:nexys4::0.0
TRACE::2021-05-26.13:34:00::SCWPlatform::Trying to set the existing hwdb with name mb_design_wrapper_0
TRACE::2021-05-26.13:34:00::SCWPlatform::Opened existing hwdb mb_design_wrapper_0
TRACE::2021-05-26.13:34:00::SCWPlatform::Found the Hw Db part of the input DSA
TRACE::2021-05-26.13:34:00::SCWMssOS::Checking the sw design at  C:/Users/pedra/Documents/CR/labs/vitis_workspace/mb_design_custom_periph/microblaze_0/standalone_microblaze_0/bsp/system.mss
TRACE::2021-05-26.13:34:00::SCWMssOS::DEBUG:  swdes dump  C:/Users/pedra/Documents/CR/labs/vitis_workspace/mb_design_custom_periph/microblaze_0/standalone_microblaze_0/bsp/system.mss|system||

TRACE::2021-05-26.13:34:00::SCWMssOS::Sw design exists and opened at  C:/Users/pedra/Documents/CR/labs/vitis_workspace/mb_design_custom_periph/microblaze_0/standalone_microblaze_0/bsp/system.mss
TRACE::2021-05-26.13:34:00::SCWPlatform::Trying to open the hw design at C:/Users/pedra/Documents/CR/labs/vitis_workspace/mb_design_custom_periph/hw/mb_design_custom_periph.xsa
TRACE::2021-05-26.13:34:00::SCWPlatform::DSA given C:/Users/pedra/Documents/CR/labs/vitis_workspace/mb_design_custom_periph/hw/mb_design_custom_periph.xsa
TRACE::2021-05-26.13:34:00::SCWPlatform::DSA absoulate path C:/Users/pedra/Documents/CR/labs/vitis_workspace/mb_design_custom_periph/hw/mb_design_custom_periph.xsa
TRACE::2021-05-26.13:34:00::SCWPlatform::DSA directory C:/Users/pedra/Documents/CR/labs/vitis_workspace/mb_design_custom_periph/hw
TRACE::2021-05-26.13:34:00::SCWPlatform:: Platform Path C:/Users/pedra/Documents/CR/labs/vitis_workspace/mb_design_custom_periph/hw/mb_design_custom_periph.xsa
TRACE::2021-05-26.13:34:00::SCWPlatform:: Unique name xilinx:nexys4::0.0
TRACE::2021-05-26.13:34:00::SCWPlatform::Trying to set the existing hwdb with name mb_design_wrapper_0
TRACE::2021-05-26.13:34:00::SCWPlatform::Opened existing hwdb mb_design_wrapper_0
TRACE::2021-05-26.13:34:00::SCWPlatform::Found the Hw Db part of the input DSA
TRACE::2021-05-26.13:34:00::SCWMssOS::Checking the sw design at  C:/Users/pedra/Documents/CR/labs/vitis_workspace/mb_design_custom_periph/microblaze_0/standalone_microblaze_0/bsp/system.mss
TRACE::2021-05-26.13:34:00::SCWMssOS::DEBUG:  swdes dump  C:/Users/pedra/Documents/CR/labs/vitis_workspace/mb_design_custom_periph/microblaze_0/standalone_microblaze_0/bsp/system.mss|system||

TRACE::2021-05-26.13:34:00::SCWMssOS::Sw design exists and opened at  C:/Users/pedra/Documents/CR/labs/vitis_workspace/mb_design_custom_periph/microblaze_0/standalone_microblaze_0/bsp/system.mss
TRACE::2021-05-26.13:34:00::SCWPlatform::Trying to open the hw design at C:/Users/pedra/Documents/CR/labs/vitis_workspace/mb_design_custom_periph/hw/mb_design_custom_periph.xsa
TRACE::2021-05-26.13:34:00::SCWPlatform::DSA given C:/Users/pedra/Documents/CR/labs/vitis_workspace/mb_design_custom_periph/hw/mb_design_custom_periph.xsa
TRACE::2021-05-26.13:34:00::SCWPlatform::DSA absoulate path C:/Users/pedra/Documents/CR/labs/vitis_workspace/mb_design_custom_periph/hw/mb_design_custom_periph.xsa
TRACE::2021-05-26.13:34:00::SCWPlatform::DSA directory C:/Users/pedra/Documents/CR/labs/vitis_workspace/mb_design_custom_periph/hw
TRACE::2021-05-26.13:34:00::SCWPlatform:: Platform Path C:/Users/pedra/Documents/CR/labs/vitis_workspace/mb_design_custom_periph/hw/mb_design_custom_periph.xsa
TRACE::2021-05-26.13:34:00::SCWPlatform:: Unique name xilinx:nexys4::0.0
TRACE::2021-05-26.13:34:00::SCWPlatform::Trying to set the existing hwdb with name mb_design_wrapper_0
TRACE::2021-05-26.13:34:00::SCWPlatform::Opened existing hwdb mb_design_wrapper_0
TRACE::2021-05-26.13:34:00::SCWPlatform::Found the Hw Db part of the input DSA
TRACE::2021-05-26.13:34:00::SCWMssOS::Checking the sw design at  C:/Users/pedra/Documents/CR/labs/vitis_workspace/mb_design_custom_periph/microblaze_0/standalone_microblaze_0/bsp/system.mss
TRACE::2021-05-26.13:34:00::SCWMssOS::DEBUG:  swdes dump  C:/Users/pedra/Documents/CR/labs/vitis_workspace/mb_design_custom_periph/microblaze_0/standalone_microblaze_0/bsp/system.mss|system||

TRACE::2021-05-26.13:34:00::SCWMssOS::Sw design exists and opened at  C:/Users/pedra/Documents/CR/labs/vitis_workspace/mb_design_custom_periph/microblaze_0/standalone_microblaze_0/bsp/system.mss
TRACE::2021-05-26.13:34:00::SCWWriter::formatted JSON is {
	"platformName":	"mb_design_custom_periph",
	"sprVersion":	"2.0",
	"mode":	"gui",
	"dsaType":	"Fixed",
	"platformDesc":	"mb_design_custom_periph",
	"platHandOff":	"C:/Users/pedra/Documents/CR/labs/lab7/CustomPeriph/mb_design_custom_periph.xsa",
	"platIntHandOff":	"<platformDir>/hw/mb_design_custom_periph.xsa",
	"deviceType":	"FPGA",
	"platIsPrebuiltAutogen":	"false",
	"platIsNoBootBsp":	"false",
	"hasFsblMakeHasChanges":	"false",
	"hasPmufwMakeHasChanges":	"false",
	"platPreBuiltFlag":	false,
	"platformSamplesDir":	"",
	"platActiveSys":	"mb_design_custom_periph",
	"systems":	[{
			"systemName":	"mb_design_custom_periph",
			"systemDesc":	"mb_design_custom_periph",
			"sysIsBootAutoGen":	"true",
			"systemDispName":	"mb_design_custom_periph",
			"sysActiveDom":	"standalone_microblaze_0",
			"sysDefaultDom":	"standalone_microblaze_0",
			"domains":	[{
					"domainName":	"standalone_microblaze_0",
					"domainDispName":	"standalone_microblaze_0",
					"domainDesc":	"standalone_microblaze_0",
					"processors":	"microblaze_0",
					"os":	"standalone",
					"sdxOs":	"standalone",
					"debugEnable":	"False",
					"domRuntimes":	["cpp"],
					"swRepo":	"",
					"mssOsVer":	"7.3",
					"mssFile":	"",
					"md5Digest":	"e02d436cba218d01e6748d52e2134c52",
					"compatibleApp":	"hello_world",
					"domType":	"mssDomain",
					"arch":	"32-bit",
					"appSettings":	{
						"appCompilerFlags":	"",
						"appLinkerFlags":	""
					},
					"addedLibs":	[],
					"libOptions":	{
						"libsContainingOptions":	[]
					},
					"prebuiltLibs":	{
						"prebuiltIncPath":	[],
						"prebuiltLibPath":	[]
					},
					"isolation":	{
					}
				}]
		}]
}
KEYINFO::2021-05-26.13:34:00::SCWPlatform::updated the xpfm file.
TRACE::2021-05-26.13:34:01::SCWPlatform::Trying to open the hw design at C:/Users/pedra/Documents/CR/labs/vitis_workspace/mb_design_custom_periph/hw/mb_design_custom_periph.xsa
TRACE::2021-05-26.13:34:01::SCWPlatform::DSA given C:/Users/pedra/Documents/CR/labs/vitis_workspace/mb_design_custom_periph/hw/mb_design_custom_periph.xsa
TRACE::2021-05-26.13:34:01::SCWPlatform::DSA absoulate path C:/Users/pedra/Documents/CR/labs/vitis_workspace/mb_design_custom_periph/hw/mb_design_custom_periph.xsa
TRACE::2021-05-26.13:34:01::SCWPlatform::DSA directory C:/Users/pedra/Documents/CR/labs/vitis_workspace/mb_design_custom_periph/hw
TRACE::2021-05-26.13:34:01::SCWPlatform:: Platform Path C:/Users/pedra/Documents/CR/labs/vitis_workspace/mb_design_custom_periph/hw/mb_design_custom_periph.xsa
TRACE::2021-05-26.13:34:01::SCWPlatform:: Unique name xilinx:nexys4::0.0
TRACE::2021-05-26.13:34:01::SCWPlatform::Trying to set the existing hwdb with name mb_design_wrapper_0
TRACE::2021-05-26.13:34:01::SCWPlatform::Opened existing hwdb mb_design_wrapper_0
TRACE::2021-05-26.13:34:01::SCWPlatform::Found the Hw Db part of the input DSA
TRACE::2021-05-26.13:34:01::SCWMssOS::Checking the sw design at  C:/Users/pedra/Documents/CR/labs/vitis_workspace/mb_design_custom_periph/microblaze_0/standalone_microblaze_0/bsp/system.mss
TRACE::2021-05-26.13:34:01::SCWMssOS::DEBUG:  swdes dump  C:/Users/pedra/Documents/CR/labs/vitis_workspace/mb_design_custom_periph/microblaze_0/standalone_microblaze_0/bsp/system.mss|system||

TRACE::2021-05-26.13:34:01::SCWMssOS::Sw design exists and opened at  C:/Users/pedra/Documents/CR/labs/vitis_workspace/mb_design_custom_periph/microblaze_0/standalone_microblaze_0/bsp/system.mss
