TRACE::2021-06-01.19:51:19::SCWPlatform::Trying to open the hw design at C:/Users/pedra/Documents/CR/labs/vitis_workspace/ReverseEndianness/hw/ReverseEndianness.xsa
TRACE::2021-06-01.19:51:19::SCWPlatform::DSA given C:/Users/pedra/Documents/CR/labs/vitis_workspace/ReverseEndianness/hw/ReverseEndianness.xsa
TRACE::2021-06-01.19:51:19::SCWPlatform::DSA absoulate path C:/Users/pedra/Documents/CR/labs/vitis_workspace/ReverseEndianness/hw/ReverseEndianness.xsa
TRACE::2021-06-01.19:51:25::SCWPlatform::DSA directory C:/Users/pedra/Documents/CR/labs/vitis_workspace/ReverseEndianness/hw
TRACE::2021-06-01.19:51:25::SCWPlatform:: Platform Path C:/Users/pedra/Documents/CR/labs/vitis_workspace/ReverseEndianness/hw/ReverseEndianness.xsa
TRACE::2021-06-01.19:51:25::SCWPlatform:: Unique name xilinx:nexys4::0.0
TRACE::2021-06-01.19:51:25::SCWPlatform::Do not have an existing db opened. 
TRACE::2021-06-01.19:51:26::SCWPlatform::Opened new HwDB with name mb_design_wrapper_0
TRACE::2021-06-01.19:51:26::SCWWriter::formatted JSON is {
	"platformName":	"ReverseEndianness",
	"sprVersion":	"2.0",
	"mode":	"gui",
	"dsaType":	"Fixed",
	"platformDesc":	"ReverseEndianness",
	"platHandOff":	"C:/Users/pedra/Documents/CR/labs/aula8/ReverseEndianness/ReverseEndianness.xsa",
	"platIntHandOff":	"<platformDir>/hw/ReverseEndianness.xsa",
	"deviceType":	"FPGA",
	"platIsPrebuiltAutogen":	"false",
	"platIsNoBootBsp":	"false",
	"hasFsblMakeHasChanges":	"false",
	"hasPmufwMakeHasChanges":	"false",
	"platPreBuiltFlag":	false,
	"platformSamplesDir":	""
}
TRACE::2021-06-01.19:51:26::SCWWriter::formatted JSON is {
	"platformName":	"ReverseEndianness",
	"sprVersion":	"2.0",
	"mode":	"gui",
	"dsaType":	"Fixed",
	"platformDesc":	"ReverseEndianness",
	"platHandOff":	"C:/Users/pedra/Documents/CR/labs/aula8/ReverseEndianness/ReverseEndianness.xsa",
	"platIntHandOff":	"<platformDir>/hw/ReverseEndianness.xsa",
	"deviceType":	"FPGA",
	"platIsPrebuiltAutogen":	"false",
	"platIsNoBootBsp":	"false",
	"hasFsblMakeHasChanges":	"false",
	"hasPmufwMakeHasChanges":	"false",
	"platPreBuiltFlag":	false,
	"platformSamplesDir":	"",
	"platActiveSys":	"ReverseEndianness",
	"systems":	[{
			"systemName":	"ReverseEndianness",
			"systemDesc":	"ReverseEndianness",
			"sysIsBootAutoGen":	"true",
			"systemDispName":	"ReverseEndianness"
		}]
}
TRACE::2021-06-01.19:51:26::SCWPlatform::Boot application domains not present, creating them
TRACE::2021-06-01.19:51:26::SCWPlatform::Pure FPGA device, no boot application will be created.
TRACE::2021-06-01.19:51:26::SCWWriter::formatted JSON is {
	"platformName":	"ReverseEndianness",
	"sprVersion":	"2.0",
	"mode":	"gui",
	"dsaType":	"Fixed",
	"platformDesc":	"ReverseEndianness",
	"platHandOff":	"C:/Users/pedra/Documents/CR/labs/aula8/ReverseEndianness/ReverseEndianness.xsa",
	"platIntHandOff":	"<platformDir>/hw/ReverseEndianness.xsa",
	"deviceType":	"FPGA",
	"platIsPrebuiltAutogen":	"false",
	"platIsNoBootBsp":	"false",
	"hasFsblMakeHasChanges":	"false",
	"hasPmufwMakeHasChanges":	"false",
	"platPreBuiltFlag":	false,
	"platformSamplesDir":	"",
	"platActiveSys":	"ReverseEndianness",
	"systems":	[{
			"systemName":	"ReverseEndianness",
			"systemDesc":	"ReverseEndianness",
			"sysIsBootAutoGen":	"true",
			"systemDispName":	"ReverseEndianness"
		}]
}
TRACE::2021-06-01.19:51:26::SCWWriter::formatted JSON is {
	"platformName":	"ReverseEndianness",
	"sprVersion":	"2.0",
	"mode":	"gui",
	"dsaType":	"Fixed",
	"platformDesc":	"ReverseEndianness",
	"platHandOff":	"C:/Users/pedra/Documents/CR/labs/aula8/ReverseEndianness/ReverseEndianness.xsa",
	"platIntHandOff":	"<platformDir>/hw/ReverseEndianness.xsa",
	"deviceType":	"FPGA",
	"platIsPrebuiltAutogen":	"false",
	"platIsNoBootBsp":	"false",
	"hasFsblMakeHasChanges":	"false",
	"hasPmufwMakeHasChanges":	"false",
	"platPreBuiltFlag":	false,
	"platformSamplesDir":	"",
	"platActiveSys":	"ReverseEndianness",
	"systems":	[{
			"systemName":	"ReverseEndianness",
			"systemDesc":	"ReverseEndianness",
			"sysIsBootAutoGen":	"true",
			"systemDispName":	"ReverseEndianness"
		}]
}
TRACE::2021-06-01.19:51:26::SCWPlatform::Trying to open the hw design at C:/Users/pedra/Documents/CR/labs/vitis_workspace/ReverseEndianness/hw/ReverseEndianness.xsa
TRACE::2021-06-01.19:51:26::SCWPlatform::DSA given C:/Users/pedra/Documents/CR/labs/vitis_workspace/ReverseEndianness/hw/ReverseEndianness.xsa
TRACE::2021-06-01.19:51:26::SCWPlatform::DSA absoulate path C:/Users/pedra/Documents/CR/labs/vitis_workspace/ReverseEndianness/hw/ReverseEndianness.xsa
TRACE::2021-06-01.19:51:26::SCWPlatform::DSA directory C:/Users/pedra/Documents/CR/labs/vitis_workspace/ReverseEndianness/hw
TRACE::2021-06-01.19:51:26::SCWPlatform:: Platform Path C:/Users/pedra/Documents/CR/labs/vitis_workspace/ReverseEndianness/hw/ReverseEndianness.xsa
TRACE::2021-06-01.19:51:26::SCWPlatform:: Unique name xilinx:nexys4::0.0
TRACE::2021-06-01.19:51:26::SCWPlatform::Trying to set the existing hwdb with name mb_design_wrapper_0
TRACE::2021-06-01.19:51:26::SCWPlatform::Opened existing hwdb mb_design_wrapper_0
TRACE::2021-06-01.19:51:26::SCWPlatform::Found the Hw Db part of the input DSA
TRACE::2021-06-01.19:51:26::SCWDomain::checking for install qemu data   : 
TRACE::2021-06-01.19:51:26::SCWPlatform::Trying to open the hw design at C:/Users/pedra/Documents/CR/labs/vitis_workspace/ReverseEndianness/hw/ReverseEndianness.xsa
TRACE::2021-06-01.19:51:26::SCWPlatform::DSA given C:/Users/pedra/Documents/CR/labs/vitis_workspace/ReverseEndianness/hw/ReverseEndianness.xsa
TRACE::2021-06-01.19:51:26::SCWPlatform::DSA absoulate path C:/Users/pedra/Documents/CR/labs/vitis_workspace/ReverseEndianness/hw/ReverseEndianness.xsa
TRACE::2021-06-01.19:51:26::SCWPlatform::DSA directory C:/Users/pedra/Documents/CR/labs/vitis_workspace/ReverseEndianness/hw
TRACE::2021-06-01.19:51:26::SCWPlatform:: Platform Path C:/Users/pedra/Documents/CR/labs/vitis_workspace/ReverseEndianness/hw/ReverseEndianness.xsa
TRACE::2021-06-01.19:51:26::SCWPlatform:: Unique name xilinx:nexys4::0.0
TRACE::2021-06-01.19:51:26::SCWPlatform::Trying to set the existing hwdb with name mb_design_wrapper_0
TRACE::2021-06-01.19:51:26::SCWPlatform::Opened existing hwdb mb_design_wrapper_0
TRACE::2021-06-01.19:51:26::SCWPlatform::Found the Hw Db part of the input DSA
TRACE::2021-06-01.19:51:26::SCWPlatform::Trying to open the hw design at C:/Users/pedra/Documents/CR/labs/vitis_workspace/ReverseEndianness/hw/ReverseEndianness.xsa
TRACE::2021-06-01.19:51:26::SCWPlatform::DSA given C:/Users/pedra/Documents/CR/labs/vitis_workspace/ReverseEndianness/hw/ReverseEndianness.xsa
TRACE::2021-06-01.19:51:26::SCWPlatform::DSA absoulate path C:/Users/pedra/Documents/CR/labs/vitis_workspace/ReverseEndianness/hw/ReverseEndianness.xsa
TRACE::2021-06-01.19:51:26::SCWPlatform::DSA directory C:/Users/pedra/Documents/CR/labs/vitis_workspace/ReverseEndianness/hw
TRACE::2021-06-01.19:51:26::SCWPlatform:: Platform Path C:/Users/pedra/Documents/CR/labs/vitis_workspace/ReverseEndianness/hw/ReverseEndianness.xsa
TRACE::2021-06-01.19:51:26::SCWPlatform:: Unique name xilinx:nexys4::0.0
TRACE::2021-06-01.19:51:26::SCWPlatform::Trying to set the existing hwdb with name mb_design_wrapper_0
TRACE::2021-06-01.19:51:26::SCWPlatform::Opened existing hwdb mb_design_wrapper_0
TRACE::2021-06-01.19:51:26::SCWPlatform::Found the Hw Db part of the input DSA
TRACE::2021-06-01.19:51:26::SCWPlatform::Trying to open the hw design at C:/Users/pedra/Documents/CR/labs/vitis_workspace/ReverseEndianness/hw/ReverseEndianness.xsa
TRACE::2021-06-01.19:51:26::SCWPlatform::DSA given C:/Users/pedra/Documents/CR/labs/vitis_workspace/ReverseEndianness/hw/ReverseEndianness.xsa
TRACE::2021-06-01.19:51:26::SCWPlatform::DSA absoulate path C:/Users/pedra/Documents/CR/labs/vitis_workspace/ReverseEndianness/hw/ReverseEndianness.xsa
TRACE::2021-06-01.19:51:26::SCWPlatform::DSA directory C:/Users/pedra/Documents/CR/labs/vitis_workspace/ReverseEndianness/hw
TRACE::2021-06-01.19:51:26::SCWPlatform:: Platform Path C:/Users/pedra/Documents/CR/labs/vitis_workspace/ReverseEndianness/hw/ReverseEndianness.xsa
TRACE::2021-06-01.19:51:26::SCWPlatform:: Unique name xilinx:nexys4::0.0
TRACE::2021-06-01.19:51:26::SCWPlatform::Trying to set the existing hwdb with name mb_design_wrapper_0
TRACE::2021-06-01.19:51:26::SCWPlatform::Opened existing hwdb mb_design_wrapper_0
TRACE::2021-06-01.19:51:26::SCWPlatform::Found the Hw Db part of the input DSA
TRACE::2021-06-01.19:51:26::SCWMssOS::Checking the sw design at  C:/Users/pedra/Documents/CR/labs/vitis_workspace/ReverseEndianness/microblaze_0/standalone_microblaze_0/bsp/system.mss
TRACE::2021-06-01.19:51:26::SCWMssOS::DEBUG:  swdes dump  
TRACE::2021-06-01.19:51:26::SCWMssOS::No sw design opened at  C:/Users/pedra/Documents/CR/labs/vitis_workspace/ReverseEndianness/microblaze_0/standalone_microblaze_0/bsp/system.mss
TRACE::2021-06-01.19:51:26::SCWMssOS::mss does not exists at C:/Users/pedra/Documents/CR/labs/vitis_workspace/ReverseEndianness/microblaze_0/standalone_microblaze_0/bsp/system.mss
TRACE::2021-06-01.19:51:26::SCWMssOS::Creating sw design at  C:/Users/pedra/Documents/CR/labs/vitis_workspace/ReverseEndianness/microblaze_0/standalone_microblaze_0/bsp/system.mss
TRACE::2021-06-01.19:51:26::SCWMssOS::Adding the swdes entry, created swdb C:/Users/pedra/Documents/CR/labs/vitis_workspace/ReverseEndianness/microblaze_0/standalone_microblaze_0/bsp/system.mss with des name C:/Users/pedra/Documents/CR/labs/vitis_workspace/ReverseEndianness/microblaze_0/standalone_microblaze_0/bsp/system.mss
TRACE::2021-06-01.19:51:26::SCWMssOS::updating the scw layer changes to swdes at   C:/Users/pedra/Documents/CR/labs/vitis_workspace/ReverseEndianness/microblaze_0/standalone_microblaze_0/bsp/system.mss
TRACE::2021-06-01.19:51:26::SCWMssOS::Writing mss at C:/Users/pedra/Documents/CR/labs/vitis_workspace/ReverseEndianness/microblaze_0/standalone_microblaze_0/bsp/system.mss
TRACE::2021-06-01.19:51:26::SCWMssOS::Completed writing the mss file at C:/Users/pedra/Documents/CR/labs/vitis_workspace/ReverseEndianness/microblaze_0/standalone_microblaze_0/bsp
TRACE::2021-06-01.19:51:26::SCWMssOS::Picking up changes from newly written mss file into SCW Layer. 
TRACE::2021-06-01.19:51:26::SCWMssOS::Updated the changes from newly written mss file into SCW Layer. 
TRACE::2021-06-01.19:51:26::SCWMssOS::Completed writing the mss file at C:/Users/pedra/Documents/CR/labs/vitis_workspace/ReverseEndianness/microblaze_0/standalone_microblaze_0/bsp
TRACE::2021-06-01.19:51:26::SCWMssOS::Forcing BSP Sources regeneration.
TRACE::2021-06-01.19:51:28::SCWMssOS::Saving the mss changes C:/Users/pedra/Documents/CR/labs/vitis_workspace/ReverseEndianness/microblaze_0/standalone_microblaze_0/bsp/system.mss
TRACE::2021-06-01.19:51:28::SCWMssOS::Found a swdesign opened with the mssfile.
TRACE::2021-06-01.19:51:28::SCWMssOS::Running validate of swdbs.
KEYINFO::2021-06-01.19:51:28::SCWMssOS::Could not open the swdb for C:/Users/pedra/Documents/CR/labs/vitis_workspace/ReverseEndianness/microblaze_0/standalone_microblaze_0/bsp/system.mss
KEYINFO::2021-06-01.19:51:28::SCWMssOS::Could not open the sw design at  C:/Users/pedra/Documents/CR/labs/vitis_workspace/ReverseEndianness/microblaze_0/standalone_microblaze_0/bsp/system.mss
ERROR: [Hsi 55-1558] Software Design C:/Users/pedra/Documents/CR/labs/vitis_workspace/ReverseEndianness/microblaze_0/standalone_microblaze_0/bsp/system.mss is not found

TRACE::2021-06-01.19:51:28::SCWMssOS::Cleared the swdb table entry
TRACE::2021-06-01.19:51:28::SCWMssOS::Adding the swdes entry, mss present, able to open swdb C:/Users/pedra/Documents/CR/labs/vitis_workspace/ReverseEndianness/microblaze_0/standalone_microblaze_0/bsp/system.mss with des name system
TRACE::2021-06-01.19:51:28::SCWMssOS::Writing the mss file completed C:/Users/pedra/Documents/CR/labs/vitis_workspace/ReverseEndianness/microblaze_0/standalone_microblaze_0/bsp/system.mss
TRACE::2021-06-01.19:51:28::SCWMssOS::Commit changes completed.
TRACE::2021-06-01.19:51:28::SCWPlatform::Trying to open the hw design at C:/Users/pedra/Documents/CR/labs/vitis_workspace/ReverseEndianness/hw/ReverseEndianness.xsa
TRACE::2021-06-01.19:51:28::SCWPlatform::DSA given C:/Users/pedra/Documents/CR/labs/vitis_workspace/ReverseEndianness/hw/ReverseEndianness.xsa
TRACE::2021-06-01.19:51:28::SCWPlatform::DSA absoulate path C:/Users/pedra/Documents/CR/labs/vitis_workspace/ReverseEndianness/hw/ReverseEndianness.xsa
TRACE::2021-06-01.19:51:28::SCWPlatform::DSA directory C:/Users/pedra/Documents/CR/labs/vitis_workspace/ReverseEndianness/hw
TRACE::2021-06-01.19:51:29::SCWPlatform:: Platform Path C:/Users/pedra/Documents/CR/labs/vitis_workspace/ReverseEndianness/hw/ReverseEndianness.xsa
TRACE::2021-06-01.19:51:29::SCWPlatform:: Unique name xilinx:nexys4::0.0
TRACE::2021-06-01.19:51:29::SCWPlatform::Trying to set the existing hwdb with name mb_design_wrapper_0
TRACE::2021-06-01.19:51:29::SCWPlatform::Opened existing hwdb mb_design_wrapper_0
TRACE::2021-06-01.19:51:29::SCWPlatform::Found the Hw Db part of the input DSA
TRACE::2021-06-01.19:51:29::SCWMssOS::Checking the sw design at  C:/Users/pedra/Documents/CR/labs/vitis_workspace/ReverseEndianness/microblaze_0/standalone_microblaze_0/bsp/system.mss
TRACE::2021-06-01.19:51:29::SCWMssOS::DEBUG:  swdes dump  C:/Users/pedra/Documents/CR/labs/vitis_workspace/ReverseEndianness/microblaze_0/standalone_microblaze_0/bsp/system.mss|system||

TRACE::2021-06-01.19:51:29::SCWMssOS::Sw design exists and opened at  C:/Users/pedra/Documents/CR/labs/vitis_workspace/ReverseEndianness/microblaze_0/standalone_microblaze_0/bsp/system.mss
TRACE::2021-06-01.19:51:29::SCWPlatform::Trying to open the hw design at C:/Users/pedra/Documents/CR/labs/vitis_workspace/ReverseEndianness/hw/ReverseEndianness.xsa
TRACE::2021-06-01.19:51:29::SCWPlatform::DSA given C:/Users/pedra/Documents/CR/labs/vitis_workspace/ReverseEndianness/hw/ReverseEndianness.xsa
TRACE::2021-06-01.19:51:29::SCWPlatform::DSA absoulate path C:/Users/pedra/Documents/CR/labs/vitis_workspace/ReverseEndianness/hw/ReverseEndianness.xsa
TRACE::2021-06-01.19:51:29::SCWPlatform::DSA directory C:/Users/pedra/Documents/CR/labs/vitis_workspace/ReverseEndianness/hw
TRACE::2021-06-01.19:51:29::SCWPlatform:: Platform Path C:/Users/pedra/Documents/CR/labs/vitis_workspace/ReverseEndianness/hw/ReverseEndianness.xsa
TRACE::2021-06-01.19:51:29::SCWPlatform:: Unique name xilinx:nexys4::0.0
TRACE::2021-06-01.19:51:29::SCWPlatform::Trying to set the existing hwdb with name mb_design_wrapper_0
TRACE::2021-06-01.19:51:29::SCWPlatform::Opened existing hwdb mb_design_wrapper_0
TRACE::2021-06-01.19:51:29::SCWPlatform::Found the Hw Db part of the input DSA
TRACE::2021-06-01.19:51:29::SCWMssOS::Checking the sw design at  C:/Users/pedra/Documents/CR/labs/vitis_workspace/ReverseEndianness/microblaze_0/standalone_microblaze_0/bsp/system.mss
TRACE::2021-06-01.19:51:29::SCWMssOS::DEBUG:  swdes dump  C:/Users/pedra/Documents/CR/labs/vitis_workspace/ReverseEndianness/microblaze_0/standalone_microblaze_0/bsp/system.mss|system||

TRACE::2021-06-01.19:51:29::SCWMssOS::Sw design exists and opened at  C:/Users/pedra/Documents/CR/labs/vitis_workspace/ReverseEndianness/microblaze_0/standalone_microblaze_0/bsp/system.mss
TRACE::2021-06-01.19:51:29::SCWPlatform::Trying to open the hw design at C:/Users/pedra/Documents/CR/labs/vitis_workspace/ReverseEndianness/hw/ReverseEndianness.xsa
TRACE::2021-06-01.19:51:29::SCWPlatform::DSA given C:/Users/pedra/Documents/CR/labs/vitis_workspace/ReverseEndianness/hw/ReverseEndianness.xsa
TRACE::2021-06-01.19:51:29::SCWPlatform::DSA absoulate path C:/Users/pedra/Documents/CR/labs/vitis_workspace/ReverseEndianness/hw/ReverseEndianness.xsa
TRACE::2021-06-01.19:51:29::SCWPlatform::DSA directory C:/Users/pedra/Documents/CR/labs/vitis_workspace/ReverseEndianness/hw
TRACE::2021-06-01.19:51:29::SCWPlatform:: Platform Path C:/Users/pedra/Documents/CR/labs/vitis_workspace/ReverseEndianness/hw/ReverseEndianness.xsa
TRACE::2021-06-01.19:51:29::SCWPlatform:: Unique name xilinx:nexys4::0.0
TRACE::2021-06-01.19:51:29::SCWPlatform::Trying to set the existing hwdb with name mb_design_wrapper_0
TRACE::2021-06-01.19:51:29::SCWPlatform::Opened existing hwdb mb_design_wrapper_0
TRACE::2021-06-01.19:51:29::SCWPlatform::Found the Hw Db part of the input DSA
TRACE::2021-06-01.19:51:29::SCWMssOS::Checking the sw design at  C:/Users/pedra/Documents/CR/labs/vitis_workspace/ReverseEndianness/microblaze_0/standalone_microblaze_0/bsp/system.mss
TRACE::2021-06-01.19:51:29::SCWMssOS::DEBUG:  swdes dump  C:/Users/pedra/Documents/CR/labs/vitis_workspace/ReverseEndianness/microblaze_0/standalone_microblaze_0/bsp/system.mss|system||

TRACE::2021-06-01.19:51:29::SCWMssOS::Sw design exists and opened at  C:/Users/pedra/Documents/CR/labs/vitis_workspace/ReverseEndianness/microblaze_0/standalone_microblaze_0/bsp/system.mss
TRACE::2021-06-01.19:51:29::SCWWriter::formatted JSON is {
	"platformName":	"ReverseEndianness",
	"sprVersion":	"2.0",
	"mode":	"gui",
	"dsaType":	"Fixed",
	"platformDesc":	"ReverseEndianness",
	"platHandOff":	"C:/Users/pedra/Documents/CR/labs/aula8/ReverseEndianness/ReverseEndianness.xsa",
	"platIntHandOff":	"<platformDir>/hw/ReverseEndianness.xsa",
	"deviceType":	"FPGA",
	"platIsPrebuiltAutogen":	"false",
	"platIsNoBootBsp":	"false",
	"hasFsblMakeHasChanges":	"false",
	"hasPmufwMakeHasChanges":	"false",
	"platPreBuiltFlag":	false,
	"platformSamplesDir":	"",
	"platActiveSys":	"ReverseEndianness",
	"systems":	[{
			"systemName":	"ReverseEndianness",
			"systemDesc":	"ReverseEndianness",
			"sysIsBootAutoGen":	"true",
			"systemDispName":	"ReverseEndianness",
			"sysActiveDom":	"standalone_microblaze_0",
			"sysDefaultDom":	"standalone_microblaze_0",
			"domains":	[{
					"domainName":	"standalone_microblaze_0",
					"domainDispName":	"standalone_microblaze_0",
					"domainDesc":	"standalone_microblaze_0",
					"processors":	"microblaze_0",
					"os":	"standalone",
					"sdxOs":	"standalone",
					"debugEnable":	"False",
					"domRuntimes":	["cpp"],
					"swRepo":	"",
					"mssOsVer":	"7.3",
					"mssFile":	"",
					"md5Digest":	"5708fca8e383f8ca2ddafc46837dc56f",
					"compatibleApp":	"hello_world",
					"domType":	"mssDomain",
					"arch":	"32-bit",
					"appSettings":	{
						"appCompilerFlags":	"",
						"appLinkerFlags":	""
					},
					"addedLibs":	[],
					"libOptions":	{
						"libsContainingOptions":	[]
					},
					"prebuiltLibs":	{
						"prebuiltIncPath":	[],
						"prebuiltLibPath":	[]
					},
					"isolation":	{
					}
				}]
		}]
}
LOG::2021-06-01.19:51:29::SCWPlatform::Started generating the artifacts platform ReverseEndianness
TRACE::2021-06-01.19:51:29::SCWPlatform::Sanity checking of platform is completed
LOG::2021-06-01.19:51:29::SCWPlatform::Started generating the artifacts for system configuration ReverseEndianness
LOG::2021-06-01.19:51:29::SCWSystem::Checking the domain standalone_microblaze_0
LOG::2021-06-01.19:51:29::SCWSystem::Not a boot domain 
LOG::2021-06-01.19:51:29::SCWSystem::Started Processing the domain standalone_microblaze_0
TRACE::2021-06-01.19:51:29::SCWDomain::Generating domain artifcats
TRACE::2021-06-01.19:51:29::SCWMssOS::Generating standalone artifcats
TRACE::2021-06-01.19:51:29::SCWMssOS:: Copying the user libraries. 
TRACE::2021-06-01.19:51:29::SCWPlatform::Trying to open the hw design at C:/Users/pedra/Documents/CR/labs/vitis_workspace/ReverseEndianness/hw/ReverseEndianness.xsa
TRACE::2021-06-01.19:51:29::SCWPlatform::DSA given C:/Users/pedra/Documents/CR/labs/vitis_workspace/ReverseEndianness/hw/ReverseEndianness.xsa
TRACE::2021-06-01.19:51:29::SCWPlatform::DSA absoulate path C:/Users/pedra/Documents/CR/labs/vitis_workspace/ReverseEndianness/hw/ReverseEndianness.xsa
TRACE::2021-06-01.19:51:29::SCWPlatform::DSA directory C:/Users/pedra/Documents/CR/labs/vitis_workspace/ReverseEndianness/hw
TRACE::2021-06-01.19:51:29::SCWPlatform:: Platform Path C:/Users/pedra/Documents/CR/labs/vitis_workspace/ReverseEndianness/hw/ReverseEndianness.xsa
TRACE::2021-06-01.19:51:29::SCWPlatform:: Unique name xilinx:nexys4::0.0
TRACE::2021-06-01.19:51:29::SCWPlatform::Trying to set the existing hwdb with name mb_design_wrapper_0
TRACE::2021-06-01.19:51:29::SCWPlatform::Opened existing hwdb mb_design_wrapper_0
TRACE::2021-06-01.19:51:29::SCWPlatform::Found the Hw Db part of the input DSA
TRACE::2021-06-01.19:51:29::SCWMssOS::Checking the sw design at  C:/Users/pedra/Documents/CR/labs/vitis_workspace/ReverseEndianness/microblaze_0/standalone_microblaze_0/bsp/system.mss
TRACE::2021-06-01.19:51:29::SCWMssOS::DEBUG:  swdes dump  C:/Users/pedra/Documents/CR/labs/vitis_workspace/ReverseEndianness/microblaze_0/standalone_microblaze_0/bsp/system.mss|system||

TRACE::2021-06-01.19:51:29::SCWMssOS::Sw design exists and opened at  C:/Users/pedra/Documents/CR/labs/vitis_workspace/ReverseEndianness/microblaze_0/standalone_microblaze_0/bsp/system.mss
TRACE::2021-06-01.19:51:29::SCWMssOS::Completed writing the mss file at C:/Users/pedra/Documents/CR/labs/vitis_workspace/ReverseEndianness/microblaze_0/standalone_microblaze_0/bsp
TRACE::2021-06-01.19:51:29::SCWMssOS::Mss edits present, copying mssfile into export location C:/Users/pedra/Documents/CR/labs/vitis_workspace/ReverseEndianness/microblaze_0/standalone_microblaze_0/bsp/system.mss
TRACE::2021-06-01.19:51:29::SCWMssOS::bsp generated is upto date with the mss file. Skipping bsp generation.
TRACE::2021-06-01.19:51:29::SCWMssOS::BSP is already built. skipping the bsp build ... 
TRACE::2021-06-01.19:51:29::SCWDomain::Skipping the build for domain :  standalone_microblaze_0
TRACE::2021-06-01.19:51:29::SCWMssOS::skipping the bsp build ... 
TRACE::2021-06-01.19:51:29::SCWMssOS::Copying to export directory.
TRACE::2021-06-01.19:51:29::SCWMssOS:: Checking if to create the Supporting Applications
TRACE::2021-06-01.19:51:29::SCWMssOS:: No Linux domain exists, trying to generate FSBL 
LOG::2021-06-01.19:51:29::SCWSystem::Completed Processing the domain standalone_microblaze_0
LOG::2021-06-01.19:51:29::SCWSystem::Completed Processing the sysconfig ReverseEndianness
LOG::2021-06-01.19:51:29::SCWPlatform::Completed generating the artifacts for system configuration ReverseEndianness
TRACE::2021-06-01.19:51:29::SCWPlatform::Started preparing the platform 
TRACE::2021-06-01.19:51:29::SCWSystem::Writing the bif file for system config ReverseEndianness
TRACE::2021-06-01.19:51:29::SCWSystem::dir created 
TRACE::2021-06-01.19:51:29::SCWSystem::Writing the bif 
TRACE::2021-06-01.19:51:29::SCWPlatform::Started writing the spfm file 
TRACE::2021-06-01.19:51:29::SCWPlatform::Started writing the xpfm file 
TRACE::2021-06-01.19:51:29::SCWPlatform::Completed generating the platform
TRACE::2021-06-01.19:51:29::SCWMssOS::Saving the mss changes C:/Users/pedra/Documents/CR/labs/vitis_workspace/ReverseEndianness/microblaze_0/standalone_microblaze_0/bsp/system.mss
TRACE::2021-06-01.19:51:29::SCWMssOS::Found a swdesign opened with the mssfile.
TRACE::2021-06-01.19:51:29::SCWMssOS::Completed writemss as part of save.
TRACE::2021-06-01.19:51:29::SCWMssOS::Commit changes completed.
TRACE::2021-06-01.19:51:29::SCWPlatform::Trying to open the hw design at C:/Users/pedra/Documents/CR/labs/vitis_workspace/ReverseEndianness/hw/ReverseEndianness.xsa
TRACE::2021-06-01.19:51:29::SCWPlatform::DSA given C:/Users/pedra/Documents/CR/labs/vitis_workspace/ReverseEndianness/hw/ReverseEndianness.xsa
TRACE::2021-06-01.19:51:29::SCWPlatform::DSA absoulate path C:/Users/pedra/Documents/CR/labs/vitis_workspace/ReverseEndianness/hw/ReverseEndianness.xsa
TRACE::2021-06-01.19:51:29::SCWPlatform::DSA directory C:/Users/pedra/Documents/CR/labs/vitis_workspace/ReverseEndianness/hw
TRACE::2021-06-01.19:51:29::SCWPlatform:: Platform Path C:/Users/pedra/Documents/CR/labs/vitis_workspace/ReverseEndianness/hw/ReverseEndianness.xsa
TRACE::2021-06-01.19:51:29::SCWPlatform:: Unique name xilinx:nexys4::0.0
TRACE::2021-06-01.19:51:29::SCWPlatform::Trying to set the existing hwdb with name mb_design_wrapper_0
TRACE::2021-06-01.19:51:29::SCWPlatform::Opened existing hwdb mb_design_wrapper_0
TRACE::2021-06-01.19:51:29::SCWPlatform::Found the Hw Db part of the input DSA
TRACE::2021-06-01.19:51:29::SCWMssOS::Checking the sw design at  C:/Users/pedra/Documents/CR/labs/vitis_workspace/ReverseEndianness/microblaze_0/standalone_microblaze_0/bsp/system.mss
TRACE::2021-06-01.19:51:29::SCWMssOS::DEBUG:  swdes dump  C:/Users/pedra/Documents/CR/labs/vitis_workspace/ReverseEndianness/microblaze_0/standalone_microblaze_0/bsp/system.mss|system||

TRACE::2021-06-01.19:51:29::SCWMssOS::Sw design exists and opened at  C:/Users/pedra/Documents/CR/labs/vitis_workspace/ReverseEndianness/microblaze_0/standalone_microblaze_0/bsp/system.mss
TRACE::2021-06-01.19:51:29::SCWPlatform::Trying to open the hw design at C:/Users/pedra/Documents/CR/labs/vitis_workspace/ReverseEndianness/hw/ReverseEndianness.xsa
TRACE::2021-06-01.19:51:29::SCWPlatform::DSA given C:/Users/pedra/Documents/CR/labs/vitis_workspace/ReverseEndianness/hw/ReverseEndianness.xsa
TRACE::2021-06-01.19:51:29::SCWPlatform::DSA absoulate path C:/Users/pedra/Documents/CR/labs/vitis_workspace/ReverseEndianness/hw/ReverseEndianness.xsa
TRACE::2021-06-01.19:51:29::SCWPlatform::DSA directory C:/Users/pedra/Documents/CR/labs/vitis_workspace/ReverseEndianness/hw
TRACE::2021-06-01.19:51:29::SCWPlatform:: Platform Path C:/Users/pedra/Documents/CR/labs/vitis_workspace/ReverseEndianness/hw/ReverseEndianness.xsa
TRACE::2021-06-01.19:51:29::SCWPlatform:: Unique name xilinx:nexys4::0.0
TRACE::2021-06-01.19:51:29::SCWPlatform::Trying to set the existing hwdb with name mb_design_wrapper_0
TRACE::2021-06-01.19:51:29::SCWPlatform::Opened existing hwdb mb_design_wrapper_0
TRACE::2021-06-01.19:51:29::SCWPlatform::Found the Hw Db part of the input DSA
TRACE::2021-06-01.19:51:29::SCWMssOS::Checking the sw design at  C:/Users/pedra/Documents/CR/labs/vitis_workspace/ReverseEndianness/microblaze_0/standalone_microblaze_0/bsp/system.mss
TRACE::2021-06-01.19:51:29::SCWMssOS::DEBUG:  swdes dump  C:/Users/pedra/Documents/CR/labs/vitis_workspace/ReverseEndianness/microblaze_0/standalone_microblaze_0/bsp/system.mss|system||

TRACE::2021-06-01.19:51:29::SCWMssOS::Sw design exists and opened at  C:/Users/pedra/Documents/CR/labs/vitis_workspace/ReverseEndianness/microblaze_0/standalone_microblaze_0/bsp/system.mss
TRACE::2021-06-01.19:51:29::SCWPlatform::Trying to open the hw design at C:/Users/pedra/Documents/CR/labs/vitis_workspace/ReverseEndianness/hw/ReverseEndianness.xsa
TRACE::2021-06-01.19:51:29::SCWPlatform::DSA given C:/Users/pedra/Documents/CR/labs/vitis_workspace/ReverseEndianness/hw/ReverseEndianness.xsa
TRACE::2021-06-01.19:51:29::SCWPlatform::DSA absoulate path C:/Users/pedra/Documents/CR/labs/vitis_workspace/ReverseEndianness/hw/ReverseEndianness.xsa
TRACE::2021-06-01.19:51:29::SCWPlatform::DSA directory C:/Users/pedra/Documents/CR/labs/vitis_workspace/ReverseEndianness/hw
TRACE::2021-06-01.19:51:29::SCWPlatform:: Platform Path C:/Users/pedra/Documents/CR/labs/vitis_workspace/ReverseEndianness/hw/ReverseEndianness.xsa
TRACE::2021-06-01.19:51:29::SCWPlatform:: Unique name xilinx:nexys4::0.0
TRACE::2021-06-01.19:51:29::SCWPlatform::Trying to set the existing hwdb with name mb_design_wrapper_0
TRACE::2021-06-01.19:51:29::SCWPlatform::Opened existing hwdb mb_design_wrapper_0
TRACE::2021-06-01.19:51:29::SCWPlatform::Found the Hw Db part of the input DSA
TRACE::2021-06-01.19:51:29::SCWMssOS::Checking the sw design at  C:/Users/pedra/Documents/CR/labs/vitis_workspace/ReverseEndianness/microblaze_0/standalone_microblaze_0/bsp/system.mss
TRACE::2021-06-01.19:51:29::SCWMssOS::DEBUG:  swdes dump  C:/Users/pedra/Documents/CR/labs/vitis_workspace/ReverseEndianness/microblaze_0/standalone_microblaze_0/bsp/system.mss|system||

TRACE::2021-06-01.19:51:29::SCWMssOS::Sw design exists and opened at  C:/Users/pedra/Documents/CR/labs/vitis_workspace/ReverseEndianness/microblaze_0/standalone_microblaze_0/bsp/system.mss
TRACE::2021-06-01.19:51:29::SCWWriter::formatted JSON is {
	"platformName":	"ReverseEndianness",
	"sprVersion":	"2.0",
	"mode":	"gui",
	"dsaType":	"Fixed",
	"platformDesc":	"ReverseEndianness",
	"platHandOff":	"C:/Users/pedra/Documents/CR/labs/aula8/ReverseEndianness/ReverseEndianness.xsa",
	"platIntHandOff":	"<platformDir>/hw/ReverseEndianness.xsa",
	"deviceType":	"FPGA",
	"platIsPrebuiltAutogen":	"false",
	"platIsNoBootBsp":	"false",
	"hasFsblMakeHasChanges":	"false",
	"hasPmufwMakeHasChanges":	"false",
	"platPreBuiltFlag":	false,
	"platformSamplesDir":	"",
	"platActiveSys":	"ReverseEndianness",
	"systems":	[{
			"systemName":	"ReverseEndianness",
			"systemDesc":	"ReverseEndianness",
			"sysIsBootAutoGen":	"true",
			"systemDispName":	"ReverseEndianness",
			"sysActiveDom":	"standalone_microblaze_0",
			"sysDefaultDom":	"standalone_microblaze_0",
			"domains":	[{
					"domainName":	"standalone_microblaze_0",
					"domainDispName":	"standalone_microblaze_0",
					"domainDesc":	"standalone_microblaze_0",
					"processors":	"microblaze_0",
					"os":	"standalone",
					"sdxOs":	"standalone",
					"debugEnable":	"False",
					"domRuntimes":	["cpp"],
					"swRepo":	"",
					"mssOsVer":	"7.3",
					"mssFile":	"",
					"md5Digest":	"5708fca8e383f8ca2ddafc46837dc56f",
					"compatibleApp":	"hello_world",
					"domType":	"mssDomain",
					"arch":	"32-bit",
					"appSettings":	{
						"appCompilerFlags":	"",
						"appLinkerFlags":	""
					},
					"addedLibs":	[],
					"libOptions":	{
						"libsContainingOptions":	[]
					},
					"prebuiltLibs":	{
						"prebuiltIncPath":	[],
						"prebuiltLibPath":	[]
					},
					"isolation":	{
					}
				}]
		}]
}
KEYINFO::2021-06-01.19:51:29::SCWPlatform::updated the xpfm file.
TRACE::2021-06-01.19:51:29::SCWPlatform::Trying to open the hw design at C:/Users/pedra/Documents/CR/labs/vitis_workspace/ReverseEndianness/hw/ReverseEndianness.xsa
TRACE::2021-06-01.19:51:29::SCWPlatform::DSA given C:/Users/pedra/Documents/CR/labs/vitis_workspace/ReverseEndianness/hw/ReverseEndianness.xsa
TRACE::2021-06-01.19:51:29::SCWPlatform::DSA absoulate path C:/Users/pedra/Documents/CR/labs/vitis_workspace/ReverseEndianness/hw/ReverseEndianness.xsa
TRACE::2021-06-01.19:51:29::SCWPlatform::DSA directory C:/Users/pedra/Documents/CR/labs/vitis_workspace/ReverseEndianness/hw
TRACE::2021-06-01.19:51:29::SCWPlatform:: Platform Path C:/Users/pedra/Documents/CR/labs/vitis_workspace/ReverseEndianness/hw/ReverseEndianness.xsa
TRACE::2021-06-01.19:51:29::SCWPlatform:: Unique name xilinx:nexys4::0.0
TRACE::2021-06-01.19:51:29::SCWPlatform::Trying to set the existing hwdb with name mb_design_wrapper_0
TRACE::2021-06-01.19:51:29::SCWPlatform::Opened existing hwdb mb_design_wrapper_0
TRACE::2021-06-01.19:51:29::SCWPlatform::Found the Hw Db part of the input DSA
TRACE::2021-06-01.19:51:29::SCWMssOS::Checking the sw design at  C:/Users/pedra/Documents/CR/labs/vitis_workspace/ReverseEndianness/microblaze_0/standalone_microblaze_0/bsp/system.mss
TRACE::2021-06-01.19:51:29::SCWMssOS::DEBUG:  swdes dump  C:/Users/pedra/Documents/CR/labs/vitis_workspace/ReverseEndianness/microblaze_0/standalone_microblaze_0/bsp/system.mss|system||

TRACE::2021-06-01.19:51:29::SCWMssOS::Sw design exists and opened at  C:/Users/pedra/Documents/CR/labs/vitis_workspace/ReverseEndianness/microblaze_0/standalone_microblaze_0/bsp/system.mss
TRACE::2021-06-01.19:51:29::SCWMssOS::Saving the mss changes C:/Users/pedra/Documents/CR/labs/vitis_workspace/ReverseEndianness/microblaze_0/standalone_microblaze_0/bsp/system.mss
TRACE::2021-06-01.19:51:29::SCWMssOS::Found a swdesign opened with the mssfile.
TRACE::2021-06-01.19:51:29::SCWMssOS::Completed writemss as part of save.
TRACE::2021-06-01.19:51:29::SCWMssOS::Commit changes completed.
TRACE::2021-06-01.19:51:29::SCWPlatform::Trying to open the hw design at C:/Users/pedra/Documents/CR/labs/vitis_workspace/ReverseEndianness/hw/ReverseEndianness.xsa
TRACE::2021-06-01.19:51:29::SCWPlatform::DSA given C:/Users/pedra/Documents/CR/labs/vitis_workspace/ReverseEndianness/hw/ReverseEndianness.xsa
TRACE::2021-06-01.19:51:29::SCWPlatform::DSA absoulate path C:/Users/pedra/Documents/CR/labs/vitis_workspace/ReverseEndianness/hw/ReverseEndianness.xsa
TRACE::2021-06-01.19:51:29::SCWPlatform::DSA directory C:/Users/pedra/Documents/CR/labs/vitis_workspace/ReverseEndianness/hw
TRACE::2021-06-01.19:51:29::SCWPlatform:: Platform Path C:/Users/pedra/Documents/CR/labs/vitis_workspace/ReverseEndianness/hw/ReverseEndianness.xsa
TRACE::2021-06-01.19:51:29::SCWPlatform:: Unique name xilinx:nexys4::0.0
TRACE::2021-06-01.19:51:29::SCWPlatform::Trying to set the existing hwdb with name mb_design_wrapper_0
TRACE::2021-06-01.19:51:29::SCWPlatform::Opened existing hwdb mb_design_wrapper_0
TRACE::2021-06-01.19:51:29::SCWPlatform::Found the Hw Db part of the input DSA
TRACE::2021-06-01.19:51:29::SCWMssOS::Checking the sw design at  C:/Users/pedra/Documents/CR/labs/vitis_workspace/ReverseEndianness/microblaze_0/standalone_microblaze_0/bsp/system.mss
TRACE::2021-06-01.19:51:29::SCWMssOS::DEBUG:  swdes dump  C:/Users/pedra/Documents/CR/labs/vitis_workspace/ReverseEndianness/microblaze_0/standalone_microblaze_0/bsp/system.mss|system||

TRACE::2021-06-01.19:51:29::SCWMssOS::Sw design exists and opened at  C:/Users/pedra/Documents/CR/labs/vitis_workspace/ReverseEndianness/microblaze_0/standalone_microblaze_0/bsp/system.mss
TRACE::2021-06-01.19:51:29::SCWPlatform::Trying to open the hw design at C:/Users/pedra/Documents/CR/labs/vitis_workspace/ReverseEndianness/hw/ReverseEndianness.xsa
TRACE::2021-06-01.19:51:29::SCWPlatform::DSA given C:/Users/pedra/Documents/CR/labs/vitis_workspace/ReverseEndianness/hw/ReverseEndianness.xsa
TRACE::2021-06-01.19:51:29::SCWPlatform::DSA absoulate path C:/Users/pedra/Documents/CR/labs/vitis_workspace/ReverseEndianness/hw/ReverseEndianness.xsa
TRACE::2021-06-01.19:51:29::SCWPlatform::DSA directory C:/Users/pedra/Documents/CR/labs/vitis_workspace/ReverseEndianness/hw
TRACE::2021-06-01.19:51:29::SCWPlatform:: Platform Path C:/Users/pedra/Documents/CR/labs/vitis_workspace/ReverseEndianness/hw/ReverseEndianness.xsa
TRACE::2021-06-01.19:51:29::SCWPlatform:: Unique name xilinx:nexys4::0.0
TRACE::2021-06-01.19:51:29::SCWPlatform::Trying to set the existing hwdb with name mb_design_wrapper_0
TRACE::2021-06-01.19:51:29::SCWPlatform::Opened existing hwdb mb_design_wrapper_0
TRACE::2021-06-01.19:51:29::SCWPlatform::Found the Hw Db part of the input DSA
TRACE::2021-06-01.19:51:29::SCWMssOS::Checking the sw design at  C:/Users/pedra/Documents/CR/labs/vitis_workspace/ReverseEndianness/microblaze_0/standalone_microblaze_0/bsp/system.mss
TRACE::2021-06-01.19:51:29::SCWMssOS::DEBUG:  swdes dump  C:/Users/pedra/Documents/CR/labs/vitis_workspace/ReverseEndianness/microblaze_0/standalone_microblaze_0/bsp/system.mss|system||

TRACE::2021-06-01.19:51:29::SCWMssOS::Sw design exists and opened at  C:/Users/pedra/Documents/CR/labs/vitis_workspace/ReverseEndianness/microblaze_0/standalone_microblaze_0/bsp/system.mss
TRACE::2021-06-01.19:51:29::SCWPlatform::Trying to open the hw design at C:/Users/pedra/Documents/CR/labs/vitis_workspace/ReverseEndianness/hw/ReverseEndianness.xsa
TRACE::2021-06-01.19:51:29::SCWPlatform::DSA given C:/Users/pedra/Documents/CR/labs/vitis_workspace/ReverseEndianness/hw/ReverseEndianness.xsa
TRACE::2021-06-01.19:51:29::SCWPlatform::DSA absoulate path C:/Users/pedra/Documents/CR/labs/vitis_workspace/ReverseEndianness/hw/ReverseEndianness.xsa
TRACE::2021-06-01.19:51:29::SCWPlatform::DSA directory C:/Users/pedra/Documents/CR/labs/vitis_workspace/ReverseEndianness/hw
TRACE::2021-06-01.19:51:29::SCWPlatform:: Platform Path C:/Users/pedra/Documents/CR/labs/vitis_workspace/ReverseEndianness/hw/ReverseEndianness.xsa
TRACE::2021-06-01.19:51:29::SCWPlatform:: Unique name xilinx:nexys4::0.0
TRACE::2021-06-01.19:51:29::SCWPlatform::Trying to set the existing hwdb with name mb_design_wrapper_0
TRACE::2021-06-01.19:51:29::SCWPlatform::Opened existing hwdb mb_design_wrapper_0
TRACE::2021-06-01.19:51:29::SCWPlatform::Found the Hw Db part of the input DSA
TRACE::2021-06-01.19:51:29::SCWMssOS::Checking the sw design at  C:/Users/pedra/Documents/CR/labs/vitis_workspace/ReverseEndianness/microblaze_0/standalone_microblaze_0/bsp/system.mss
TRACE::2021-06-01.19:51:29::SCWMssOS::DEBUG:  swdes dump  C:/Users/pedra/Documents/CR/labs/vitis_workspace/ReverseEndianness/microblaze_0/standalone_microblaze_0/bsp/system.mss|system||

TRACE::2021-06-01.19:51:29::SCWMssOS::Sw design exists and opened at  C:/Users/pedra/Documents/CR/labs/vitis_workspace/ReverseEndianness/microblaze_0/standalone_microblaze_0/bsp/system.mss
TRACE::2021-06-01.19:51:29::SCWWriter::formatted JSON is {
	"platformName":	"ReverseEndianness",
	"sprVersion":	"2.0",
	"mode":	"gui",
	"dsaType":	"Fixed",
	"platformDesc":	"ReverseEndianness",
	"platHandOff":	"C:/Users/pedra/Documents/CR/labs/aula8/ReverseEndianness/ReverseEndianness.xsa",
	"platIntHandOff":	"<platformDir>/hw/ReverseEndianness.xsa",
	"deviceType":	"FPGA",
	"platIsPrebuiltAutogen":	"false",
	"platIsNoBootBsp":	"false",
	"hasFsblMakeHasChanges":	"false",
	"hasPmufwMakeHasChanges":	"false",
	"platPreBuiltFlag":	false,
	"platformSamplesDir":	"",
	"platActiveSys":	"ReverseEndianness",
	"systems":	[{
			"systemName":	"ReverseEndianness",
			"systemDesc":	"ReverseEndianness",
			"sysIsBootAutoGen":	"true",
			"systemDispName":	"ReverseEndianness",
			"sysActiveDom":	"standalone_microblaze_0",
			"sysDefaultDom":	"standalone_microblaze_0",
			"domains":	[{
					"domainName":	"standalone_microblaze_0",
					"domainDispName":	"standalone_microblaze_0",
					"domainDesc":	"standalone_microblaze_0",
					"processors":	"microblaze_0",
					"os":	"standalone",
					"sdxOs":	"standalone",
					"debugEnable":	"False",
					"domRuntimes":	["cpp"],
					"swRepo":	"",
					"mssOsVer":	"7.3",
					"mssFile":	"",
					"md5Digest":	"5708fca8e383f8ca2ddafc46837dc56f",
					"compatibleApp":	"hello_world",
					"domType":	"mssDomain",
					"arch":	"32-bit",
					"appSettings":	{
						"appCompilerFlags":	"",
						"appLinkerFlags":	""
					},
					"addedLibs":	[],
					"libOptions":	{
						"libsContainingOptions":	[]
					},
					"prebuiltLibs":	{
						"prebuiltIncPath":	[],
						"prebuiltLibPath":	[]
					},
					"isolation":	{
					}
				}]
		}]
}
TRACE::2021-06-01.19:51:29::SCWPlatform::Trying to open the hw design at C:/Users/pedra/Documents/CR/labs/vitis_workspace/ReverseEndianness/hw/ReverseEndianness.xsa
TRACE::2021-06-01.19:51:29::SCWPlatform::DSA given C:/Users/pedra/Documents/CR/labs/vitis_workspace/ReverseEndianness/hw/ReverseEndianness.xsa
TRACE::2021-06-01.19:51:29::SCWPlatform::DSA absoulate path C:/Users/pedra/Documents/CR/labs/vitis_workspace/ReverseEndianness/hw/ReverseEndianness.xsa
TRACE::2021-06-01.19:51:29::SCWPlatform::DSA directory C:/Users/pedra/Documents/CR/labs/vitis_workspace/ReverseEndianness/hw
TRACE::2021-06-01.19:51:29::SCWPlatform:: Platform Path C:/Users/pedra/Documents/CR/labs/vitis_workspace/ReverseEndianness/hw/ReverseEndianness.xsa
TRACE::2021-06-01.19:51:29::SCWPlatform:: Unique name xilinx:nexys4::0.0
TRACE::2021-06-01.19:51:29::SCWPlatform::Trying to set the existing hwdb with name mb_design_wrapper_0
TRACE::2021-06-01.19:51:29::SCWPlatform::Opened existing hwdb mb_design_wrapper_0
TRACE::2021-06-01.19:51:29::SCWPlatform::Found the Hw Db part of the input DSA
TRACE::2021-06-01.19:51:29::SCWMssOS::Checking the sw design at  C:/Users/pedra/Documents/CR/labs/vitis_workspace/ReverseEndianness/microblaze_0/standalone_microblaze_0/bsp/system.mss
TRACE::2021-06-01.19:51:29::SCWMssOS::DEBUG:  swdes dump  C:/Users/pedra/Documents/CR/labs/vitis_workspace/ReverseEndianness/microblaze_0/standalone_microblaze_0/bsp/system.mss|system||

TRACE::2021-06-01.19:51:29::SCWMssOS::Sw design exists and opened at  C:/Users/pedra/Documents/CR/labs/vitis_workspace/ReverseEndianness/microblaze_0/standalone_microblaze_0/bsp/system.mss
TRACE::2021-06-01.19:51:29::SCWPlatform::Trying to open the hw design at C:/Users/pedra/Documents/CR/labs/vitis_workspace/ReverseEndianness/hw/ReverseEndianness.xsa
TRACE::2021-06-01.19:51:29::SCWPlatform::DSA given C:/Users/pedra/Documents/CR/labs/vitis_workspace/ReverseEndianness/hw/ReverseEndianness.xsa
TRACE::2021-06-01.19:51:29::SCWPlatform::DSA absoulate path C:/Users/pedra/Documents/CR/labs/vitis_workspace/ReverseEndianness/hw/ReverseEndianness.xsa
TRACE::2021-06-01.19:51:29::SCWPlatform::DSA directory C:/Users/pedra/Documents/CR/labs/vitis_workspace/ReverseEndianness/hw
TRACE::2021-06-01.19:51:29::SCWPlatform:: Platform Path C:/Users/pedra/Documents/CR/labs/vitis_workspace/ReverseEndianness/hw/ReverseEndianness.xsa
TRACE::2021-06-01.19:51:29::SCWPlatform:: Unique name xilinx:nexys4::0.0
TRACE::2021-06-01.19:51:29::SCWPlatform::Trying to set the existing hwdb with name mb_design_wrapper_0
TRACE::2021-06-01.19:51:29::SCWPlatform::Opened existing hwdb mb_design_wrapper_0
TRACE::2021-06-01.19:51:29::SCWPlatform::Found the Hw Db part of the input DSA
TRACE::2021-06-01.19:51:29::SCWMssOS::Checking the sw design at  C:/Users/pedra/Documents/CR/labs/vitis_workspace/ReverseEndianness/microblaze_0/standalone_microblaze_0/bsp/system.mss
TRACE::2021-06-01.19:51:29::SCWMssOS::DEBUG:  swdes dump  C:/Users/pedra/Documents/CR/labs/vitis_workspace/ReverseEndianness/microblaze_0/standalone_microblaze_0/bsp/system.mss|system||

TRACE::2021-06-01.19:51:29::SCWMssOS::Sw design exists and opened at  C:/Users/pedra/Documents/CR/labs/vitis_workspace/ReverseEndianness/microblaze_0/standalone_microblaze_0/bsp/system.mss
TRACE::2021-06-01.19:51:29::SCWMssOS::Saving the mss changes C:/Users/pedra/Documents/CR/labs/vitis_workspace/ReverseEndianness/microblaze_0/standalone_microblaze_0/bsp/system.mss
TRACE::2021-06-01.19:51:29::SCWMssOS::Found a swdesign opened with the mssfile.
TRACE::2021-06-01.19:51:29::SCWMssOS::Completed writemss as part of save.
TRACE::2021-06-01.19:51:29::SCWMssOS::Commit changes completed.
TRACE::2021-06-01.19:51:29::SCWPlatform::Trying to open the hw design at C:/Users/pedra/Documents/CR/labs/vitis_workspace/ReverseEndianness/hw/ReverseEndianness.xsa
TRACE::2021-06-01.19:51:29::SCWPlatform::DSA given C:/Users/pedra/Documents/CR/labs/vitis_workspace/ReverseEndianness/hw/ReverseEndianness.xsa
TRACE::2021-06-01.19:51:29::SCWPlatform::DSA absoulate path C:/Users/pedra/Documents/CR/labs/vitis_workspace/ReverseEndianness/hw/ReverseEndianness.xsa
TRACE::2021-06-01.19:51:29::SCWPlatform::DSA directory C:/Users/pedra/Documents/CR/labs/vitis_workspace/ReverseEndianness/hw
TRACE::2021-06-01.19:51:29::SCWPlatform:: Platform Path C:/Users/pedra/Documents/CR/labs/vitis_workspace/ReverseEndianness/hw/ReverseEndianness.xsa
TRACE::2021-06-01.19:51:29::SCWPlatform:: Unique name xilinx:nexys4::0.0
TRACE::2021-06-01.19:51:29::SCWPlatform::Trying to set the existing hwdb with name mb_design_wrapper_0
TRACE::2021-06-01.19:51:29::SCWPlatform::Opened existing hwdb mb_design_wrapper_0
TRACE::2021-06-01.19:51:29::SCWPlatform::Found the Hw Db part of the input DSA
TRACE::2021-06-01.19:51:29::SCWMssOS::Checking the sw design at  C:/Users/pedra/Documents/CR/labs/vitis_workspace/ReverseEndianness/microblaze_0/standalone_microblaze_0/bsp/system.mss
TRACE::2021-06-01.19:51:29::SCWMssOS::DEBUG:  swdes dump  C:/Users/pedra/Documents/CR/labs/vitis_workspace/ReverseEndianness/microblaze_0/standalone_microblaze_0/bsp/system.mss|system||

TRACE::2021-06-01.19:51:29::SCWMssOS::Sw design exists and opened at  C:/Users/pedra/Documents/CR/labs/vitis_workspace/ReverseEndianness/microblaze_0/standalone_microblaze_0/bsp/system.mss
TRACE::2021-06-01.19:51:29::SCWPlatform::Trying to open the hw design at C:/Users/pedra/Documents/CR/labs/vitis_workspace/ReverseEndianness/hw/ReverseEndianness.xsa
TRACE::2021-06-01.19:51:29::SCWPlatform::DSA given C:/Users/pedra/Documents/CR/labs/vitis_workspace/ReverseEndianness/hw/ReverseEndianness.xsa
TRACE::2021-06-01.19:51:29::SCWPlatform::DSA absoulate path C:/Users/pedra/Documents/CR/labs/vitis_workspace/ReverseEndianness/hw/ReverseEndianness.xsa
TRACE::2021-06-01.19:51:29::SCWPlatform::DSA directory C:/Users/pedra/Documents/CR/labs/vitis_workspace/ReverseEndianness/hw
TRACE::2021-06-01.19:51:29::SCWPlatform:: Platform Path C:/Users/pedra/Documents/CR/labs/vitis_workspace/ReverseEndianness/hw/ReverseEndianness.xsa
TRACE::2021-06-01.19:51:29::SCWPlatform:: Unique name xilinx:nexys4::0.0
TRACE::2021-06-01.19:51:29::SCWPlatform::Trying to set the existing hwdb with name mb_design_wrapper_0
TRACE::2021-06-01.19:51:29::SCWPlatform::Opened existing hwdb mb_design_wrapper_0
TRACE::2021-06-01.19:51:29::SCWPlatform::Found the Hw Db part of the input DSA
TRACE::2021-06-01.19:51:29::SCWMssOS::Checking the sw design at  C:/Users/pedra/Documents/CR/labs/vitis_workspace/ReverseEndianness/microblaze_0/standalone_microblaze_0/bsp/system.mss
TRACE::2021-06-01.19:51:29::SCWMssOS::DEBUG:  swdes dump  C:/Users/pedra/Documents/CR/labs/vitis_workspace/ReverseEndianness/microblaze_0/standalone_microblaze_0/bsp/system.mss|system||

TRACE::2021-06-01.19:51:29::SCWMssOS::Sw design exists and opened at  C:/Users/pedra/Documents/CR/labs/vitis_workspace/ReverseEndianness/microblaze_0/standalone_microblaze_0/bsp/system.mss
TRACE::2021-06-01.19:51:29::SCWPlatform::Trying to open the hw design at C:/Users/pedra/Documents/CR/labs/vitis_workspace/ReverseEndianness/hw/ReverseEndianness.xsa
TRACE::2021-06-01.19:51:29::SCWPlatform::DSA given C:/Users/pedra/Documents/CR/labs/vitis_workspace/ReverseEndianness/hw/ReverseEndianness.xsa
TRACE::2021-06-01.19:51:29::SCWPlatform::DSA absoulate path C:/Users/pedra/Documents/CR/labs/vitis_workspace/ReverseEndianness/hw/ReverseEndianness.xsa
TRACE::2021-06-01.19:51:29::SCWPlatform::DSA directory C:/Users/pedra/Documents/CR/labs/vitis_workspace/ReverseEndianness/hw
TRACE::2021-06-01.19:51:29::SCWPlatform:: Platform Path C:/Users/pedra/Documents/CR/labs/vitis_workspace/ReverseEndianness/hw/ReverseEndianness.xsa
TRACE::2021-06-01.19:51:29::SCWPlatform:: Unique name xilinx:nexys4::0.0
TRACE::2021-06-01.19:51:29::SCWPlatform::Trying to set the existing hwdb with name mb_design_wrapper_0
TRACE::2021-06-01.19:51:29::SCWPlatform::Opened existing hwdb mb_design_wrapper_0
TRACE::2021-06-01.19:51:29::SCWPlatform::Found the Hw Db part of the input DSA
TRACE::2021-06-01.19:51:29::SCWMssOS::Checking the sw design at  C:/Users/pedra/Documents/CR/labs/vitis_workspace/ReverseEndianness/microblaze_0/standalone_microblaze_0/bsp/system.mss
TRACE::2021-06-01.19:51:29::SCWMssOS::DEBUG:  swdes dump  C:/Users/pedra/Documents/CR/labs/vitis_workspace/ReverseEndianness/microblaze_0/standalone_microblaze_0/bsp/system.mss|system||

TRACE::2021-06-01.19:51:29::SCWMssOS::Sw design exists and opened at  C:/Users/pedra/Documents/CR/labs/vitis_workspace/ReverseEndianness/microblaze_0/standalone_microblaze_0/bsp/system.mss
TRACE::2021-06-01.19:51:29::SCWWriter::formatted JSON is {
	"platformName":	"ReverseEndianness",
	"sprVersion":	"2.0",
	"mode":	"gui",
	"dsaType":	"Fixed",
	"platformDesc":	"ReverseEndianness",
	"platHandOff":	"C:/Users/pedra/Documents/CR/labs/aula8/ReverseEndianness/ReverseEndianness.xsa",
	"platIntHandOff":	"<platformDir>/hw/ReverseEndianness.xsa",
	"deviceType":	"FPGA",
	"platIsPrebuiltAutogen":	"false",
	"platIsNoBootBsp":	"false",
	"hasFsblMakeHasChanges":	"false",
	"hasPmufwMakeHasChanges":	"false",
	"platPreBuiltFlag":	false,
	"platformSamplesDir":	"",
	"platActiveSys":	"ReverseEndianness",
	"systems":	[{
			"systemName":	"ReverseEndianness",
			"systemDesc":	"ReverseEndianness",
			"sysIsBootAutoGen":	"true",
			"systemDispName":	"ReverseEndianness",
			"sysActiveDom":	"standalone_microblaze_0",
			"sysDefaultDom":	"standalone_microblaze_0",
			"domains":	[{
					"domainName":	"standalone_microblaze_0",
					"domainDispName":	"standalone_microblaze_0",
					"domainDesc":	"standalone_microblaze_0",
					"processors":	"microblaze_0",
					"os":	"standalone",
					"sdxOs":	"standalone",
					"debugEnable":	"False",
					"domRuntimes":	["cpp"],
					"swRepo":	"",
					"mssOsVer":	"7.3",
					"mssFile":	"",
					"md5Digest":	"5708fca8e383f8ca2ddafc46837dc56f",
					"compatibleApp":	"hello_world",
					"domType":	"mssDomain",
					"arch":	"32-bit",
					"appSettings":	{
						"appCompilerFlags":	"",
						"appLinkerFlags":	""
					},
					"addedLibs":	[],
					"libOptions":	{
						"libsContainingOptions":	[]
					},
					"prebuiltLibs":	{
						"prebuiltIncPath":	[],
						"prebuiltLibPath":	[]
					},
					"isolation":	{
					}
				}]
		}]
}
LOG::2021-06-01.19:51:29::SCWPlatform::Started generating the artifacts platform ReverseEndianness
TRACE::2021-06-01.19:51:29::SCWPlatform::Sanity checking of platform is completed
LOG::2021-06-01.19:51:29::SCWPlatform::Started generating the artifacts for system configuration ReverseEndianness
LOG::2021-06-01.19:51:29::SCWSystem::Started Processing the domain standalone_microblaze_0
TRACE::2021-06-01.19:51:29::SCWDomain::Generating domain artifcats
TRACE::2021-06-01.19:51:29::SCWMssOS::Generating standalone artifcats
TRACE::2021-06-01.19:51:29::SCWMssOS:: Copying the user libraries. 
TRACE::2021-06-01.19:51:29::SCWPlatform::Trying to open the hw design at C:/Users/pedra/Documents/CR/labs/vitis_workspace/ReverseEndianness/hw/ReverseEndianness.xsa
TRACE::2021-06-01.19:51:29::SCWPlatform::DSA given C:/Users/pedra/Documents/CR/labs/vitis_workspace/ReverseEndianness/hw/ReverseEndianness.xsa
TRACE::2021-06-01.19:51:29::SCWPlatform::DSA absoulate path C:/Users/pedra/Documents/CR/labs/vitis_workspace/ReverseEndianness/hw/ReverseEndianness.xsa
TRACE::2021-06-01.19:51:29::SCWPlatform::DSA directory C:/Users/pedra/Documents/CR/labs/vitis_workspace/ReverseEndianness/hw
TRACE::2021-06-01.19:51:29::SCWPlatform:: Platform Path C:/Users/pedra/Documents/CR/labs/vitis_workspace/ReverseEndianness/hw/ReverseEndianness.xsa
TRACE::2021-06-01.19:51:29::SCWPlatform:: Unique name xilinx:nexys4::0.0
TRACE::2021-06-01.19:51:29::SCWPlatform::Trying to set the existing hwdb with name mb_design_wrapper_0
TRACE::2021-06-01.19:51:29::SCWPlatform::Opened existing hwdb mb_design_wrapper_0
TRACE::2021-06-01.19:51:29::SCWPlatform::Found the Hw Db part of the input DSA
TRACE::2021-06-01.19:51:29::SCWMssOS::Checking the sw design at  C:/Users/pedra/Documents/CR/labs/vitis_workspace/ReverseEndianness/microblaze_0/standalone_microblaze_0/bsp/system.mss
TRACE::2021-06-01.19:51:29::SCWMssOS::DEBUG:  swdes dump  C:/Users/pedra/Documents/CR/labs/vitis_workspace/ReverseEndianness/microblaze_0/standalone_microblaze_0/bsp/system.mss|system||

TRACE::2021-06-01.19:51:29::SCWMssOS::Sw design exists and opened at  C:/Users/pedra/Documents/CR/labs/vitis_workspace/ReverseEndianness/microblaze_0/standalone_microblaze_0/bsp/system.mss
TRACE::2021-06-01.19:51:29::SCWMssOS::Completed writing the mss file at C:/Users/pedra/Documents/CR/labs/vitis_workspace/ReverseEndianness/microblaze_0/standalone_microblaze_0/bsp
TRACE::2021-06-01.19:51:29::SCWMssOS::Mss edits present, copying mssfile into export location C:/Users/pedra/Documents/CR/labs/vitis_workspace/ReverseEndianness/microblaze_0/standalone_microblaze_0/bsp/system.mss
TRACE::2021-06-01.19:51:29::SCWMssOS::bsp generated is upto date with the mss file. Skipping bsp generation.
TRACE::2021-06-01.19:51:29::SCWMssOS::BSP is already built. skipping the bsp build ... 
TRACE::2021-06-01.19:51:29::SCWDomain::Building the domain as part of full build :  standalone_microblaze_0
TRACE::2021-06-01.19:51:29::SCWMssOS::skipping the bsp build ... 
TRACE::2021-06-01.19:51:29::SCWMssOS::Copying to export directory.
TRACE::2021-06-01.19:51:29::SCWMssOS:: Checking if to create the Supporting Applications
TRACE::2021-06-01.19:51:29::SCWMssOS:: No Linux domain exists, trying to generate FSBL 
LOG::2021-06-01.19:51:29::SCWSystem::Completed Processing the domain standalone_microblaze_0
LOG::2021-06-01.19:51:29::SCWSystem::Completed Processing the sysconfig ReverseEndianness
LOG::2021-06-01.19:51:29::SCWPlatform::Completed generating the artifacts for system configuration ReverseEndianness
TRACE::2021-06-01.19:51:29::SCWPlatform::Started preparing the platform 
TRACE::2021-06-01.19:51:29::SCWSystem::Writing the bif file for system config ReverseEndianness
TRACE::2021-06-01.19:51:29::SCWSystem::dir created 
TRACE::2021-06-01.19:51:29::SCWSystem::Writing the bif 
TRACE::2021-06-01.19:51:29::SCWPlatform::Started writing the spfm file 
TRACE::2021-06-01.19:51:29::SCWPlatform::Started writing the xpfm file 
TRACE::2021-06-01.19:51:29::SCWPlatform::Completed generating the platform
TRACE::2021-06-01.19:51:29::SCWMssOS::Saving the mss changes C:/Users/pedra/Documents/CR/labs/vitis_workspace/ReverseEndianness/microblaze_0/standalone_microblaze_0/bsp/system.mss
TRACE::2021-06-01.19:51:29::SCWMssOS::Found a swdesign opened with the mssfile.
TRACE::2021-06-01.19:51:29::SCWMssOS::Completed writemss as part of save.
TRACE::2021-06-01.19:51:29::SCWMssOS::Commit changes completed.
TRACE::2021-06-01.19:51:29::SCWPlatform::Trying to open the hw design at C:/Users/pedra/Documents/CR/labs/vitis_workspace/ReverseEndianness/hw/ReverseEndianness.xsa
TRACE::2021-06-01.19:51:29::SCWPlatform::DSA given C:/Users/pedra/Documents/CR/labs/vitis_workspace/ReverseEndianness/hw/ReverseEndianness.xsa
TRACE::2021-06-01.19:51:29::SCWPlatform::DSA absoulate path C:/Users/pedra/Documents/CR/labs/vitis_workspace/ReverseEndianness/hw/ReverseEndianness.xsa
TRACE::2021-06-01.19:51:29::SCWPlatform::DSA directory C:/Users/pedra/Documents/CR/labs/vitis_workspace/ReverseEndianness/hw
TRACE::2021-06-01.19:51:29::SCWPlatform:: Platform Path C:/Users/pedra/Documents/CR/labs/vitis_workspace/ReverseEndianness/hw/ReverseEndianness.xsa
TRACE::2021-06-01.19:51:29::SCWPlatform:: Unique name xilinx:nexys4::0.0
TRACE::2021-06-01.19:51:29::SCWPlatform::Trying to set the existing hwdb with name mb_design_wrapper_0
TRACE::2021-06-01.19:51:29::SCWPlatform::Opened existing hwdb mb_design_wrapper_0
TRACE::2021-06-01.19:51:29::SCWPlatform::Found the Hw Db part of the input DSA
TRACE::2021-06-01.19:51:29::SCWMssOS::Checking the sw design at  C:/Users/pedra/Documents/CR/labs/vitis_workspace/ReverseEndianness/microblaze_0/standalone_microblaze_0/bsp/system.mss
TRACE::2021-06-01.19:51:29::SCWMssOS::DEBUG:  swdes dump  C:/Users/pedra/Documents/CR/labs/vitis_workspace/ReverseEndianness/microblaze_0/standalone_microblaze_0/bsp/system.mss|system||

TRACE::2021-06-01.19:51:29::SCWMssOS::Sw design exists and opened at  C:/Users/pedra/Documents/CR/labs/vitis_workspace/ReverseEndianness/microblaze_0/standalone_microblaze_0/bsp/system.mss
TRACE::2021-06-01.19:51:29::SCWPlatform::Trying to open the hw design at C:/Users/pedra/Documents/CR/labs/vitis_workspace/ReverseEndianness/hw/ReverseEndianness.xsa
TRACE::2021-06-01.19:51:29::SCWPlatform::DSA given C:/Users/pedra/Documents/CR/labs/vitis_workspace/ReverseEndianness/hw/ReverseEndianness.xsa
TRACE::2021-06-01.19:51:29::SCWPlatform::DSA absoulate path C:/Users/pedra/Documents/CR/labs/vitis_workspace/ReverseEndianness/hw/ReverseEndianness.xsa
TRACE::2021-06-01.19:51:29::SCWPlatform::DSA directory C:/Users/pedra/Documents/CR/labs/vitis_workspace/ReverseEndianness/hw
TRACE::2021-06-01.19:51:29::SCWPlatform:: Platform Path C:/Users/pedra/Documents/CR/labs/vitis_workspace/ReverseEndianness/hw/ReverseEndianness.xsa
TRACE::2021-06-01.19:51:29::SCWPlatform:: Unique name xilinx:nexys4::0.0
TRACE::2021-06-01.19:51:29::SCWPlatform::Trying to set the existing hwdb with name mb_design_wrapper_0
TRACE::2021-06-01.19:51:29::SCWPlatform::Opened existing hwdb mb_design_wrapper_0
TRACE::2021-06-01.19:51:29::SCWPlatform::Found the Hw Db part of the input DSA
TRACE::2021-06-01.19:51:29::SCWMssOS::Checking the sw design at  C:/Users/pedra/Documents/CR/labs/vitis_workspace/ReverseEndianness/microblaze_0/standalone_microblaze_0/bsp/system.mss
TRACE::2021-06-01.19:51:29::SCWMssOS::DEBUG:  swdes dump  C:/Users/pedra/Documents/CR/labs/vitis_workspace/ReverseEndianness/microblaze_0/standalone_microblaze_0/bsp/system.mss|system||

TRACE::2021-06-01.19:51:29::SCWMssOS::Sw design exists and opened at  C:/Users/pedra/Documents/CR/labs/vitis_workspace/ReverseEndianness/microblaze_0/standalone_microblaze_0/bsp/system.mss
TRACE::2021-06-01.19:51:29::SCWPlatform::Trying to open the hw design at C:/Users/pedra/Documents/CR/labs/vitis_workspace/ReverseEndianness/hw/ReverseEndianness.xsa
TRACE::2021-06-01.19:51:29::SCWPlatform::DSA given C:/Users/pedra/Documents/CR/labs/vitis_workspace/ReverseEndianness/hw/ReverseEndianness.xsa
TRACE::2021-06-01.19:51:29::SCWPlatform::DSA absoulate path C:/Users/pedra/Documents/CR/labs/vitis_workspace/ReverseEndianness/hw/ReverseEndianness.xsa
TRACE::2021-06-01.19:51:29::SCWPlatform::DSA directory C:/Users/pedra/Documents/CR/labs/vitis_workspace/ReverseEndianness/hw
TRACE::2021-06-01.19:51:29::SCWPlatform:: Platform Path C:/Users/pedra/Documents/CR/labs/vitis_workspace/ReverseEndianness/hw/ReverseEndianness.xsa
TRACE::2021-06-01.19:51:29::SCWPlatform:: Unique name xilinx:nexys4::0.0
TRACE::2021-06-01.19:51:29::SCWPlatform::Trying to set the existing hwdb with name mb_design_wrapper_0
TRACE::2021-06-01.19:51:29::SCWPlatform::Opened existing hwdb mb_design_wrapper_0
TRACE::2021-06-01.19:51:29::SCWPlatform::Found the Hw Db part of the input DSA
TRACE::2021-06-01.19:51:29::SCWMssOS::Checking the sw design at  C:/Users/pedra/Documents/CR/labs/vitis_workspace/ReverseEndianness/microblaze_0/standalone_microblaze_0/bsp/system.mss
TRACE::2021-06-01.19:51:29::SCWMssOS::DEBUG:  swdes dump  C:/Users/pedra/Documents/CR/labs/vitis_workspace/ReverseEndianness/microblaze_0/standalone_microblaze_0/bsp/system.mss|system||

TRACE::2021-06-01.19:51:29::SCWMssOS::Sw design exists and opened at  C:/Users/pedra/Documents/CR/labs/vitis_workspace/ReverseEndianness/microblaze_0/standalone_microblaze_0/bsp/system.mss
TRACE::2021-06-01.19:51:29::SCWWriter::formatted JSON is {
	"platformName":	"ReverseEndianness",
	"sprVersion":	"2.0",
	"mode":	"gui",
	"dsaType":	"Fixed",
	"platformDesc":	"ReverseEndianness",
	"platHandOff":	"C:/Users/pedra/Documents/CR/labs/aula8/ReverseEndianness/ReverseEndianness.xsa",
	"platIntHandOff":	"<platformDir>/hw/ReverseEndianness.xsa",
	"deviceType":	"FPGA",
	"platIsPrebuiltAutogen":	"false",
	"platIsNoBootBsp":	"false",
	"hasFsblMakeHasChanges":	"false",
	"hasPmufwMakeHasChanges":	"false",
	"platPreBuiltFlag":	false,
	"platformSamplesDir":	"",
	"platActiveSys":	"ReverseEndianness",
	"systems":	[{
			"systemName":	"ReverseEndianness",
			"systemDesc":	"ReverseEndianness",
			"sysIsBootAutoGen":	"true",
			"systemDispName":	"ReverseEndianness",
			"sysActiveDom":	"standalone_microblaze_0",
			"sysDefaultDom":	"standalone_microblaze_0",
			"domains":	[{
					"domainName":	"standalone_microblaze_0",
					"domainDispName":	"standalone_microblaze_0",
					"domainDesc":	"standalone_microblaze_0",
					"processors":	"microblaze_0",
					"os":	"standalone",
					"sdxOs":	"standalone",
					"debugEnable":	"False",
					"domRuntimes":	["cpp"],
					"swRepo":	"",
					"mssOsVer":	"7.3",
					"mssFile":	"",
					"md5Digest":	"5708fca8e383f8ca2ddafc46837dc56f",
					"compatibleApp":	"hello_world",
					"domType":	"mssDomain",
					"arch":	"32-bit",
					"appSettings":	{
						"appCompilerFlags":	"",
						"appLinkerFlags":	""
					},
					"addedLibs":	[],
					"libOptions":	{
						"libsContainingOptions":	[]
					},
					"prebuiltLibs":	{
						"prebuiltIncPath":	[],
						"prebuiltLibPath":	[]
					},
					"isolation":	{
					}
				}]
		}]
}
KEYINFO::2021-06-01.19:51:29::SCWPlatform::updated the xpfm file.
LOG::2021-06-01.20:09:43::SCWPlatform::Started generating the artifacts platform ReverseEndianness
TRACE::2021-06-01.20:09:43::SCWPlatform::Sanity checking of platform is completed
LOG::2021-06-01.20:09:43::SCWPlatform::Started generating the artifacts for system configuration ReverseEndianness
LOG::2021-06-01.20:09:43::SCWSystem::Checking the domain standalone_microblaze_0
LOG::2021-06-01.20:09:43::SCWSystem::Not a boot domain 
LOG::2021-06-01.20:09:43::SCWSystem::Started Processing the domain standalone_microblaze_0
TRACE::2021-06-01.20:09:43::SCWDomain::Generating domain artifcats
TRACE::2021-06-01.20:09:43::SCWMssOS::Generating standalone artifcats
TRACE::2021-06-01.20:09:43::SCWMssOS:: Copying the user libraries. 
TRACE::2021-06-01.20:09:43::SCWPlatform::Trying to open the hw design at C:/Users/pedra/Documents/CR/labs/vitis_workspace/ReverseEndianness/hw/ReverseEndianness.xsa
TRACE::2021-06-01.20:09:43::SCWPlatform::DSA given C:/Users/pedra/Documents/CR/labs/vitis_workspace/ReverseEndianness/hw/ReverseEndianness.xsa
TRACE::2021-06-01.20:09:43::SCWPlatform::DSA absoulate path C:/Users/pedra/Documents/CR/labs/vitis_workspace/ReverseEndianness/hw/ReverseEndianness.xsa
TRACE::2021-06-01.20:09:43::SCWPlatform::DSA directory C:/Users/pedra/Documents/CR/labs/vitis_workspace/ReverseEndianness/hw
TRACE::2021-06-01.20:09:43::SCWPlatform:: Platform Path C:/Users/pedra/Documents/CR/labs/vitis_workspace/ReverseEndianness/hw/ReverseEndianness.xsa
TRACE::2021-06-01.20:09:43::SCWPlatform:: Unique name xilinx:nexys4::0.0
TRACE::2021-06-01.20:09:43::SCWPlatform::Trying to set the existing hwdb with name mb_design_wrapper_0
TRACE::2021-06-01.20:09:43::SCWPlatform::Opened existing hwdb mb_design_wrapper_0
TRACE::2021-06-01.20:09:43::SCWPlatform::Found the Hw Db part of the input DSA
TRACE::2021-06-01.20:09:43::SCWMssOS::Checking the sw design at  C:/Users/pedra/Documents/CR/labs/vitis_workspace/ReverseEndianness/microblaze_0/standalone_microblaze_0/bsp/system.mss
TRACE::2021-06-01.20:09:43::SCWMssOS::DEBUG:  swdes dump  C:/Users/pedra/Documents/CR/labs/vitis_workspace/ReverseEndianness/microblaze_0/standalone_microblaze_0/bsp/system.mss|system||

TRACE::2021-06-01.20:09:43::SCWMssOS::Sw design exists and opened at  C:/Users/pedra/Documents/CR/labs/vitis_workspace/ReverseEndianness/microblaze_0/standalone_microblaze_0/bsp/system.mss
TRACE::2021-06-01.20:09:43::SCWMssOS::Completed writing the mss file at C:/Users/pedra/Documents/CR/labs/vitis_workspace/ReverseEndianness/microblaze_0/standalone_microblaze_0/bsp
TRACE::2021-06-01.20:09:43::SCWMssOS::Mss edits present, copying mssfile into export location C:/Users/pedra/Documents/CR/labs/vitis_workspace/ReverseEndianness/microblaze_0/standalone_microblaze_0/bsp/system.mss
TRACE::2021-06-01.20:09:43::SCWMssOS::bsp generated is upto date with the mss file. Skipping bsp generation.
TRACE::2021-06-01.20:09:43::SCWMssOS::BSP is already built. skipping the bsp build ... 
TRACE::2021-06-01.20:09:43::SCWDomain::Building the domain as part of full build :  standalone_microblaze_0
TRACE::2021-06-01.20:09:43::SCWMssOS::doing bsp build ... 
TRACE::2021-06-01.20:09:43::SCWMssOS::System Command Ran  C: & cd  C:/Users/pedra/Documents/CR/labs/vitis_workspace/ReverseEndianness/microblaze_0/standalone_microblaze_0/bsp & make 
TRACE::2021-06-01.20:09:45::SCWMssOS::make --no-print-directory seq_libs

TRACE::2021-06-01.20:09:45::SCWMssOS::'Finished building libraries sequentially.'

TRACE::2021-06-01.20:09:45::SCWMssOS::make -j --no-print-directory par_libs

TRACE::2021-06-01.20:09:45::SCWMssOS::"Running Make include in microblaze_0/libsrc/bram_v4_5/src"

TRACE::2021-06-01.20:09:45::SCWMssOS::make -C microblaze_0/libsrc/bram_v4_5/src -s include  "SHELL=CMD" "COMPILER=mb-gcc" "ASSEMBLER=mb-as" "ARCHIVER=mb-ar" "COMPILE
TRACE::2021-06-01.20:09:45::SCWMssOS::R_FLAGS=  -O2 -c -mcpu=v11.0 -mlittle-endian -mxl-soft-mul" "EXTRA_COMPILER_FLAGS=-g -ffunction-sections -fdata-sections -Wall 
TRACE::2021-06-01.20:09:45::SCWMssOS::-Wextra"

TRACE::2021-06-01.20:09:45::SCWMssOS::"Running Make include in microblaze_0/libsrc/cpu_v2_12/src"

TRACE::2021-06-01.20:09:45::SCWMssOS::make -C microblaze_0/libsrc/cpu_v2_12/src -s include  "SHELL=CMD" "COMPILER=mb-gcc" "ASSEMBLER=mb-as" "ARCHIVER=mb-ar" "COMPILE
TRACE::2021-06-01.20:09:45::SCWMssOS::R_FLAGS=  -O2 -c -mcpu=v11.0 -mlittle-endian -mxl-soft-mul" "EXTRA_COMPILER_FLAGS=-g -ffunction-sections -fdata-sections -Wall 
TRACE::2021-06-01.20:09:45::SCWMssOS::-Wextra"

TRACE::2021-06-01.20:09:45::SCWMssOS::"Running Make include in microblaze_0/libsrc/gpio_v4_7/src"

TRACE::2021-06-01.20:09:45::SCWMssOS::make -C microblaze_0/libsrc/gpio_v4_7/src -s include  "SHELL=CMD" "COMPILER=mb-gcc" "ASSEMBLER=mb-as" "ARCHIVER=mb-ar" "COMPILE
TRACE::2021-06-01.20:09:45::SCWMssOS::R_FLAGS=  -O2 -c -mcpu=v11.0 -mlittle-endian -mxl-soft-mul" "EXTRA_COMPILER_FLAGS=-g -ffunction-sections -fdata-sections -Wall 
TRACE::2021-06-01.20:09:45::SCWMssOS::-Wextra"

TRACE::2021-06-01.20:09:45::SCWMssOS::"Running Make include in microblaze_0/libsrc/intc_v3_12/src"

TRACE::2021-06-01.20:09:45::SCWMssOS::make -C microblaze_0/libsrc/intc_v3_12/src -s include  "SHELL=CMD" "COMPILER=mb-gcc" "ASSEMBLER=mb-as" "ARCHIVER=mb-ar" "COMPIL
TRACE::2021-06-01.20:09:45::SCWMssOS::ER_FLAGS=  -O2 -c -mcpu=v11.0 -mlittle-endian -mxl-soft-mul" "EXTRA_COMPILER_FLAGS=-g -ffunction-sections -fdata-sections -Wall
TRACE::2021-06-01.20:09:45::SCWMssOS:: -Wextra"

TRACE::2021-06-01.20:09:45::SCWMssOS::"Running Make include in microblaze_0/libsrc/standalone_v7_3/src"

TRACE::2021-06-01.20:09:45::SCWMssOS::"Running Make include in microblaze_0/libsrc/tmrctr_v4_7/src"

TRACE::2021-06-01.20:09:45::SCWMssOS::make -C microblaze_0/libsrc/standalone_v7_3/src -s include  "SHELL=CMD" "COMPILER=mb-gcc" "ASSEMBLER=mb-as" "ARCHIVER=mb-ar" "C
TRACE::2021-06-01.20:09:45::SCWMssOS::OMPILER_FLAGS=  -O2 -c -mcpu=v11.0 -mlittle-endian -mxl-soft-mul" "EXTRA_COMPILER_FLAGS=-g -ffunction-sections -fdata-sections 
TRACE::2021-06-01.20:09:45::SCWMssOS::-Wall -Wextra"

TRACE::2021-06-01.20:09:45::SCWMssOS::make -C microblaze_0/libsrc/tmrctr_v4_7/src -s include  "SHELL=CMD" "COMPILER=mb-gcc" "ASSEMBLER=mb-as" "ARCHIVER=mb-ar" "COMPI
TRACE::2021-06-01.20:09:45::SCWMssOS::LER_FLAGS=  -O2 -c -mcpu=v11.0 -mlittle-endian -mxl-soft-mul" "EXTRA_COMPILER_FLAGS=-g -ffunction-sections -fdata-sections -Wal
TRACE::2021-06-01.20:09:45::SCWMssOS::l -Wextra"

TRACE::2021-06-01.20:09:45::SCWMssOS::"Running Make include in microblaze_0/libsrc/uartlite_v3_5/src"

TRACE::2021-06-01.20:09:45::SCWMssOS::make -C microblaze_0/libsrc/uartlite_v3_5/src -s include  "SHELL=CMD" "COMPILER=mb-gcc" "ASSEMBLER=mb-as" "ARCHIVER=mb-ar" "COM
TRACE::2021-06-01.20:09:45::SCWMssOS::PILER_FLAGS=  -O2 -c -mcpu=v11.0 -mlittle-endian -mxl-soft-mul" "EXTRA_COMPILER_FLAGS=-g -ffunction-sections -fdata-sections -W
TRACE::2021-06-01.20:09:45::SCWMssOS::all -Wextra"

TRACE::2021-06-01.20:09:46::SCWMssOS::"Running Make libs in microblaze_0/libsrc/bram_v4_5/src"

TRACE::2021-06-01.20:09:46::SCWMssOS::make -C microblaze_0/libsrc/bram_v4_5/src -s libs  "SHELL=CMD" "COMPILER=mb-gcc" "ASSEMBLER=mb-as" "ARCHIVER=mb-ar" "COMPILER_F
TRACE::2021-06-01.20:09:46::SCWMssOS::LAGS=  -O2 -c -mcpu=v11.0 -mlittle-endian -mxl-soft-mul" "EXTRA_COMPILER_FLAGS=-g -ffunction-sections -fdata-sections -Wall -We
TRACE::2021-06-01.20:09:46::SCWMssOS::xtra"

TRACE::2021-06-01.20:09:46::SCWMssOS::"Running Make libs in microblaze_0/libsrc/cpu_v2_12/src"

TRACE::2021-06-01.20:09:46::SCWMssOS::make -C microblaze_0/libsrc/cpu_v2_12/src -s libs  "SHELL=CMD" "COMPILER=mb-gcc" "ASSEMBLER=mb-as" "ARCHIVER=mb-ar" "COMPILER_F
TRACE::2021-06-01.20:09:46::SCWMssOS::LAGS=  -O2 -c -mcpu=v11.0 -mlittle-endian -mxl-soft-mul" "EXTRA_COMPILER_FLAGS=-g -ffunction-sections -fdata-sections -Wall -We
TRACE::2021-06-01.20:09:46::SCWMssOS::xtra"

TRACE::2021-06-01.20:09:46::SCWMssOS::"Running Make libs in microblaze_0/libsrc/gpio_v4_7/src"

TRACE::2021-06-01.20:09:46::SCWMssOS::"Running Make libs in microblaze_0/libsrc/intc_v3_12/src"

TRACE::2021-06-01.20:09:46::SCWMssOS::make -C microblaze_0/libsrc/gpio_v4_7/src -s libs  "SHELL=CMD" "COMPILER=mb-gcc" "ASSEMBLER=mb-as" "ARCHIVER=mb-ar" "COMPILER_F
TRACE::2021-06-01.20:09:46::SCWMssOS::LAGS=  -O2 -c -mcpu=v11.0 -mlittle-endian -mxl-soft-mul" "EXTRA_COMPILER_FLAGS=-g -ffunction-sections -fdata-sections -Wall -We
TRACE::2021-06-01.20:09:46::SCWMssOS::xtra"

TRACE::2021-06-01.20:09:46::SCWMssOS::make -C microblaze_0/libsrc/intc_v3_12/src -s libs  "SHELL=CMD" "COMPILER=mb-gcc" "ASSEMBLER=mb-as" "ARCHIVER=mb-ar" "COMPILER_
TRACE::2021-06-01.20:09:46::SCWMssOS::FLAGS=  -O2 -c -mcpu=v11.0 -mlittle-endian -mxl-soft-mul" "EXTRA_COMPILER_FLAGS=-g -ffunction-sections -fdata-sections -Wall -W
TRACE::2021-06-01.20:09:46::SCWMssOS::extra"

TRACE::2021-06-01.20:09:46::SCWMssOS::"Running Make libs in microblaze_0/libsrc/standalone_v7_3/src"

TRACE::2021-06-01.20:09:46::SCWMssOS::make -C microblaze_0/libsrc/standalone_v7_3/src -s libs  "SHELL=CMD" "COMPILER=mb-gcc" "ASSEMBLER=mb-as" "ARCHIVER=mb-ar" "COMP
TRACE::2021-06-01.20:09:46::SCWMssOS::ILER_FLAGS=  -O2 -c -mcpu=v11.0 -mlittle-endian -mxl-soft-mul" "EXTRA_COMPILER_FLAGS=-g -ffunction-sections -fdata-sections -Wa
TRACE::2021-06-01.20:09:46::SCWMssOS::ll -Wextra"

TRACE::2021-06-01.20:09:46::SCWMssOS::"Running Make libs in microblaze_0/libsrc/tmrctr_v4_7/src"

TRACE::2021-06-01.20:09:46::SCWMssOS::make -C microblaze_0/libsrc/tmrctr_v4_7/src -s libs  "SHELL=CMD" "COMPILER=mb-gcc" "ASSEMBLER=mb-as" "ARCHIVER=mb-ar" "COMPILER
TRACE::2021-06-01.20:09:46::SCWMssOS::_FLAGS=  -O2 -c -mcpu=v11.0 -mlittle-endian -mxl-soft-mul" "EXTRA_COMPILER_FLAGS=-g -ffunction-sections -fdata-sections -Wall -
TRACE::2021-06-01.20:09:46::SCWMssOS::Wextra"

TRACE::2021-06-01.20:09:47::SCWMssOS::"Running Make libs in microblaze_0/libsrc/uartlite_v3_5/src"

TRACE::2021-06-01.20:09:47::SCWMssOS::make -C microblaze_0/libsrc/uartlite_v3_5/src -s libs  "SHELL=CMD" "COMPILER=mb-gcc" "ASSEMBLER=mb-as" "ARCHIVER=mb-ar" "COMPIL
TRACE::2021-06-01.20:09:47::SCWMssOS::ER_FLAGS=  -O2 -c -mcpu=v11.0 -mlittle-endian -mxl-soft-mul" "EXTRA_COMPILER_FLAGS=-g -ffunction-sections -fdata-sections -Wall
TRACE::2021-06-01.20:09:47::SCWMssOS:: -Wextra"

TRACE::2021-06-01.20:09:49::SCWMssOS::"DEBUG NON_LTO_OBJECTS is ../../../lib/microblaze_interrupt_handler.o"

TRACE::2021-06-01.20:09:50::SCWMssOS::'Finished building libraries parallelly.'

TRACE::2021-06-01.20:09:50::SCWMssOS::make --no-print-directory archive

TRACE::2021-06-01.20:09:50::SCWMssOS::mb-ar -r  microblaze_0/lib/libxil.a microblaze_0/lib/xplatform_info.o microblaze_0/lib/xuartlite.o microblaze_0/lib/microblaze_
TRACE::2021-06-01.20:09:50::SCWMssOS::disable_exceptions.o microblaze_0/lib/print.o microblaze_0/lib/xtmrctr_options.o microblaze_0/lib/_exit.o microblaze_0/lib/xil_
TRACE::2021-06-01.20:09:50::SCWMssOS::testio.o microblaze_0/lib/microblaze_disable_dcache.o microblaze_0/lib/microblaze_flush_dcache_range.o microblaze_0/lib/xuartli
TRACE::2021-06-01.20:09:50::SCWMssOS::te_sinit.o microblaze_0/lib/microblaze_flush_cache_ext.o microblaze_0/lib/xbram_sinit.o microblaze_0/lib/xil_misc_psreset_api.o
TRACE::2021-06-01.20:09:50::SCWMssOS:: microblaze_0/lib/xil_cache.o microblaze_0/lib/xil_util.o microblaze_0/lib/inbyte.o microblaze_0/lib/xuartlite_stats.o microbla
TRACE::2021-06-01.20:09:50::SCWMssOS::ze_0/lib/microblaze_exception_handler.o microblaze_0/lib/xbram_g.o microblaze_0/lib/microblaze_scrub.o microblaze_0/lib/microbl
TRACE::2021-06-01.20:09:50::SCWMssOS::aze_invalidate_dcache.o microblaze_0/lib/microblaze_disable_interrupts.o microblaze_0/lib/xbram_selftest.o microblaze_0/lib/mic
TRACE::2021-06-01.20:09:50::SCWMssOS::roblaze_interrupt_handler.o microblaze_0/lib/microblaze_disable_icache.o microblaze_0/lib/xgpio_g.o microblaze_0/lib/xil_mem.o 
TRACE::2021-06-01.20:09:50::SCWMssOS::microblaze_0/lib/microblaze_flush_cache_ext_range.o microblaze_0/lib/xtmrctr_intr.o microblaze_0/lib/xbram_intr.o microblaze_0/
TRACE::2021-06-01.20:09:50::SCWMssOS::lib/xil_sleepcommon.o microblaze_0/lib/xil_printf.o microblaze_0/lib/xintc_g.o microblaze_0/lib/xuartlite_g.o microblaze_0/lib/
TRACE::2021-06-01.20:09:50::SCWMssOS::xtmrctr_l.o microblaze_0/lib/xintc_selftest.o microblaze_0/lib/xintc_l.o microblaze_0/lib/outbyte.o microblaze_0/lib/xgpio_intr
TRACE::2021-06-01.20:09:50::SCWMssOS::.o microblaze_0/lib/microblaze_invalidate_dcache_range.o microblaze_0/lib/microblaze_invalidate_cache_ext.o microblaze_0/lib/mi
TRACE::2021-06-01.20:09:50::SCWMssOS::croblaze_sleep.o microblaze_0/lib/hw_exception_handler.o microblaze_0/lib/xtmrctr.o microblaze_0/lib/xuartlite_selftest.o micro
TRACE::2021-06-01.20:09:50::SCWMssOS::blaze_0/lib/xgpio_sinit.o microblaze_0/lib/microblaze_update_dcache.o microblaze_0/lib/xil_testcache.o microblaze_0/lib/microbl
TRACE::2021-06-01.20:09:50::SCWMssOS::aze_selftest.o microblaze_0/lib/microblaze_interrupts_g.o microblaze_0/lib/microblaze_enable_exceptions.o microblaze_0/lib/xio.
TRACE::2021-06-01.20:09:50::SCWMssOS::o microblaze_0/lib/xtmrctr_g.o microblaze_0/lib/microblaze_enable_dcache.o microblaze_0/lib/xbram.o microblaze_0/lib/microblaze
TRACE::2021-06-01.20:09:50::SCWMssOS::_invalidate_icache_range.o microblaze_0/lib/xtmrctr_selftest.o microblaze_0/lib/microblaze_init_dcache_range.o microblaze_0/lib
TRACE::2021-06-01.20:09:50::SCWMssOS::/microblaze_invalidate_icache.o microblaze_0/lib/errno.o microblaze_0/lib/xuartlite_l.o microblaze_0/lib/xintc_options.o microb
TRACE::2021-06-01.20:09:50::SCWMssOS::laze_0/lib/microblaze_invalidate_cache_ext_range.o microblaze_0/lib/xintc_intr.o microblaze_0/lib/xil_exception.o microblaze_0/
TRACE::2021-06-01.20:09:50::SCWMssOS::lib/pvr.o microblaze_0/lib/xgpio.o microblaze_0/lib/xil_testmem.o microblaze_0/lib/microblaze_update_icache.o microblaze_0/lib/
TRACE::2021-06-01.20:09:50::SCWMssOS::xuartlite_intr.o microblaze_0/lib/microblaze_flush_dcache.o microblaze_0/lib/xil_clocking.o microblaze_0/lib/xil_assert.o micro
TRACE::2021-06-01.20:09:50::SCWMssOS::blaze_0/lib/microblaze_enable_interrupts.o microblaze_0/lib/xgpio_extra.o microblaze_0/lib/microblaze_enable_icache.o microblaz
TRACE::2021-06-01.20:09:50::SCWMssOS::e_0/lib/xintc.o microblaze_0/lib/xtmrctr_stats.o microblaze_0/lib/microblaze_init_icache_range.o microblaze_0/lib/xtmrctr_sinit
TRACE::2021-06-01.20:09:50::SCWMssOS::.o microblaze_0/lib/fcntl.o microblaze_0/lib/xgpio_selftest.o

TRACE::2021-06-01.20:09:50::SCWMssOS::'Finished building libraries'

TRACE::2021-06-01.20:09:51::SCWMssOS::Copying to export directory.
TRACE::2021-06-01.20:09:51::SCWMssOS:: Checking if to create the Supporting Applications
TRACE::2021-06-01.20:09:51::SCWMssOS:: No Linux domain exists, trying to generate FSBL 
LOG::2021-06-01.20:09:51::SCWSystem::Completed Processing the domain standalone_microblaze_0
LOG::2021-06-01.20:09:51::SCWSystem::Completed Processing the sysconfig ReverseEndianness
LOG::2021-06-01.20:09:51::SCWPlatform::Completed generating the artifacts for system configuration ReverseEndianness
TRACE::2021-06-01.20:09:51::SCWPlatform::Started preparing the platform 
TRACE::2021-06-01.20:09:51::SCWSystem::Writing the bif file for system config ReverseEndianness
TRACE::2021-06-01.20:09:51::SCWSystem::dir created 
TRACE::2021-06-01.20:09:51::SCWSystem::Writing the bif 
TRACE::2021-06-01.20:09:51::SCWPlatform::Started writing the spfm file 
TRACE::2021-06-01.20:09:51::SCWPlatform::Started writing the xpfm file 
TRACE::2021-06-01.20:09:51::SCWPlatform::Completed generating the platform
TRACE::2021-06-01.20:09:51::SCWMssOS::Saving the mss changes C:/Users/pedra/Documents/CR/labs/vitis_workspace/ReverseEndianness/microblaze_0/standalone_microblaze_0/bsp/system.mss
TRACE::2021-06-01.20:09:51::SCWMssOS::Found a swdesign opened with the mssfile.
TRACE::2021-06-01.20:09:51::SCWMssOS::Completed writemss as part of save.
TRACE::2021-06-01.20:09:51::SCWMssOS::Commit changes completed.
TRACE::2021-06-01.20:09:51::SCWPlatform::Trying to open the hw design at C:/Users/pedra/Documents/CR/labs/vitis_workspace/ReverseEndianness/hw/ReverseEndianness.xsa
TRACE::2021-06-01.20:09:51::SCWPlatform::DSA given C:/Users/pedra/Documents/CR/labs/vitis_workspace/ReverseEndianness/hw/ReverseEndianness.xsa
TRACE::2021-06-01.20:09:51::SCWPlatform::DSA absoulate path C:/Users/pedra/Documents/CR/labs/vitis_workspace/ReverseEndianness/hw/ReverseEndianness.xsa
TRACE::2021-06-01.20:09:51::SCWPlatform::DSA directory C:/Users/pedra/Documents/CR/labs/vitis_workspace/ReverseEndianness/hw
TRACE::2021-06-01.20:09:51::SCWPlatform:: Platform Path C:/Users/pedra/Documents/CR/labs/vitis_workspace/ReverseEndianness/hw/ReverseEndianness.xsa
TRACE::2021-06-01.20:09:51::SCWPlatform:: Unique name xilinx:nexys4::0.0
TRACE::2021-06-01.20:09:51::SCWPlatform::Trying to set the existing hwdb with name mb_design_wrapper_0
TRACE::2021-06-01.20:09:51::SCWPlatform::Opened existing hwdb mb_design_wrapper_0
TRACE::2021-06-01.20:09:51::SCWPlatform::Found the Hw Db part of the input DSA
TRACE::2021-06-01.20:09:51::SCWMssOS::Checking the sw design at  C:/Users/pedra/Documents/CR/labs/vitis_workspace/ReverseEndianness/microblaze_0/standalone_microblaze_0/bsp/system.mss
TRACE::2021-06-01.20:09:51::SCWMssOS::DEBUG:  swdes dump  C:/Users/pedra/Documents/CR/labs/vitis_workspace/ReverseEndianness/microblaze_0/standalone_microblaze_0/bsp/system.mss|system||

TRACE::2021-06-01.20:09:51::SCWMssOS::Sw design exists and opened at  C:/Users/pedra/Documents/CR/labs/vitis_workspace/ReverseEndianness/microblaze_0/standalone_microblaze_0/bsp/system.mss
TRACE::2021-06-01.20:09:51::SCWPlatform::Trying to open the hw design at C:/Users/pedra/Documents/CR/labs/vitis_workspace/ReverseEndianness/hw/ReverseEndianness.xsa
TRACE::2021-06-01.20:09:51::SCWPlatform::DSA given C:/Users/pedra/Documents/CR/labs/vitis_workspace/ReverseEndianness/hw/ReverseEndianness.xsa
TRACE::2021-06-01.20:09:51::SCWPlatform::DSA absoulate path C:/Users/pedra/Documents/CR/labs/vitis_workspace/ReverseEndianness/hw/ReverseEndianness.xsa
TRACE::2021-06-01.20:09:51::SCWPlatform::DSA directory C:/Users/pedra/Documents/CR/labs/vitis_workspace/ReverseEndianness/hw
TRACE::2021-06-01.20:09:51::SCWPlatform:: Platform Path C:/Users/pedra/Documents/CR/labs/vitis_workspace/ReverseEndianness/hw/ReverseEndianness.xsa
TRACE::2021-06-01.20:09:51::SCWPlatform:: Unique name xilinx:nexys4::0.0
TRACE::2021-06-01.20:09:51::SCWPlatform::Trying to set the existing hwdb with name mb_design_wrapper_0
TRACE::2021-06-01.20:09:51::SCWPlatform::Opened existing hwdb mb_design_wrapper_0
TRACE::2021-06-01.20:09:51::SCWPlatform::Found the Hw Db part of the input DSA
TRACE::2021-06-01.20:09:51::SCWMssOS::Checking the sw design at  C:/Users/pedra/Documents/CR/labs/vitis_workspace/ReverseEndianness/microblaze_0/standalone_microblaze_0/bsp/system.mss
TRACE::2021-06-01.20:09:51::SCWMssOS::DEBUG:  swdes dump  C:/Users/pedra/Documents/CR/labs/vitis_workspace/ReverseEndianness/microblaze_0/standalone_microblaze_0/bsp/system.mss|system||

TRACE::2021-06-01.20:09:51::SCWMssOS::Sw design exists and opened at  C:/Users/pedra/Documents/CR/labs/vitis_workspace/ReverseEndianness/microblaze_0/standalone_microblaze_0/bsp/system.mss
TRACE::2021-06-01.20:09:51::SCWPlatform::Trying to open the hw design at C:/Users/pedra/Documents/CR/labs/vitis_workspace/ReverseEndianness/hw/ReverseEndianness.xsa
TRACE::2021-06-01.20:09:51::SCWPlatform::DSA given C:/Users/pedra/Documents/CR/labs/vitis_workspace/ReverseEndianness/hw/ReverseEndianness.xsa
TRACE::2021-06-01.20:09:51::SCWPlatform::DSA absoulate path C:/Users/pedra/Documents/CR/labs/vitis_workspace/ReverseEndianness/hw/ReverseEndianness.xsa
TRACE::2021-06-01.20:09:51::SCWPlatform::DSA directory C:/Users/pedra/Documents/CR/labs/vitis_workspace/ReverseEndianness/hw
TRACE::2021-06-01.20:09:51::SCWPlatform:: Platform Path C:/Users/pedra/Documents/CR/labs/vitis_workspace/ReverseEndianness/hw/ReverseEndianness.xsa
TRACE::2021-06-01.20:09:51::SCWPlatform:: Unique name xilinx:nexys4::0.0
TRACE::2021-06-01.20:09:51::SCWPlatform::Trying to set the existing hwdb with name mb_design_wrapper_0
TRACE::2021-06-01.20:09:51::SCWPlatform::Opened existing hwdb mb_design_wrapper_0
TRACE::2021-06-01.20:09:51::SCWPlatform::Found the Hw Db part of the input DSA
TRACE::2021-06-01.20:09:51::SCWMssOS::Checking the sw design at  C:/Users/pedra/Documents/CR/labs/vitis_workspace/ReverseEndianness/microblaze_0/standalone_microblaze_0/bsp/system.mss
TRACE::2021-06-01.20:09:51::SCWMssOS::DEBUG:  swdes dump  C:/Users/pedra/Documents/CR/labs/vitis_workspace/ReverseEndianness/microblaze_0/standalone_microblaze_0/bsp/system.mss|system||

TRACE::2021-06-01.20:09:51::SCWMssOS::Sw design exists and opened at  C:/Users/pedra/Documents/CR/labs/vitis_workspace/ReverseEndianness/microblaze_0/standalone_microblaze_0/bsp/system.mss
TRACE::2021-06-01.20:09:51::SCWWriter::formatted JSON is {
	"platformName":	"ReverseEndianness",
	"sprVersion":	"2.0",
	"mode":	"gui",
	"dsaType":	"Fixed",
	"platformDesc":	"ReverseEndianness",
	"platHandOff":	"C:/Users/pedra/Documents/CR/labs/aula8/ReverseEndianness/ReverseEndianness.xsa",
	"platIntHandOff":	"<platformDir>/hw/ReverseEndianness.xsa",
	"deviceType":	"FPGA",
	"platIsPrebuiltAutogen":	"false",
	"platIsNoBootBsp":	"false",
	"hasFsblMakeHasChanges":	"false",
	"hasPmufwMakeHasChanges":	"false",
	"platPreBuiltFlag":	false,
	"platformSamplesDir":	"",
	"platActiveSys":	"ReverseEndianness",
	"systems":	[{
			"systemName":	"ReverseEndianness",
			"systemDesc":	"ReverseEndianness",
			"sysIsBootAutoGen":	"true",
			"systemDispName":	"ReverseEndianness",
			"sysActiveDom":	"standalone_microblaze_0",
			"sysDefaultDom":	"standalone_microblaze_0",
			"domains":	[{
					"domainName":	"standalone_microblaze_0",
					"domainDispName":	"standalone_microblaze_0",
					"domainDesc":	"standalone_microblaze_0",
					"processors":	"microblaze_0",
					"os":	"standalone",
					"sdxOs":	"standalone",
					"debugEnable":	"False",
					"domRuntimes":	["cpp"],
					"swRepo":	"",
					"mssOsVer":	"7.3",
					"mssFile":	"",
					"md5Digest":	"5708fca8e383f8ca2ddafc46837dc56f",
					"compatibleApp":	"hello_world",
					"domType":	"mssDomain",
					"arch":	"32-bit",
					"appSettings":	{
						"appCompilerFlags":	"",
						"appLinkerFlags":	""
					},
					"addedLibs":	[],
					"libOptions":	{
						"libsContainingOptions":	[]
					},
					"prebuiltLibs":	{
						"prebuiltIncPath":	[],
						"prebuiltLibPath":	[]
					},
					"isolation":	{
					}
				}]
		}]
}
KEYINFO::2021-06-01.20:09:51::SCWPlatform::updated the xpfm file.
TRACE::2021-06-01.20:09:51::SCWPlatform::Trying to open the hw design at C:/Users/pedra/Documents/CR/labs/vitis_workspace/ReverseEndianness/hw/ReverseEndianness.xsa
TRACE::2021-06-01.20:09:51::SCWPlatform::DSA given C:/Users/pedra/Documents/CR/labs/vitis_workspace/ReverseEndianness/hw/ReverseEndianness.xsa
TRACE::2021-06-01.20:09:51::SCWPlatform::DSA absoulate path C:/Users/pedra/Documents/CR/labs/vitis_workspace/ReverseEndianness/hw/ReverseEndianness.xsa
TRACE::2021-06-01.20:09:51::SCWPlatform::DSA directory C:/Users/pedra/Documents/CR/labs/vitis_workspace/ReverseEndianness/hw
TRACE::2021-06-01.20:09:51::SCWPlatform:: Platform Path C:/Users/pedra/Documents/CR/labs/vitis_workspace/ReverseEndianness/hw/ReverseEndianness.xsa
TRACE::2021-06-01.20:09:51::SCWPlatform:: Unique name xilinx:nexys4::0.0
TRACE::2021-06-01.20:09:51::SCWPlatform::Trying to set the existing hwdb with name mb_design_wrapper_0
TRACE::2021-06-01.20:09:51::SCWPlatform::Opened existing hwdb mb_design_wrapper_0
TRACE::2021-06-01.20:09:51::SCWPlatform::Found the Hw Db part of the input DSA
TRACE::2021-06-01.20:09:51::SCWMssOS::Checking the sw design at  C:/Users/pedra/Documents/CR/labs/vitis_workspace/ReverseEndianness/microblaze_0/standalone_microblaze_0/bsp/system.mss
TRACE::2021-06-01.20:09:51::SCWMssOS::DEBUG:  swdes dump  C:/Users/pedra/Documents/CR/labs/vitis_workspace/ReverseEndianness/microblaze_0/standalone_microblaze_0/bsp/system.mss|system||

TRACE::2021-06-01.20:09:51::SCWMssOS::Sw design exists and opened at  C:/Users/pedra/Documents/CR/labs/vitis_workspace/ReverseEndianness/microblaze_0/standalone_microblaze_0/bsp/system.mss
