15:43:15 INFO  : Launching XSCT server: xsct.bat -n  -interactive C:\Users\pedra\Documents\CR\labs\vitis_workspace\temp_xsdb_launch_script.tcl
15:43:15 INFO  : Registering command handlers for Vitis TCF services
15:43:18 INFO  : XSCT server has started successfully.
15:43:19 INFO  : plnx-install-location is set to ''
15:43:19 INFO  : Successfully done setting XSCT server connection channel  
15:43:19 INFO  : Successfully done query RDI_DATADIR 
15:43:19 INFO  : Successfully done setting workspace for the tool. 
15:43:19 INFO  : Platform repository initialization has completed.
15:45:54 INFO  : Launching XSCT server: xsct.bat -n  -interactive C:\Users\pedra\Documents\CR\labs\vitis_workspace\temp_xsdb_launch_script.tcl
15:45:56 INFO  : Registering command handlers for Vitis TCF services
15:45:58 INFO  : XSCT server has started successfully.
15:45:58 INFO  : Successfully done setting XSCT server connection channel  
15:45:58 INFO  : plnx-install-location is set to ''
15:45:58 INFO  : Successfully done query RDI_DATADIR 
15:45:58 INFO  : Successfully done setting workspace for the tool. 
15:45:59 INFO  : Platform repository initialization has completed.
15:46:23 INFO  : Result from executing command 'getProjects': mb_basePlatform
15:46:23 INFO  : Result from executing command 'getPlatforms': 
15:46:23 WARN  : An unexpected exception occurred in the module 'platform project logging'
15:46:23 INFO  : Platform 'mb_basePlatform' is added to custom repositories.
15:46:25 INFO  : Platform 'mb_basePlatform' is added to custom repositories.
