
*** Running vivado
    with args -log CountDownTimer_part2.vds -m64 -product Vivado -mode batch -messageDb vivado.pb -notrace -source CountDownTimer_part2.tcl



****** Vivado v2020.2 (64-bit)
  **** SW Build 3064766 on Wed Nov 18 09:12:45 MST 2020
  **** IP Build 3064653 on Wed Nov 18 14:17:31 MST 2020
    ** Copyright 1986-2020 Xilinx, Inc. All Rights Reserved.

source CountDownTimer_part2.tcl -notrace
Command: synth_design -top CountDownTimer_part2 -part xc7a100tcsg324-1
Starting synth_design
Attempting to get a license for feature 'Synthesis' and/or device 'xc7a100t'
INFO: [Common 17-349] Got license for feature 'Synthesis' and/or device 'xc7a100t'
INFO: [Device 21-403] Loading part xc7a100tcsg324-1
INFO: [Synth 8-7079] Multithreading enabled for synth_design using a maximum of 2 processes.
INFO: [Synth 8-7078] Launching helper process for spawning children vivado processes
INFO: [Synth 8-7075] Helper process launched with PID 7064
---------------------------------------------------------------------------------
Starting RTL Elaboration : Time (s): cpu = 00:00:05 ; elapsed = 00:00:06 . Memory (MB): peak = 1000.145 ; gain = 0.000
---------------------------------------------------------------------------------
INFO: [Synth 8-638] synthesizing module 'CountDownTimer_part2' [C:/Users/pedra/Desktop/cr/labs/aula4/CountDownTimer/CountDownTimer.srcs/sources_1/new/CountDownTimer_part2.vhd:19]
INFO: [Synth 8-638] synthesizing module 'pulse_gen_1Hz' [C:/Users/pedra/Desktop/cr/labs/aula4/CountDownTimer/CountDownTimer.srcs/sources_1/new/pulse_gen_1Hz.vhd:31]
INFO: [Synth 8-256] done synthesizing module 'pulse_gen_1Hz' (1#1) [C:/Users/pedra/Desktop/cr/labs/aula4/CountDownTimer/CountDownTimer.srcs/sources_1/new/pulse_gen_1Hz.vhd:31]
INFO: [Synth 8-638] synthesizing module 'pulse_gen_2Hz' [C:/Users/pedra/Desktop/cr/labs/aula4/CountDownTimer/CountDownTimer.srcs/sources_1/new/pulse_gen_2Hz.vhd:31]
INFO: [Synth 8-256] done synthesizing module 'pulse_gen_2Hz' (2#1) [C:/Users/pedra/Desktop/cr/labs/aula4/CountDownTimer/CountDownTimer.srcs/sources_1/new/pulse_gen_2Hz.vhd:31]
INFO: [Synth 8-638] synthesizing module 'pulse_gen_4Hz' [C:/Users/pedra/Desktop/cr/labs/aula4/CountDownTimer/CountDownTimer.srcs/sources_1/new/pulse_gen_4Hz.vhd:31]
INFO: [Synth 8-256] done synthesizing module 'pulse_gen_4Hz' (3#1) [C:/Users/pedra/Desktop/cr/labs/aula4/CountDownTimer/CountDownTimer.srcs/sources_1/new/pulse_gen_4Hz.vhd:31]
INFO: [Synth 8-638] synthesizing module 'pulse_gen_800Hz' [C:/Users/pedra/Desktop/cr/labs/aula4/CountDownTimer/CountDownTimer.srcs/sources_1/new/pulse_gen_800Hz.vhd:11]
INFO: [Synth 8-256] done synthesizing module 'pulse_gen_800Hz' (4#1) [C:/Users/pedra/Desktop/cr/labs/aula4/CountDownTimer/CountDownTimer.srcs/sources_1/new/pulse_gen_800Hz.vhd:11]
INFO: [Synth 8-638] synthesizing module 'ResetModule' [C:/Users/pedra/Desktop/cr/labs/aula4/CountDownTimer/CountDownTimer.srcs/sources_1/new/ResetModule.vhd:32]
	Parameter N bound to: 4 - type: integer 
INFO: [Synth 8-256] done synthesizing module 'ResetModule' (5#1) [C:/Users/pedra/Desktop/cr/labs/aula4/CountDownTimer/CountDownTimer.srcs/sources_1/new/ResetModule.vhd:32]
INFO: [Synth 8-638] synthesizing module 'DebounceUnit' [C:/Users/pedra/Desktop/cr/labs/aula4/CountDownTimer/CountDownTimer.srcs/sources_1/new/DebounceUnit.vhd:36]
	Parameter kHzClkFreq bound to: 100000 - type: integer 
	Parameter mSecMinInWidth bound to: 100 - type: integer 
	Parameter inPolarity bound to: 1'b1 
	Parameter outPolarity bound to: 1'b1 
INFO: [Synth 8-256] done synthesizing module 'DebounceUnit' (6#1) [C:/Users/pedra/Desktop/cr/labs/aula4/CountDownTimer/CountDownTimer.srcs/sources_1/new/DebounceUnit.vhd:36]
INFO: [Synth 8-638] synthesizing module 'ControlUnit2' [C:/Users/pedra/Desktop/cr/labs/aula4/CountDownTimer/CountDownTimer.srcs/sources_1/new/ControlUnit2.vhd:37]
INFO: [Synth 8-256] done synthesizing module 'ControlUnit2' (7#1) [C:/Users/pedra/Desktop/cr/labs/aula4/CountDownTimer/CountDownTimer.srcs/sources_1/new/ControlUnit2.vhd:37]
INFO: [Synth 8-638] synthesizing module 'ExecutionUnit2' [C:/Users/pedra/Desktop/cr/labs/aula4/CountDownTimer/CountDownTimer.srcs/sources_1/new/ExecutionUnit2.vhd:43]
INFO: [Synth 8-638] synthesizing module 'CounterDown4_part2' [C:/Users/pedra/Desktop/cr/labs/aula4/CountDownTimer/CountDownTimer.srcs/sources_1/new/CounterDown4_part2.vhd:19]
	Parameter MAX bound to: 9 - type: integer 
INFO: [Synth 8-256] done synthesizing module 'CounterDown4_part2' (8#1) [C:/Users/pedra/Desktop/cr/labs/aula4/CountDownTimer/CountDownTimer.srcs/sources_1/new/CounterDown4_part2.vhd:19]
INFO: [Synth 8-638] synthesizing module 'CounterDown4_part2__parameterized0' [C:/Users/pedra/Desktop/cr/labs/aula4/CountDownTimer/CountDownTimer.srcs/sources_1/new/CounterDown4_part2.vhd:19]
	Parameter MAX bound to: 5 - type: integer 
INFO: [Synth 8-256] done synthesizing module 'CounterDown4_part2__parameterized0' (8#1) [C:/Users/pedra/Desktop/cr/labs/aula4/CountDownTimer/CountDownTimer.srcs/sources_1/new/CounterDown4_part2.vhd:19]
INFO: [Synth 8-256] done synthesizing module 'ExecutionUnit2' (9#1) [C:/Users/pedra/Desktop/cr/labs/aula4/CountDownTimer/CountDownTimer.srcs/sources_1/new/ExecutionUnit2.vhd:43]
INFO: [Synth 8-638] synthesizing module 'Nexys4DispDriver2' [C:/Users/pedra/Desktop/cr/labs/aula4/CountDownTimer/CountDownTimer.srcs/sources_1/new/Nexys4DispDriver.vhd:44]
INFO: [Synth 8-226] default block is never used [C:/Users/pedra/Desktop/cr/labs/aula4/CountDownTimer/CountDownTimer.srcs/sources_1/new/Nexys4DispDriver.vhd:120]
INFO: [Synth 8-256] done synthesizing module 'Nexys4DispDriver2' (10#1) [C:/Users/pedra/Desktop/cr/labs/aula4/CountDownTimer/CountDownTimer.srcs/sources_1/new/Nexys4DispDriver.vhd:44]
INFO: [Synth 8-256] done synthesizing module 'CountDownTimer_part2' (11#1) [C:/Users/pedra/Desktop/cr/labs/aula4/CountDownTimer/CountDownTimer.srcs/sources_1/new/CountDownTimer_part2.vhd:19]
---------------------------------------------------------------------------------
Finished RTL Elaboration : Time (s): cpu = 00:00:06 ; elapsed = 00:00:07 . Memory (MB): peak = 1000.145 ; gain = 0.000
---------------------------------------------------------------------------------
---------------------------------------------------------------------------------
Start Handling Custom Attributes
---------------------------------------------------------------------------------
---------------------------------------------------------------------------------
Finished Handling Custom Attributes : Time (s): cpu = 00:00:07 ; elapsed = 00:00:08 . Memory (MB): peak = 1000.145 ; gain = 0.000
---------------------------------------------------------------------------------
---------------------------------------------------------------------------------
Finished RTL Optimization Phase 1 : Time (s): cpu = 00:00:07 ; elapsed = 00:00:08 . Memory (MB): peak = 1000.145 ; gain = 0.000
---------------------------------------------------------------------------------
Netlist sorting complete. Time (s): cpu = 00:00:00 ; elapsed = 00:00:00.009 . Memory (MB): peak = 1000.145 ; gain = 0.000
INFO: [Project 1-570] Preparing netlist for logic optimization

Processing XDC Constraints
Initializing timing engine
Parsing XDC File [C:/Users/pedra/Desktop/cr/labs/aula4/CountDownTimer/CountDownTimer.srcs/constrs_1/imports/labs/Nexys4_Master.xdc]
Finished Parsing XDC File [C:/Users/pedra/Desktop/cr/labs/aula4/CountDownTimer/CountDownTimer.srcs/constrs_1/imports/labs/Nexys4_Master.xdc]
INFO: [Project 1-236] Implementation specific constraints were found while reading constraint file [C:/Users/pedra/Desktop/cr/labs/aula4/CountDownTimer/CountDownTimer.srcs/constrs_1/imports/labs/Nexys4_Master.xdc]. These constraints will be ignored for synthesis but will be used in implementation. Impacted constraints are listed in the file [.Xil/CountDownTimer_part2_propImpl.xdc].
Resolution: To avoid this warning, move constraints listed in [.Xil/CountDownTimer_part2_propImpl.xdc] to another XDC file and exclude this new file from synthesis with the used_in_synthesis property (File Properties dialog in GUI) and re-run elaboration/synthesis.
Completed Processing XDC Constraints

Netlist sorting complete. Time (s): cpu = 00:00:00 ; elapsed = 00:00:00 . Memory (MB): peak = 1005.754 ; gain = 0.000
INFO: [Project 1-111] Unisim Transformation Summary:
No Unisim elements were transformed.

Constraint Validation Runtime : Time (s): cpu = 00:00:00 ; elapsed = 00:00:00.005 . Memory (MB): peak = 1005.754 ; gain = 0.000
---------------------------------------------------------------------------------
Finished Constraint Validation : Time (s): cpu = 00:00:15 ; elapsed = 00:00:16 . Memory (MB): peak = 1005.754 ; gain = 5.609
---------------------------------------------------------------------------------
---------------------------------------------------------------------------------
Start Loading Part and Timing Information
---------------------------------------------------------------------------------
Loading part: xc7a100tcsg324-1
---------------------------------------------------------------------------------
Finished Loading Part and Timing Information : Time (s): cpu = 00:00:15 ; elapsed = 00:00:16 . Memory (MB): peak = 1005.754 ; gain = 5.609
---------------------------------------------------------------------------------
---------------------------------------------------------------------------------
Start Applying 'set_property' XDC Constraints
---------------------------------------------------------------------------------
---------------------------------------------------------------------------------
Finished applying 'set_property' XDC Constraints : Time (s): cpu = 00:00:15 ; elapsed = 00:00:16 . Memory (MB): peak = 1005.754 ; gain = 5.609
---------------------------------------------------------------------------------
INFO: [Synth 8-802] inferred FSM for state register 'pState_reg' in module 'ControlUnit2'
---------------------------------------------------------------------------------------------------
                   State |                     New Encoding |                Previous Encoding 
---------------------------------------------------------------------------------------------------
                   pause |                           000001 |                              001
                      s1 |                           000010 |                              010
                      s2 |                           000100 |                              011
                      s3 |                           001000 |                              100
                      s4 |                           010000 |                              101
                     run |                           100000 |                              000
---------------------------------------------------------------------------------------------------
INFO: [Synth 8-3354] encoded FSM with state register 'pState_reg' using encoding 'one-hot' in module 'ControlUnit2'
WARNING: [Synth 8-327] inferring latch for variable 'running_reg' [C:/Users/pedra/Desktop/cr/labs/aula4/CountDownTimer/CountDownTimer.srcs/sources_1/new/ControlUnit2.vhd:68]
---------------------------------------------------------------------------------
Finished RTL Optimization Phase 2 : Time (s): cpu = 00:00:16 ; elapsed = 00:00:17 . Memory (MB): peak = 1005.754 ; gain = 5.609
---------------------------------------------------------------------------------
---------------------------------------------------------------------------------
Start RTL Component Statistics 
---------------------------------------------------------------------------------
Detailed RTL Component Info : 
+---Adders : 
	   2 Input   27 Bit       Adders := 1     
	   2 Input   26 Bit       Adders := 1     
	   2 Input   25 Bit       Adders := 1     
	   2 Input   24 Bit       Adders := 3     
	   2 Input   17 Bit       Adders := 1     
	   2 Input    4 Bit       Adders := 4     
	   2 Input    3 Bit       Adders := 5     
+---Registers : 
	               27 Bit    Registers := 1     
	               26 Bit    Registers := 1     
	               25 Bit    Registers := 1     
	               24 Bit    Registers := 3     
	               17 Bit    Registers := 1     
	                4 Bit    Registers := 3     
	                3 Bit    Registers := 3     
	                1 Bit    Registers := 17    
+---Muxes : 
	   2 Input   27 Bit        Muxes := 1     
	   2 Input   26 Bit        Muxes := 1     
	   2 Input   24 Bit        Muxes := 6     
	   2 Input   23 Bit        Muxes := 3     
	   2 Input   17 Bit        Muxes := 1     
	   8 Input    8 Bit        Muxes := 1     
	  16 Input    7 Bit        Muxes := 1     
	   2 Input    7 Bit        Muxes := 1     
	   6 Input    6 Bit        Muxes := 1     
	   2 Input    6 Bit        Muxes := 9     
	   2 Input    4 Bit        Muxes := 8     
	  16 Input    4 Bit        Muxes := 1     
	   2 Input    3 Bit        Muxes := 8     
	   2 Input    1 Bit        Muxes := 18    
	   6 Input    1 Bit        Muxes := 2     
---------------------------------------------------------------------------------
Finished RTL Component Statistics 
---------------------------------------------------------------------------------
---------------------------------------------------------------------------------
Start Part Resource Summary
---------------------------------------------------------------------------------
Part Resources:
DSPs: 240 (col length:80)
BRAMs: 270 (col length: RAMB18 80 RAMB36 40)
---------------------------------------------------------------------------------
Finished Part Resource Summary
---------------------------------------------------------------------------------
---------------------------------------------------------------------------------
Start Cross Boundary and Area Optimization
---------------------------------------------------------------------------------
---------------------------------------------------------------------------------
Finished Cross Boundary and Area Optimization : Time (s): cpu = 00:00:20 ; elapsed = 00:00:21 . Memory (MB): peak = 1005.754 ; gain = 5.609
---------------------------------------------------------------------------------
---------------------------------------------------------------------------------
Start Applying XDC Timing Constraints
---------------------------------------------------------------------------------
---------------------------------------------------------------------------------
Finished Applying XDC Timing Constraints : Time (s): cpu = 00:00:27 ; elapsed = 00:00:28 . Memory (MB): peak = 1005.754 ; gain = 5.609
---------------------------------------------------------------------------------
---------------------------------------------------------------------------------
Start Timing Optimization
---------------------------------------------------------------------------------
---------------------------------------------------------------------------------
Finished Timing Optimization : Time (s): cpu = 00:00:27 ; elapsed = 00:00:28 . Memory (MB): peak = 1005.754 ; gain = 5.609
---------------------------------------------------------------------------------
---------------------------------------------------------------------------------
Start Technology Mapping
---------------------------------------------------------------------------------
---------------------------------------------------------------------------------
Finished Technology Mapping : Time (s): cpu = 00:00:27 ; elapsed = 00:00:28 . Memory (MB): peak = 1005.754 ; gain = 5.609
---------------------------------------------------------------------------------
---------------------------------------------------------------------------------
Start IO Insertion
---------------------------------------------------------------------------------
---------------------------------------------------------------------------------
Start Flattening Before IO Insertion
---------------------------------------------------------------------------------
---------------------------------------------------------------------------------
Finished Flattening Before IO Insertion
---------------------------------------------------------------------------------
---------------------------------------------------------------------------------
Start Final Netlist Cleanup
---------------------------------------------------------------------------------
---------------------------------------------------------------------------------
Finished Final Netlist Cleanup
---------------------------------------------------------------------------------
---------------------------------------------------------------------------------
Finished IO Insertion : Time (s): cpu = 00:00:32 ; elapsed = 00:00:33 . Memory (MB): peak = 1005.754 ; gain = 5.609
---------------------------------------------------------------------------------
---------------------------------------------------------------------------------
Start Renaming Generated Instances
---------------------------------------------------------------------------------
---------------------------------------------------------------------------------
Finished Renaming Generated Instances : Time (s): cpu = 00:00:32 ; elapsed = 00:00:33 . Memory (MB): peak = 1005.754 ; gain = 5.609
---------------------------------------------------------------------------------
---------------------------------------------------------------------------------
Start Rebuilding User Hierarchy
---------------------------------------------------------------------------------
---------------------------------------------------------------------------------
Finished Rebuilding User Hierarchy : Time (s): cpu = 00:00:32 ; elapsed = 00:00:33 . Memory (MB): peak = 1005.754 ; gain = 5.609
---------------------------------------------------------------------------------
---------------------------------------------------------------------------------
Start Renaming Generated Ports
---------------------------------------------------------------------------------
---------------------------------------------------------------------------------
Finished Renaming Generated Ports : Time (s): cpu = 00:00:32 ; elapsed = 00:00:33 . Memory (MB): peak = 1005.754 ; gain = 5.609
---------------------------------------------------------------------------------
---------------------------------------------------------------------------------
Start Handling Custom Attributes
---------------------------------------------------------------------------------
---------------------------------------------------------------------------------
Finished Handling Custom Attributes : Time (s): cpu = 00:00:32 ; elapsed = 00:00:33 . Memory (MB): peak = 1005.754 ; gain = 5.609
---------------------------------------------------------------------------------
---------------------------------------------------------------------------------
Start Renaming Generated Nets
---------------------------------------------------------------------------------
---------------------------------------------------------------------------------
Finished Renaming Generated Nets : Time (s): cpu = 00:00:32 ; elapsed = 00:00:33 . Memory (MB): peak = 1005.754 ; gain = 5.609
---------------------------------------------------------------------------------
---------------------------------------------------------------------------------
Start Writing Synthesis Report
---------------------------------------------------------------------------------

Report BlackBoxes: 
+-+--------------+----------+
| |BlackBox name |Instances |
+-+--------------+----------+
+-+--------------+----------+

Report Cell Usage: 
+------+-------+------+
|      |Cell   |Count |
+------+-------+------+
|1     |BUFG   |     1|
|2     |CARRY4 |    42|
|3     |LUT1   |    86|
|4     |LUT2   |    84|
|5     |LUT3   |    18|
|6     |LUT4   |    65|
|7     |LUT5   |    34|
|8     |LUT6   |    38|
|9     |MUXF7  |     2|
|10    |MUXF8  |     1|
|11    |FDCE   |     4|
|12    |FDRE   |   198|
|13    |FDSE   |     9|
|14    |LD     |     1|
|15    |IBUF   |     6|
|16    |OBUF   |    17|
+------+-------+------+
---------------------------------------------------------------------------------
Finished Writing Synthesis Report : Time (s): cpu = 00:00:32 ; elapsed = 00:00:33 . Memory (MB): peak = 1005.754 ; gain = 5.609
---------------------------------------------------------------------------------
Synthesis finished with 0 errors, 0 critical warnings and 1 warnings.
Synthesis Optimization Runtime : Time (s): cpu = 00:00:22 ; elapsed = 00:00:30 . Memory (MB): peak = 1005.754 ; gain = 0.000
Synthesis Optimization Complete : Time (s): cpu = 00:00:32 ; elapsed = 00:00:33 . Memory (MB): peak = 1005.754 ; gain = 5.609
INFO: [Project 1-571] Translating synthesized netlist
Netlist sorting complete. Time (s): cpu = 00:00:00 ; elapsed = 00:00:00.007 . Memory (MB): peak = 1005.754 ; gain = 0.000
INFO: [Netlist 29-17] Analyzing 46 Unisim elements for replacement
INFO: [Netlist 29-28] Unisim Transformation completed in 0 CPU seconds
INFO: [Project 1-570] Preparing netlist for logic optimization
INFO: [Opt 31-138] Pushed 0 inverter(s) to 0 load pin(s).
Netlist sorting complete. Time (s): cpu = 00:00:00 ; elapsed = 00:00:00.001 . Memory (MB): peak = 1008.578 ; gain = 0.000
INFO: [Project 1-111] Unisim Transformation Summary:
  A total of 1 instances were transformed.
  LD => LDCE: 1 instance 

INFO: [Common 17-83] Releasing license: Synthesis
42 Infos, 1 Warnings, 0 Critical Warnings and 0 Errors encountered.
synth_design completed successfully
synth_design: Time (s): cpu = 00:00:39 ; elapsed = 00:00:41 . Memory (MB): peak = 1008.578 ; gain = 8.434
INFO: [Common 17-1381] The checkpoint 'C:/Users/pedra/Desktop/cr/labs/aula4/CountDownTimer/CountDownTimer.runs/synth_1/CountDownTimer_part2.dcp' has been generated.
INFO: [runtcl-4] Executing : report_utilization -file CountDownTimer_part2_utilization_synth.rpt -pb CountDownTimer_part2_utilization_synth.pb
INFO: [Common 17-206] Exiting Vivado at Thu Apr 22 15:14:31 2021...
